# JRE version: OpenJDK Runtime Environment Temurin-21.0.9+10 (21.0.9+10) (build 21.0.9+10-LTS)
# Java VM: OpenJDK 64-Bit Server VM Temurin-21.0.9+10 (21.0.9+10-LTS, mixed mode, sharing, tiered, compressed oops, compressed class ptrs, parallel gc, windows-amd64)
GC Precious Log:
 CardTable entry size: 512
 CPUs: 8 total, 8 available
 Memory: 3406M
 Large Page Support: Disabled
 NUMA Support: Disabled
 Compressed Oops: Enabled (32-bit)
 Alignments: Space 512K, Generation 512K, Heap 2M
 Heap Min Capacity: 100M
 Heap Initial Capacity: 100M
 Heap Max Capacity: 2G
 Pre-touch: Disabled
 Parallel Workers: 8
Heap:
 PSYoungGen      total 11264K, used 11263K [0x00000000d5580000, 0x00000000d6280000, 0x0000000100000000)
  eden space 10240K, 99% used [0x00000000d5580000,0x00000000d5f7ff80,0x00000000d5f80000)
  from space 1024K, 100% used [0x00000000d6080000,0x00000000d6180000,0x00000000d6180000)
  to   space 1024K, 0% used [0x00000000d6180000,0x00000000d6180000,0x00000000d6280000)
 ParOldGen       total 101376K, used 77093K [0x0000000080000000, 0x0000000086300000, 0x00000000d5580000)
  object space 101376K, 76% used [0x0000000080000000,0x0000000084b49790,0x0000000086300000)
 Metaspace       used 61602K, committed 63104K, reserved 1114112K
  class space    used 6562K, committed 7232K, reserved 1048576K
GC Heap History (20 events):
Event: 38.062 GC heap before
{Heap before GC invocations=155 (full 2):
 PSYoungGen      total 10752K, used 10464K [0x00000000d5580000, 0x00000000d6580000, 0x0000000100000000)
  eden space 10240K, 100% used [0x00000000d5580000,0x00000000d5f80000,0x00000000d5f80000)
  from space 512K, 43% used [0x00000000d6500000,0x00000000d6538000,0x00000000d6580000)
  to   space 1024K, 0% used [0x00000000d6380000,0x00000000d6380000,0x00000000d6480000)
 ParOldGen       total 100864K, used 100825K [0x0000000080000000, 0x0000000086280000, 0x00000000d5580000)
  object space 100864K, 99% used [0x0000000080000000,0x0000000086276708,0x0000000086280000)
 Metaspace       used 57744K, committed 59264K, reserved 1114112K
  class space    used 6159K, committed 6848K, reserved 1048576K
}
Event: 38.063 GC heap after
{Heap after GC invocations=155 (full 2):
 PSYoungGen      total 11264K, used 288K [0x00000000d5580000, 0x00000000d6580000, 0x0000000100000000)
  eden space 10240K, 0% used [0x00000000d5580000,0x00000000d5580000,0x00000000d5f80000)
  from space 1024K, 28% used [0x00000000d6380000,0x00000000d63c8000,0x00000000d6480000)
  to   space 512K, 0% used [0x00000000d6500000,0x00000000d6500000,0x00000000d6580000)
 ParOldGen       total 101376K, used 100921K [0x0000000080000000, 0x0000000086300000, 0x00000000d5580000)
  object space 101376K, 99% used [0x0000000080000000,0x000000008628e708,0x0000000086300000)
 Metaspace       used 57744K, committed 59264K, reserved 1114112K
  class space    used 6159K, committed 6848K, reserved 1048576K
}
Event: 38.624 GC heap before
{Heap before GC invocations=156 (full 2):
 PSYoungGen      total 11264K, used 10528K [0x00000000d5580000, 0x00000000d6580000, 0x0000000100000000)
  eden space 10240K, 100% used [0x00000000d5580000,0x00000000d5f80000,0x00000000d5f80000)
  from space 1024K, 28% used [0x00000000d6380000,0x00000000d63c8000,0x00000000d6480000)
  to   space 512K, 0% used [0x00000000d6500000,0x00000000d6500000,0x00000000d6580000)
 ParOldGen       total 101376K, used 100921K [0x0000000080000000, 0x0000000086300000, 0x00000000d5580000)
  object space 101376K, 99% used [0x0000000080000000,0x000000008628e708,0x0000000086300000)
 Metaspace       used 58221K, committed 59648K, reserved 1114112K
  class space    used 6216K, committed 6848K, reserved 1048576K
}
Event: 38.626 GC heap after
{Heap after GC invocations=156 (full 2):
 PSYoungGen      total 10752K, used 256K [0x00000000d5580000, 0x00000000d6580000, 0x0000000100000000)
  eden space 10240K, 0% used [0x00000000d5580000,0x00000000d5580000,0x00000000d5f80000)
  from space 512K, 50% used [0x00000000d6500000,0x00000000d6540000,0x00000000d6580000)
  to   space 512K, 0% used [0x00000000d6480000,0x00000000d6480000,0x00000000d6500000)
 ParOldGen       total 101376K, used 101105K [0x0000000080000000, 0x0000000086300000, 0x00000000d5580000)
  object space 101376K, 99% used [0x0000000080000000,0x00000000862bc708,0x0000000086300000)
 Metaspace       used 58221K, committed 59648K, reserved 1114112K
  class space    used 6216K, committed 6848K, reserved 1048576K
}
Event: 38.680 GC heap before
{Heap before GC invocations=157 (full 2):
 PSYoungGen      total 10752K, used 1602K [0x00000000d5580000, 0x00000000d6580000, 0x0000000100000000)
  eden space 10240K, 13% used [0x00000000d5580000,0x00000000d56d0ad0,0x00000000d5f80000)
  from space 512K, 50% used [0x00000000d6500000,0x00000000d6540000,0x00000000d6580000)
  to   space 512K, 0% used [0x00000000d6480000,0x00000000d6480000,0x00000000d6500000)
 ParOldGen       total 101376K, used 101105K [0x0000000080000000, 0x0000000086300000, 0x00000000d5580000)
  object space 101376K, 99% used [0x0000000080000000,0x00000000862bc708,0x0000000086300000)
 Metaspace       used 58329K, committed 59776K, reserved 1114112K
  class space    used 6220K, committed 6912K, reserved 1048576K
}
Event: 38.682 GC heap after
{Heap after GC invocations=157 (full 2):
 PSYoungGen      total 10752K, used 384K [0x00000000d5580000, 0x00000000d6580000, 0x0000000100000000)
  eden space 10240K, 0% used [0x00000000d5580000,0x00000000d5580000,0x00000000d5f80000)
  from space 512K, 75% used [0x00000000d6480000,0x00000000d64e0010,0x00000000d6500000)
  to   space 512K, 0% used [0x00000000d6500000,0x00000000d6500000,0x00000000d6580000)
 ParOldGen       total 101376K, used 101249K [0x0000000080000000, 0x0000000086300000, 0x00000000d5580000)
  object space 101376K, 99% used [0x0000000080000000,0x00000000862e0708,0x0000000086300000)
 Metaspace       used 58329K, committed 59776K, reserved 1114112K
  class space    used 6220K, committed 6912K, reserved 1048576K
}
Event: 38.682 GC heap before
{Heap before GC invocations=158 (full 3):
 PSYoungGen      total 10752K, used 384K [0x00000000d5580000, 0x00000000d6580000, 0x0000000100000000)
  eden space 10240K, 0% used [0x00000000d5580000,0x00000000d5580000,0x00000000d5f80000)
  from space 512K, 75% used [0x00000000d6480000,0x00000000d64e0010,0x00000000d6500000)
  to   space 512K, 0% used [0x00000000d6500000,0x00000000d6500000,0x00000000d6580000)
 ParOldGen       total 101376K, used 101249K [0x0000000080000000, 0x0000000086300000, 0x00000000d5580000)
  object space 101376K, 99% used [0x0000000080000000,0x00000000862e0708,0x0000000086300000)
 Metaspace       used 58329K, committed 59776K, reserved 1114112K
  class space    used 6220K, committed 6912K, reserved 1048576K
}
Event: 39.080 GC heap after
{Heap after GC invocations=158 (full 3):
 PSYoungGen      total 10752K, used 0K [0x00000000d5580000, 0x00000000d6580000, 0x0000000100000000)
  eden space 10240K, 0% used [0x00000000d5580000,0x00000000d5580000,0x00000000d5f80000)
  from space 512K, 0% used [0x00000000d6480000,0x00000000d6480000,0x00000000d6500000)
  to   space 512K, 0% used [0x00000000d6500000,0x00000000d6500000,0x00000000d6580000)
 ParOldGen       total 101376K, used 72541K [0x0000000080000000, 0x0000000086300000, 0x00000000d5580000)
  object space 101376K, 71% used [0x0000000080000000,0x00000000846d75b8,0x0000000086300000)
 Metaspace       used 58329K, committed 59776K, reserved 1114112K
  class space    used 6220K, committed 6912K, reserved 1048576K
}
Event: 39.312 GC heap before
{Heap before GC invocations=159 (full 3):
 PSYoungGen      total 10752K, used 10239K [0x00000000d5580000, 0x00000000d6580000, 0x0000000100000000)
  eden space 10240K, 99% used [0x00000000d5580000,0x00000000d5f7fff0,0x00000000d5f80000)
  from space 512K, 0% used [0x00000000d6480000,0x00000000d6480000,0x00000000d6500000)
  to   space 512K, 0% used [0x00000000d6500000,0x00000000d6500000,0x00000000d6580000)
 ParOldGen       total 101376K, used 72541K [0x0000000080000000, 0x0000000086300000, 0x00000000d5580000)
  object space 101376K, 71% used [0x0000000080000000,0x00000000846d75b8,0x0000000086300000)
 Metaspace       used 59249K, committed 60736K, reserved 1114112K
  class space    used 6317K, committed 6976K, reserved 1048576K
}
Event: 39.316 GC heap after
{Heap after GC invocations=159 (full 3):
 PSYoungGen      total 10752K, used 502K [0x00000000d5580000, 0x00000000d6580000, 0x0000000100000000)
  eden space 10240K, 0% used [0x00000000d5580000,0x00000000d5580000,0x00000000d5f80000)
  from space 512K, 98% used [0x00000000d6500000,0x00000000d657db28,0x00000000d6580000)
  to   space 2560K, 0% used [0x00000000d6080000,0x00000000d6080000,0x00000000d6300000)
 ParOldGen       total 101376K, used 74264K [0x0000000080000000, 0x0000000086300000, 0x00000000d5580000)
  object space 101376K, 73% used [0x0000000080000000,0x0000000084886178,0x0000000086300000)
 Metaspace       used 59249K, committed 60736K, reserved 1114112K
  class space    used 6317K, committed 6976K, reserved 1048576K
}
Event: 39.357 GC heap before
{Heap before GC invocations=160 (full 3):
 PSYoungGen      total 10752K, used 10742K [0x00000000d5580000, 0x00000000d6580000, 0x0000000100000000)
  eden space 10240K, 100% used [0x00000000d5580000,0x00000000d5f80000,0x00000000d5f80000)
  from space 512K, 98% used [0x00000000d6500000,0x00000000d657db28,0x00000000d6580000)
  to   space 2560K, 0% used [0x00000000d6080000,0x00000000d6080000,0x00000000d6300000)
 ParOldGen       total 101376K, used 74264K [0x0000000080000000, 0x0000000086300000, 0x00000000d5580000)
  object space 101376K, 73% used [0x0000000080000000,0x0000000084886178,0x0000000086300000)
 Metaspace       used 59253K, committed 60736K, reserved 1114112K
  class space    used 6317K, committed 6976K, reserved 1048576K
}
Event: 39.364 GC heap after
{Heap after GC invocations=160 (full 3):
 PSYoungGen      total 12800K, used 1990K [0x00000000d5580000, 0x00000000d6580000, 0x0000000100000000)
  eden space 10240K, 0% used [0x00000000d5580000,0x00000000d5580000,0x00000000d5f80000)
  from space 2560K, 77% used [0x00000000d6080000,0x00000000d6271b00,0x00000000d6300000)
  to   space 2560K, 0% used [0x00000000d6300000,0x00000000d6300000,0x00000000d6580000)
 ParOldGen       total 101376K, used 74783K [0x0000000080000000, 0x0000000086300000, 0x00000000d5580000)
  object space 101376K, 73% used [0x0000000080000000,0x0000000084907ca0,0x0000000086300000)
 Metaspace       used 59253K, committed 60736K, reserved 1114112K
  class space    used 6317K, committed 6976K, reserved 1048576K
}
Event: 39.441 GC heap before
{Heap before GC invocations=161 (full 3):
 PSYoungGen      total 12800K, used 12230K [0x00000000d5580000, 0x00000000d6580000, 0x0000000100000000)
  eden space 10240K, 100% used [0x00000000d5580000,0x00000000d5f80000,0x00000000d5f80000)
  from space 2560K, 77% used [0x00000000d6080000,0x00000000d6271b00,0x00000000d6300000)
  to   space 2560K, 0% used [0x00000000d6300000,0x00000000d6300000,0x00000000d6580000)
 ParOldGen       total 101376K, used 74783K [0x0000000080000000, 0x0000000086300000, 0x00000000d5580000)
  object space 101376K, 73% used [0x0000000080000000,0x0000000084907ca0,0x0000000086300000)
 Metaspace       used 59334K, committed 60800K, reserved 1114112K
  class space    used 6322K, committed 6976K, reserved 1048576K
}
Event: 39.444 GC heap after
{Heap after GC invocations=161 (full 3):
 PSYoungGen      total 11776K, used 1385K [0x00000000d5580000, 0x00000000d6480000, 0x0000000100000000)
  eden space 10240K, 0% used [0x00000000d5580000,0x00000000d5580000,0x00000000d5f80000)
  from space 1536K, 90% used [0x00000000d6300000,0x00000000d645a400,0x00000000d6480000)
  to   space 2048K, 0% used [0x00000000d6080000,0x00000000d6080000,0x00000000d6280000)
 ParOldGen       total 101376K, used 75696K [0x0000000080000000, 0x0000000086300000, 0x00000000d5580000)
  object space 101376K, 74% used [0x0000000080000000,0x00000000849ec010,0x0000000086300000)
 Metaspace       used 59334K, committed 60800K, reserved 1114112K
  class space    used 6322K, committed 6976K, reserved 1048576K
}
Event: 39.499 GC heap before
{Heap before GC invocations=162 (full 3):
 PSYoungGen      total 11776K, used 11625K [0x00000000d5580000, 0x00000000d6480000, 0x0000000100000000)
  eden space 10240K, 100% used [0x00000000d5580000,0x00000000d5f80000,0x00000000d5f80000)
  from space 1536K, 90% used [0x00000000d6300000,0x00000000d645a400,0x00000000d6480000)
  to   space 2048K, 0% used [0x00000000d6080000,0x00000000d6080000,0x00000000d6280000)
 ParOldGen       total 101376K, used 75696K [0x0000000080000000, 0x0000000086300000, 0x00000000d5580000)
  object space 101376K, 74% used [0x0000000080000000,0x00000000849ec010,0x0000000086300000)
 Metaspace       used 59466K, committed 60928K, reserved 1114112K
  class space    used 6350K, committed 6976K, reserved 1048576K
}
Event: 39.504 GC heap after
{Heap after GC invocations=162 (full 3):
 PSYoungGen      total 11264K, used 989K [0x00000000d5580000, 0x00000000d6380000, 0x0000000100000000)
  eden space 10240K, 0% used [0x00000000d5580000,0x00000000d5580000,0x00000000d5f80000)
  from space 1024K, 96% used [0x00000000d6080000,0x00000000d6177428,0x00000000d6180000)
  to   space 1536K, 0% used [0x00000000d6200000,0x00000000d6200000,0x00000000d6380000)
 ParOldGen       total 101376K, used 76568K [0x0000000080000000, 0x0000000086300000, 0x00000000d5580000)
  object space 101376K, 75% used [0x0000000080000000,0x0000000084ac6020,0x0000000086300000)
 Metaspace       used 59466K, committed 60928K, reserved 1114112K
  class space    used 6350K, committed 6976K, reserved 1048576K
}
Event: 39.559 GC heap before
{Heap before GC invocations=163 (full 3):
 PSYoungGen      total 11264K, used 11229K [0x00000000d5580000, 0x00000000d6380000, 0x0000000100000000)
  eden space 10240K, 100% used [0x00000000d5580000,0x00000000d5f80000,0x00000000d5f80000)
  from space 1024K, 96% used [0x00000000d6080000,0x00000000d6177428,0x00000000d6180000)
  to   space 1536K, 0% used [0x00000000d6200000,0x00000000d6200000,0x00000000d6380000)
 ParOldGen       total 101376K, used 76568K [0x0000000080000000, 0x0000000086300000, 0x00000000d5580000)
  object space 101376K, 75% used [0x0000000080000000,0x0000000084ac6020,0x0000000086300000)
 Metaspace       used 59473K, committed 60928K, reserved 1114112K
  class space    used 6350K, committed 6976K, reserved 1048576K
}
Event: 39.562 GC heap after
{Heap after GC invocations=163 (full 3):
 PSYoungGen      total 11264K, used 938K [0x00000000d5580000, 0x00000000d6300000, 0x0000000100000000)
  eden space 10240K, 0% used [0x00000000d5580000,0x00000000d5580000,0x00000000d5f80000)
  from space 1024K, 91% used [0x00000000d6200000,0x00000000d62eab50,0x00000000d6300000)
  to   space 1024K, 0% used [0x00000000d6080000,0x00000000d6080000,0x00000000d6180000)
 ParOldGen       total 101376K, used 76768K [0x0000000080000000, 0x0000000086300000, 0x00000000d5580000)
  object space 101376K, 75% used [0x0000000080000000,0x0000000084af8030,0x0000000086300000)
 Metaspace       used 59473K, committed 60928K, reserved 1114112K
  class space    used 6350K, committed 6976K, reserved 1048576K
}
Event: 39.764 GC heap before
{Heap before GC invocations=164 (full 3):
 PSYoungGen      total 11264K, used 11178K [0x00000000d5580000, 0x00000000d6300000, 0x0000000100000000)
  eden space 10240K, 100% used [0x00000000d5580000,0x00000000d5f80000,0x00000000d5f80000)
  from space 1024K, 91% used [0x00000000d6200000,0x00000000d62eab50,0x00000000d6300000)
  to   space 1024K, 0% used [0x00000000d6080000,0x00000000d6080000,0x00000000d6180000)
 ParOldGen       total 101376K, used 76768K [0x0000000080000000, 0x0000000086300000, 0x00000000d5580000)
  object space 101376K, 75% used [0x0000000080000000,0x0000000084af8030,0x0000000086300000)
 Metaspace       used 60398K, committed 61888K, reserved 1114112K
  class space    used 6430K, committed 7104K, reserved 1048576K
}
Event: 39.768 GC heap after
{Heap after GC invocations=164 (full 3):
 PSYoungGen      total 11264K, used 1024K [0x00000000d5580000, 0x00000000d6280000, 0x0000000100000000)
  eden space 10240K, 0% used [0x00000000d5580000,0x00000000d5580000,0x00000000d5f80000)
  from space 1024K, 100% used [0x00000000d6080000,0x00000000d6180000,0x00000000d6180000)
  to   space 1024K, 0% used [0x00000000d6180000,0x00000000d6180000,0x00000000d6280000)
 ParOldGen       total 101376K, used 77093K [0x0000000080000000, 0x0000000086300000, 0x00000000d5580000)
  object space 101376K, 76% used [0x0000000080000000,0x0000000084b49790,0x0000000086300000)
 Metaspace       used 60398K, committed 61888K, reserved 1114112K
  class space    used 6430K, committed 7104K, reserved 1048576K
}

