# JRE version: OpenJDK Runtime Environment Temurin-21.0.9+10 (21.0.9+10) (build 21.0.9+10-LTS)
# Java VM: OpenJDK 64-Bit Server VM Temurin-21.0.9+10 (21.0.9+10-LTS, mixed mode, sharing, tiered, compressed oops, compressed class ptrs, parallel gc, windows-amd64)
GC Precious Log:
 CardTable entry size: 512
 CPUs: 8 total, 8 available
 Memory: 3406M
 Large Page Support: Disabled
 NUMA Support: Disabled
 Compressed Oops: Enabled (32-bit)
 Alignments: Space 512K, Generation 512K, Heap 2M
 Heap Min Capacity: 100M
 Heap Initial Capacity: 100M
 Heap Max Capacity: 2G
 Pre-touch: Disabled
 Parallel Workers: 8
Heap:
 PSYoungGen      total 7168K, used 2248K [0x00000000d5580000, 0x00000000d6000000, 0x0000000100000000)
  eden space 6656K, 29% used [0x00000000d5580000,0x00000000d576a028,0x00000000d5c00000)
  from space 512K, 56% used [0x00000000d5f00000,0x00000000d5f48000,0x00000000d5f80000)
  to   space 512K, 0% used [0x00000000d5f80000,0x00000000d5f80000,0x00000000d6000000)
 ParOldGen       total 70656K, used 61830K [0x0000000080000000, 0x0000000084500000, 0x00000000d5580000)
  object space 70656K, 87% used [0x0000000080000000,0x0000000083c61b50,0x0000000084500000)
 Metaspace       used 64411K, committed 65984K, reserved 1114112K
  class space    used 6927K, committed 7616K, reserved 1048576K
GC Heap History (20 events):
Event: 49.674 GC heap before
{Heap before GC invocations=87 (full 3):
 PSYoungGen      total 8704K, used 8448K [0x00000000d5580000, 0x00000000d6300000, 0x0000000100000000)
  eden space 6656K, 100% used [0x00000000d5580000,0x00000000d5c00000,0x00000000d5c00000)
  from space 2048K, 87% used [0x00000000d5c00000,0x00000000d5dc0010,0x00000000d5e00000)
  to   space 3584K, 0% used [0x00000000d5f80000,0x00000000d5f80000,0x00000000d6300000)
 ParOldGen       total 70656K, used 58791K [0x0000000080000000, 0x0000000084500000, 0x00000000d5580000)
  object space 70656K, 83% used [0x0000000080000000,0x0000000083969f00,0x0000000084500000)
 Metaspace       used 60956K, committed 62464K, reserved 1114112K
  class space    used 6478K, committed 7104K, reserved 1048576K
}
Event: 49.680 GC heap after
{Heap after GC invocations=87 (full 3):
 PSYoungGen      total 7168K, used 224K [0x00000000d5580000, 0x00000000d6000000, 0x0000000100000000)
  eden space 6656K, 0% used [0x00000000d5580000,0x00000000d5580000,0x00000000d5c00000)
  from space 512K, 43% used [0x00000000d5f80000,0x00000000d5fb8000,0x00000000d6000000)
  to   space 1024K, 0% used [0x00000000d5e00000,0x00000000d5e00000,0x00000000d5f00000)
 ParOldGen       total 70656K, used 60423K [0x0000000080000000, 0x0000000084500000, 0x00000000d5580000)
  object space 70656K, 85% used [0x0000000080000000,0x0000000083b01f10,0x0000000084500000)
 Metaspace       used 60956K, committed 62464K, reserved 1114112K
  class space    used 6478K, committed 7104K, reserved 1048576K
}
Event: 50.166 GC heap before
{Heap before GC invocations=88 (full 3):
 PSYoungGen      total 7168K, used 6880K [0x00000000d5580000, 0x00000000d6000000, 0x0000000100000000)
  eden space 6656K, 100% used [0x00000000d5580000,0x00000000d5c00000,0x00000000d5c00000)
  from space 512K, 43% used [0x00000000d5f80000,0x00000000d5fb8000,0x00000000d6000000)
  to   space 1024K, 0% used [0x00000000d5e00000,0x00000000d5e00000,0x00000000d5f00000)
 ParOldGen       total 70656K, used 60423K [0x0000000080000000, 0x0000000084500000, 0x00000000d5580000)
  object space 70656K, 85% used [0x0000000080000000,0x0000000083b01f10,0x0000000084500000)
 Metaspace       used 60975K, committed 62528K, reserved 1114112K
  class space    used 6478K, committed 7104K, reserved 1048576K
}
Event: 50.167 GC heap after
{Heap after GC invocations=88 (full 3):
 PSYoungGen      total 7680K, used 256K [0x00000000d5580000, 0x00000000d6000000, 0x0000000100000000)
  eden space 6656K, 0% used [0x00000000d5580000,0x00000000d5580000,0x00000000d5c00000)
  from space 1024K, 25% used [0x00000000d5e00000,0x00000000d5e40000,0x00000000d5f00000)
  to   space 512K, 0% used [0x00000000d5f80000,0x00000000d5f80000,0x00000000d6000000)
 ParOldGen       total 70656K, used 60575K [0x0000000080000000, 0x0000000084500000, 0x00000000d5580000)
  object space 70656K, 85% used [0x0000000080000000,0x0000000083b27f10,0x0000000084500000)
 Metaspace       used 60975K, committed 62528K, reserved 1114112K
  class space    used 6478K, committed 7104K, reserved 1048576K
}
Event: 50.897 GC heap before
{Heap before GC invocations=89 (full 3):
 PSYoungGen      total 7680K, used 6912K [0x00000000d5580000, 0x00000000d6000000, 0x0000000100000000)
  eden space 6656K, 100% used [0x00000000d5580000,0x00000000d5c00000,0x00000000d5c00000)
  from space 1024K, 25% used [0x00000000d5e00000,0x00000000d5e40000,0x00000000d5f00000)
  to   space 512K, 0% used [0x00000000d5f80000,0x00000000d5f80000,0x00000000d6000000)
 ParOldGen       total 70656K, used 60575K [0x0000000080000000, 0x0000000084500000, 0x00000000d5580000)
  object space 70656K, 85% used [0x0000000080000000,0x0000000083b27f10,0x0000000084500000)
 Metaspace       used 61070K, committed 62592K, reserved 1114112K
  class space    used 6490K, committed 7104K, reserved 1048576K
}
Event: 50.898 GC heap after
{Heap after GC invocations=89 (full 3):
 PSYoungGen      total 7168K, used 224K [0x00000000d5580000, 0x00000000d6000000, 0x0000000100000000)
  eden space 6656K, 0% used [0x00000000d5580000,0x00000000d5580000,0x00000000d5c00000)
  from space 512K, 43% used [0x00000000d5f80000,0x00000000d5fb8000,0x00000000d6000000)
  to   space 512K, 0% used [0x00000000d5f00000,0x00000000d5f00000,0x00000000d5f80000)
 ParOldGen       total 70656K, used 60591K [0x0000000080000000, 0x0000000084500000, 0x00000000d5580000)
  object space 70656K, 85% used [0x0000000080000000,0x0000000083b2bf10,0x0000000084500000)
 Metaspace       used 61070K, committed 62592K, reserved 1114112K
  class space    used 6490K, committed 7104K, reserved 1048576K
}
Event: 51.201 GC heap before
{Heap before GC invocations=90 (full 3):
 PSYoungGen      total 7168K, used 6880K [0x00000000d5580000, 0x00000000d6000000, 0x0000000100000000)
  eden space 6656K, 100% used [0x00000000d5580000,0x00000000d5c00000,0x00000000d5c00000)
  from space 512K, 43% used [0x00000000d5f80000,0x00000000d5fb8000,0x00000000d6000000)
  to   space 512K, 0% used [0x00000000d5f00000,0x00000000d5f00000,0x00000000d5f80000)
 ParOldGen       total 70656K, used 60591K [0x0000000080000000, 0x0000000084500000, 0x00000000d5580000)
  object space 70656K, 85% used [0x0000000080000000,0x0000000083b2bf10,0x0000000084500000)
 Metaspace       used 62220K, committed 63680K, reserved 1114112K
  class space    used 6594K, committed 7168K, reserved 1048576K
}
Event: 51.203 GC heap after
{Heap after GC invocations=90 (full 3):
 PSYoungGen      total 7168K, used 337K [0x00000000d5580000, 0x00000000d6000000, 0x0000000100000000)
  eden space 6656K, 0% used [0x00000000d5580000,0x00000000d5580000,0x00000000d5c00000)
  from space 512K, 65% used [0x00000000d5f00000,0x00000000d5f545c8,0x00000000d5f80000)
  to   space 512K, 0% used [0x00000000d5f80000,0x00000000d5f80000,0x00000000d6000000)
 ParOldGen       total 70656K, used 60687K [0x0000000080000000, 0x0000000084500000, 0x00000000d5580000)
  object space 70656K, 85% used [0x0000000080000000,0x0000000083b43f10,0x0000000084500000)
 Metaspace       used 62220K, committed 63680K, reserved 1114112K
  class space    used 6594K, committed 7168K, reserved 1048576K
}
Event: 51.399 GC heap before
{Heap before GC invocations=91 (full 3):
 PSYoungGen      total 7168K, used 6993K [0x00000000d5580000, 0x00000000d6000000, 0x0000000100000000)
  eden space 6656K, 100% used [0x00000000d5580000,0x00000000d5c00000,0x00000000d5c00000)
  from space 512K, 65% used [0x00000000d5f00000,0x00000000d5f545c8,0x00000000d5f80000)
  to   space 512K, 0% used [0x00000000d5f80000,0x00000000d5f80000,0x00000000d6000000)
 ParOldGen       total 70656K, used 60687K [0x0000000080000000, 0x0000000084500000, 0x00000000d5580000)
  object space 70656K, 85% used [0x0000000080000000,0x0000000083b43f10,0x0000000084500000)
 Metaspace       used 62989K, committed 64448K, reserved 1114112K
  class space    used 6708K, committed 7296K, reserved 1048576K
}
Event: 51.402 GC heap after
{Heap after GC invocations=91 (full 3):
 PSYoungGen      total 7168K, used 304K [0x00000000d5580000, 0x00000000d6000000, 0x0000000100000000)
  eden space 6656K, 0% used [0x00000000d5580000,0x00000000d5580000,0x00000000d5c00000)
  from space 512K, 59% used [0x00000000d5f80000,0x00000000d5fcc010,0x00000000d6000000)
  to   space 512K, 0% used [0x00000000d5f00000,0x00000000d5f00000,0x00000000d5f80000)
 ParOldGen       total 70656K, used 60918K [0x0000000080000000, 0x0000000084500000, 0x00000000d5580000)
  object space 70656K, 86% used [0x0000000080000000,0x0000000083b7daf0,0x0000000084500000)
 Metaspace       used 62989K, committed 64448K, reserved 1114112K
  class space    used 6708K, committed 7296K, reserved 1048576K
}
Event: 51.619 GC heap before
{Heap before GC invocations=92 (full 3):
 PSYoungGen      total 7168K, used 6954K [0x00000000d5580000, 0x00000000d6000000, 0x0000000100000000)
  eden space 6656K, 99% used [0x00000000d5580000,0x00000000d5bfe868,0x00000000d5c00000)
  from space 512K, 59% used [0x00000000d5f80000,0x00000000d5fcc010,0x00000000d6000000)
  to   space 512K, 0% used [0x00000000d5f00000,0x00000000d5f00000,0x00000000d5f80000)
 ParOldGen       total 70656K, used 60918K [0x0000000080000000, 0x0000000084500000, 0x00000000d5580000)
  object space 70656K, 86% used [0x0000000080000000,0x0000000083b7daf0,0x0000000084500000)
 Metaspace       used 63564K, committed 65024K, reserved 1114112K
  class space    used 6838K, committed 7424K, reserved 1048576K
}
Event: 51.620 GC heap after
{Heap after GC invocations=92 (full 3):
 PSYoungGen      total 7168K, used 288K [0x00000000d5580000, 0x00000000d6000000, 0x0000000100000000)
  eden space 6656K, 0% used [0x00000000d5580000,0x00000000d5580000,0x00000000d5c00000)
  from space 512K, 56% used [0x00000000d5f00000,0x00000000d5f48000,0x00000000d5f80000)
  to   space 512K, 0% used [0x00000000d5f80000,0x00000000d5f80000,0x00000000d6000000)
 ParOldGen       total 70656K, used 61078K [0x0000000080000000, 0x0000000084500000, 0x00000000d5580000)
  object space 70656K, 86% used [0x0000000080000000,0x0000000083ba5b20,0x0000000084500000)
 Metaspace       used 63564K, committed 65024K, reserved 1114112K
  class space    used 6838K, committed 7424K, reserved 1048576K
}
Event: 72.774 GC heap before
{Heap before GC invocations=93 (full 3):
 PSYoungGen      total 7168K, used 6944K [0x00000000d5580000, 0x00000000d6000000, 0x0000000100000000)
  eden space 6656K, 100% used [0x00000000d5580000,0x00000000d5c00000,0x00000000d5c00000)
  from space 512K, 56% used [0x00000000d5f00000,0x00000000d5f48000,0x00000000d5f80000)
  to   space 512K, 0% used [0x00000000d5f80000,0x00000000d5f80000,0x00000000d6000000)
 ParOldGen       total 70656K, used 61078K [0x0000000080000000, 0x0000000084500000, 0x00000000d5580000)
  object space 70656K, 86% used [0x0000000080000000,0x0000000083ba5b20,0x0000000084500000)
 Metaspace       used 64326K, committed 65920K, reserved 1114112K
  class space    used 6915K, committed 7552K, reserved 1048576K
}
Event: 72.781 GC heap after
{Heap after GC invocations=93 (full 3):
 PSYoungGen      total 7168K, used 448K [0x00000000d5580000, 0x00000000d6000000, 0x0000000100000000)
  eden space 6656K, 0% used [0x00000000d5580000,0x00000000d5580000,0x00000000d5c00000)
  from space 512K, 87% used [0x00000000d5f80000,0x00000000d5ff0000,0x00000000d6000000)
  to   space 512K, 0% used [0x00000000d5f00000,0x00000000d5f00000,0x00000000d5f80000)
 ParOldGen       total 70656K, used 61198K [0x0000000080000000, 0x0000000084500000, 0x00000000d5580000)
  object space 70656K, 86% used [0x0000000080000000,0x0000000083bc3b20,0x0000000084500000)
 Metaspace       used 64326K, committed 65920K, reserved 1114112K
  class space    used 6915K, committed 7552K, reserved 1048576K
}
Event: 72.935 GC heap before
{Heap before GC invocations=94 (full 3):
 PSYoungGen      total 7168K, used 6977K [0x00000000d5580000, 0x00000000d6000000, 0x0000000100000000)
  eden space 6656K, 98% used [0x00000000d5580000,0x00000000d5be0480,0x00000000d5c00000)
  from space 512K, 87% used [0x00000000d5f80000,0x00000000d5ff0000,0x00000000d6000000)
  to   space 512K, 0% used [0x00000000d5f00000,0x00000000d5f00000,0x00000000d5f80000)
 ParOldGen       total 70656K, used 61198K [0x0000000080000000, 0x0000000084500000, 0x00000000d5580000)
  object space 70656K, 86% used [0x0000000080000000,0x0000000083bc3b20,0x0000000084500000)
 Metaspace       used 64328K, committed 65920K, reserved 1114112K
  class space    used 6915K, committed 7552K, reserved 1048576K
}
Event: 72.938 GC heap after
{Heap after GC invocations=94 (full 3):
 PSYoungGen      total 7168K, used 256K [0x00000000d5580000, 0x00000000d6000000, 0x0000000100000000)
  eden space 6656K, 0% used [0x00000000d5580000,0x00000000d5580000,0x00000000d5c00000)
  from space 512K, 50% used [0x00000000d5f00000,0x00000000d5f40000,0x00000000d5f80000)
  to   space 512K, 0% used [0x00000000d5f80000,0x00000000d5f80000,0x00000000d6000000)
 ParOldGen       total 70656K, used 61582K [0x0000000080000000, 0x0000000084500000, 0x00000000d5580000)
  object space 70656K, 87% used [0x0000000080000000,0x0000000083c23b30,0x0000000084500000)
 Metaspace       used 64328K, committed 65920K, reserved 1114112K
  class space    used 6915K, committed 7552K, reserved 1048576K
}
Event: 99.724 GC heap before
{Heap before GC invocations=95 (full 3):
 PSYoungGen      total 7168K, used 6912K [0x00000000d5580000, 0x00000000d6000000, 0x0000000100000000)
  eden space 6656K, 100% used [0x00000000d5580000,0x00000000d5c00000,0x00000000d5c00000)
  from space 512K, 50% used [0x00000000d5f00000,0x00000000d5f40000,0x00000000d5f80000)
  to   space 512K, 0% used [0x00000000d5f80000,0x00000000d5f80000,0x00000000d6000000)
 ParOldGen       total 70656K, used 61582K [0x0000000080000000, 0x0000000084500000, 0x00000000d5580000)
  object space 70656K, 87% used [0x0000000080000000,0x0000000083c23b30,0x0000000084500000)
 Metaspace       used 64400K, committed 65984K, reserved 1114112K
  class space    used 6927K, committed 7616K, reserved 1048576K
}
Event: 99.759 GC heap after
{Heap after GC invocations=95 (full 3):
 PSYoungGen      total 7168K, used 352K [0x00000000d5580000, 0x00000000d6000000, 0x0000000100000000)
  eden space 6656K, 0% used [0x00000000d5580000,0x00000000d5580000,0x00000000d5c00000)
  from space 512K, 68% used [0x00000000d5f80000,0x00000000d5fd8020,0x00000000d6000000)
  to   space 512K, 0% used [0x00000000d5f00000,0x00000000d5f00000,0x00000000d5f80000)
 ParOldGen       total 70656K, used 61646K [0x0000000080000000, 0x0000000084500000, 0x00000000d5580000)
  object space 70656K, 87% used [0x0000000080000000,0x0000000083c33b30,0x0000000084500000)
 Metaspace       used 64400K, committed 65984K, reserved 1114112K
  class space    used 6927K, committed 7616K, reserved 1048576K
}
Event: 101.581 GC heap before
{Heap before GC invocations=96 (full 3):
 PSYoungGen      total 7168K, used 6960K [0x00000000d5580000, 0x00000000d6000000, 0x0000000100000000)
  eden space 6656K, 99% used [0x00000000d5580000,0x00000000d5bf4190,0x00000000d5c00000)
  from space 512K, 68% used [0x00000000d5f80000,0x00000000d5fd8020,0x00000000d6000000)
  to   space 512K, 0% used [0x00000000d5f00000,0x00000000d5f00000,0x00000000d5f80000)
 ParOldGen       total 70656K, used 61646K [0x0000000080000000, 0x0000000084500000, 0x00000000d5580000)
  object space 70656K, 87% used [0x0000000080000000,0x0000000083c33b30,0x0000000084500000)
 Metaspace       used 64411K, committed 65984K, reserved 1114112K
  class space    used 6927K, committed 7616K, reserved 1048576K
}
Event: 101.587 GC heap after
{Heap after GC invocations=96 (full 3):
 PSYoungGen      total 7168K, used 288K [0x00000000d5580000, 0x00000000d6000000, 0x0000000100000000)
  eden space 6656K, 0% used [0x00000000d5580000,0x00000000d5580000,0x00000000d5c00000)
  from space 512K, 56% used [0x00000000d5f00000,0x00000000d5f48000,0x00000000d5f80000)
  to   space 512K, 0% used [0x00000000d5f80000,0x00000000d5f80000,0x00000000d6000000)
 ParOldGen       total 70656K, used 61830K [0x0000000080000000, 0x0000000084500000, 0x00000000d5580000)
  object space 70656K, 87% used [0x0000000080000000,0x0000000083c61b50,0x0000000084500000)
 Metaspace       used 64411K, committed 65984K, reserved 1114112K
  class space    used 6927K, committed 7616K, reserved 1048576K
}

