# JRE version: OpenJDK Runtime Environment Temurin-21.0.9+10 (21.0.9+10) (build 21.0.9+10-LTS)
# Java VM: OpenJDK 64-Bit Server VM Temurin-21.0.9+10 (21.0.9+10-LTS, mixed mode, sharing, tiered, compressed oops, compressed class ptrs, parallel gc, windows-amd64)
GC Precious Log:
 CardTable entry size: 512
 CPUs: 8 total, 8 available
 Memory: 3406M
 Large Page Support: Disabled
 NUMA Support: Disabled
 Compressed Oops: Enabled (32-bit)
 Alignments: Space 512K, Generation 512K, Heap 2M
 Heap Min Capacity: 100M
 Heap Initial Capacity: 100M
 Heap Max Capacity: 2G
 Pre-touch: Disabled
 Parallel Workers: 8
Heap:
 PSYoungGen      total 13312K, used 11748K [0x00000000d5580000, 0x00000000d6880000, 0x0000000100000000)
  eden space 12800K, 89% used [0x00000000d5580000,0x00000000d60b1008,0x00000000d6200000)
  from space 512K, 56% used [0x00000000d6780000,0x00000000d67c8000,0x00000000d6800000)
  to   space 512K, 0% used [0x00000000d6800000,0x00000000d6800000,0x00000000d6880000)
 ParOldGen       total 169472K, used 169300K [0x0000000080000000, 0x000000008a580000, 0x00000000d5580000)
  object space 169472K, 99% used [0x0000000080000000,0x000000008a555308,0x000000008a580000)
 Metaspace       used 66602K, committed 68224K, reserved 1114112K
  class space    used 6884K, committed 7616K, reserved 1048576K
GC Heap History (20 events):
Event: 5564.710 GC heap before
{Heap before GC invocations=191 (full 3):
 PSYoungGen      total 13312K, used 13216K [0x00000000d5580000, 0x00000000d6880000, 0x0000000100000000)
  eden space 12800K, 100% used [0x00000000d5580000,0x00000000d6200000,0x00000000d6200000)
  from space 512K, 81% used [0x00000000d6780000,0x00000000d67e8020,0x00000000d6800000)
  to   space 512K, 0% used [0x00000000d6800000,0x00000000d6800000,0x00000000d6880000)
 ParOldGen       total 168960K, used 168708K [0x0000000080000000, 0x000000008a500000, 0x00000000d5580000)
  object space 168960K, 99% used [0x0000000080000000,0x000000008a4c12a8,0x000000008a500000)
 Metaspace       used 66506K, committed 68096K, reserved 1114112K
  class space    used 6883K, committed 7616K, reserved 1048576K
}
Event: 5564.713 GC heap after
{Heap after GC invocations=191 (full 3):
 PSYoungGen      total 13312K, used 368K [0x00000000d5580000, 0x00000000d6880000, 0x0000000100000000)
  eden space 12800K, 0% used [0x00000000d5580000,0x00000000d5580000,0x00000000d6200000)
  from space 512K, 71% used [0x00000000d6800000,0x00000000d685c030,0x00000000d6880000)
  to   space 512K, 0% used [0x00000000d6780000,0x00000000d6780000,0x00000000d6800000)
 ParOldGen       total 168960K, used 168828K [0x0000000080000000, 0x000000008a500000, 0x00000000d5580000)
  object space 168960K, 99% used [0x0000000080000000,0x000000008a4df2d8,0x000000008a500000)
 Metaspace       used 66506K, committed 68096K, reserved 1114112K
  class space    used 6883K, committed 7616K, reserved 1048576K
}
Event: 5573.385 GC heap before
{Heap before GC invocations=192 (full 3):
 PSYoungGen      total 13312K, used 13168K [0x00000000d5580000, 0x00000000d6880000, 0x0000000100000000)
  eden space 12800K, 100% used [0x00000000d5580000,0x00000000d6200000,0x00000000d6200000)
  from space 512K, 71% used [0x00000000d6800000,0x00000000d685c030,0x00000000d6880000)
  to   space 512K, 0% used [0x00000000d6780000,0x00000000d6780000,0x00000000d6800000)
 ParOldGen       total 168960K, used 168828K [0x0000000080000000, 0x000000008a500000, 0x00000000d5580000)
  object space 168960K, 99% used [0x0000000080000000,0x000000008a4df2d8,0x000000008a500000)
 Metaspace       used 66508K, committed 68096K, reserved 1114112K
  class space    used 6883K, committed 7616K, reserved 1048576K
}
Event: 5573.389 GC heap after
{Heap after GC invocations=192 (full 3):
 PSYoungGen      total 13312K, used 288K [0x00000000d5580000, 0x00000000d6880000, 0x0000000100000000)
  eden space 12800K, 0% used [0x00000000d5580000,0x00000000d5580000,0x00000000d6200000)
  from space 512K, 56% used [0x00000000d6780000,0x00000000d67c8000,0x00000000d6800000)
  to   space 512K, 0% used [0x00000000d6800000,0x00000000d6800000,0x00000000d6880000)
 ParOldGen       total 169472K, used 168964K [0x0000000080000000, 0x000000008a580000, 0x00000000d5580000)
  object space 169472K, 99% used [0x0000000080000000,0x000000008a501308,0x000000008a580000)
 Metaspace       used 66508K, committed 68096K, reserved 1114112K
  class space    used 6883K, committed 7616K, reserved 1048576K
}
Event: 5582.927 GC heap before
{Heap before GC invocations=193 (full 3):
 PSYoungGen      total 13312K, used 13088K [0x00000000d5580000, 0x00000000d6880000, 0x0000000100000000)
  eden space 12800K, 100% used [0x00000000d5580000,0x00000000d6200000,0x00000000d6200000)
  from space 512K, 56% used [0x00000000d6780000,0x00000000d67c8000,0x00000000d6800000)
  to   space 512K, 0% used [0x00000000d6800000,0x00000000d6800000,0x00000000d6880000)
 ParOldGen       total 169472K, used 168964K [0x0000000080000000, 0x000000008a580000, 0x00000000d5580000)
  object space 169472K, 99% used [0x0000000080000000,0x000000008a501308,0x000000008a580000)
 Metaspace       used 66513K, committed 68096K, reserved 1114112K
  class space    used 6883K, committed 7616K, reserved 1048576K
}
Event: 5582.939 GC heap after
{Heap after GC invocations=193 (full 3):
 PSYoungGen      total 13312K, used 368K [0x00000000d5580000, 0x00000000d6880000, 0x0000000100000000)
  eden space 12800K, 0% used [0x00000000d5580000,0x00000000d5580000,0x00000000d6200000)
  from space 512K, 71% used [0x00000000d6800000,0x00000000d685c010,0x00000000d6880000)
  to   space 512K, 0% used [0x00000000d6780000,0x00000000d6780000,0x00000000d6800000)
 ParOldGen       total 169472K, used 169012K [0x0000000080000000, 0x000000008a580000, 0x00000000d5580000)
  object space 169472K, 99% used [0x0000000080000000,0x000000008a50d308,0x000000008a580000)
 Metaspace       used 66513K, committed 68096K, reserved 1114112K
  class space    used 6883K, committed 7616K, reserved 1048576K
}
Event: 5591.904 GC heap before
{Heap before GC invocations=194 (full 3):
 PSYoungGen      total 13312K, used 13168K [0x00000000d5580000, 0x00000000d6880000, 0x0000000100000000)
  eden space 12800K, 100% used [0x00000000d5580000,0x00000000d6200000,0x00000000d6200000)
  from space 512K, 71% used [0x00000000d6800000,0x00000000d685c010,0x00000000d6880000)
  to   space 512K, 0% used [0x00000000d6780000,0x00000000d6780000,0x00000000d6800000)
 ParOldGen       total 169472K, used 169012K [0x0000000080000000, 0x000000008a580000, 0x00000000d5580000)
  object space 169472K, 99% used [0x0000000080000000,0x000000008a50d308,0x000000008a580000)
 Metaspace       used 66541K, committed 68160K, reserved 1114112K
  class space    used 6883K, committed 7616K, reserved 1048576K
}
Event: 5591.929 GC heap after
{Heap after GC invocations=194 (full 3):
 PSYoungGen      total 13312K, used 384K [0x00000000d5580000, 0x00000000d6880000, 0x0000000100000000)
  eden space 12800K, 0% used [0x00000000d5580000,0x00000000d5580000,0x00000000d6200000)
  from space 512K, 75% used [0x00000000d6780000,0x00000000d67e0000,0x00000000d6800000)
  to   space 512K, 0% used [0x00000000d6800000,0x00000000d6800000,0x00000000d6880000)
 ParOldGen       total 169472K, used 169044K [0x0000000080000000, 0x000000008a580000, 0x00000000d5580000)
  object space 169472K, 99% used [0x0000000080000000,0x000000008a515308,0x000000008a580000)
 Metaspace       used 66541K, committed 68160K, reserved 1114112K
  class space    used 6883K, committed 7616K, reserved 1048576K
}
Event: 5599.695 GC heap before
{Heap before GC invocations=195 (full 3):
 PSYoungGen      total 13312K, used 13184K [0x00000000d5580000, 0x00000000d6880000, 0x0000000100000000)
  eden space 12800K, 100% used [0x00000000d5580000,0x00000000d6200000,0x00000000d6200000)
  from space 512K, 75% used [0x00000000d6780000,0x00000000d67e0000,0x00000000d6800000)
  to   space 512K, 0% used [0x00000000d6800000,0x00000000d6800000,0x00000000d6880000)
 ParOldGen       total 169472K, used 169044K [0x0000000080000000, 0x000000008a580000, 0x00000000d5580000)
  object space 169472K, 99% used [0x0000000080000000,0x000000008a515308,0x000000008a580000)
 Metaspace       used 66548K, committed 68160K, reserved 1114112K
  class space    used 6883K, committed 7616K, reserved 1048576K
}
Event: 5599.698 GC heap after
{Heap after GC invocations=195 (full 3):
 PSYoungGen      total 13312K, used 288K [0x00000000d5580000, 0x00000000d6880000, 0x0000000100000000)
  eden space 12800K, 0% used [0x00000000d5580000,0x00000000d5580000,0x00000000d6200000)
  from space 512K, 56% used [0x00000000d6800000,0x00000000d6848000,0x00000000d6880000)
  to   space 512K, 0% used [0x00000000d6780000,0x00000000d6780000,0x00000000d6800000)
 ParOldGen       total 169472K, used 169084K [0x0000000080000000, 0x000000008a580000, 0x00000000d5580000)
  object space 169472K, 99% used [0x0000000080000000,0x000000008a51f308,0x000000008a580000)
 Metaspace       used 66548K, committed 68160K, reserved 1114112K
  class space    used 6883K, committed 7616K, reserved 1048576K
}
Event: 5610.637 GC heap before
{Heap before GC invocations=196 (full 3):
 PSYoungGen      total 13312K, used 13088K [0x00000000d5580000, 0x00000000d6880000, 0x0000000100000000)
  eden space 12800K, 100% used [0x00000000d5580000,0x00000000d6200000,0x00000000d6200000)
  from space 512K, 56% used [0x00000000d6800000,0x00000000d6848000,0x00000000d6880000)
  to   space 512K, 0% used [0x00000000d6780000,0x00000000d6780000,0x00000000d6800000)
 ParOldGen       total 169472K, used 169084K [0x0000000080000000, 0x000000008a580000, 0x00000000d5580000)
  object space 169472K, 99% used [0x0000000080000000,0x000000008a51f308,0x000000008a580000)
 Metaspace       used 66549K, committed 68160K, reserved 1114112K
  class space    used 6883K, committed 7616K, reserved 1048576K
}
Event: 5610.644 GC heap after
{Heap after GC invocations=196 (full 3):
 PSYoungGen      total 13312K, used 288K [0x00000000d5580000, 0x00000000d6880000, 0x0000000100000000)
  eden space 12800K, 0% used [0x00000000d5580000,0x00000000d5580000,0x00000000d6200000)
  from space 512K, 56% used [0x00000000d6780000,0x00000000d67c8000,0x00000000d6800000)
  to   space 512K, 0% used [0x00000000d6800000,0x00000000d6800000,0x00000000d6880000)
 ParOldGen       total 169472K, used 169100K [0x0000000080000000, 0x000000008a580000, 0x00000000d5580000)
  object space 169472K, 99% used [0x0000000080000000,0x000000008a523308,0x000000008a580000)
 Metaspace       used 66549K, committed 68160K, reserved 1114112K
  class space    used 6883K, committed 7616K, reserved 1048576K
}
Event: 5638.052 GC heap before
{Heap before GC invocations=197 (full 3):
 PSYoungGen      total 13312K, used 13088K [0x00000000d5580000, 0x00000000d6880000, 0x0000000100000000)
  eden space 12800K, 100% used [0x00000000d5580000,0x00000000d6200000,0x00000000d6200000)
  from space 512K, 56% used [0x00000000d6780000,0x00000000d67c8000,0x00000000d6800000)
  to   space 512K, 0% used [0x00000000d6800000,0x00000000d6800000,0x00000000d6880000)
 ParOldGen       total 169472K, used 169100K [0x0000000080000000, 0x000000008a580000, 0x00000000d5580000)
  object space 169472K, 99% used [0x0000000080000000,0x000000008a523308,0x000000008a580000)
 Metaspace       used 66561K, committed 68160K, reserved 1114112K
  class space    used 6884K, committed 7616K, reserved 1048576K
}
Event: 5638.089 GC heap after
{Heap after GC invocations=197 (full 3):
 PSYoungGen      total 13312K, used 352K [0x00000000d5580000, 0x00000000d6880000, 0x0000000100000000)
  eden space 12800K, 0% used [0x00000000d5580000,0x00000000d5580000,0x00000000d6200000)
  from space 512K, 68% used [0x00000000d6800000,0x00000000d6858000,0x00000000d6880000)
  to   space 512K, 0% used [0x00000000d6780000,0x00000000d6780000,0x00000000d6800000)
 ParOldGen       total 169472K, used 169148K [0x0000000080000000, 0x000000008a580000, 0x00000000d5580000)
  object space 169472K, 99% used [0x0000000080000000,0x000000008a52f308,0x000000008a580000)
 Metaspace       used 66561K, committed 68160K, reserved 1114112K
  class space    used 6884K, committed 7616K, reserved 1048576K
}
Event: 5643.479 GC heap before
{Heap before GC invocations=198 (full 3):
 PSYoungGen      total 13312K, used 13152K [0x00000000d5580000, 0x00000000d6880000, 0x0000000100000000)
  eden space 12800K, 100% used [0x00000000d5580000,0x00000000d6200000,0x00000000d6200000)
  from space 512K, 68% used [0x00000000d6800000,0x00000000d6858000,0x00000000d6880000)
  to   space 512K, 0% used [0x00000000d6780000,0x00000000d6780000,0x00000000d6800000)
 ParOldGen       total 169472K, used 169148K [0x0000000080000000, 0x000000008a580000, 0x00000000d5580000)
  object space 169472K, 99% used [0x0000000080000000,0x000000008a52f308,0x000000008a580000)
 Metaspace       used 66591K, committed 68224K, reserved 1114112K
  class space    used 6884K, committed 7616K, reserved 1048576K
}
Event: 5643.483 GC heap after
{Heap after GC invocations=198 (full 3):
 PSYoungGen      total 13312K, used 352K [0x00000000d5580000, 0x00000000d6880000, 0x0000000100000000)
  eden space 12800K, 0% used [0x00000000d5580000,0x00000000d5580000,0x00000000d6200000)
  from space 512K, 68% used [0x00000000d6780000,0x00000000d67d8000,0x00000000d6800000)
  to   space 512K, 0% used [0x00000000d6800000,0x00000000d6800000,0x00000000d6880000)
 ParOldGen       total 169472K, used 169212K [0x0000000080000000, 0x000000008a580000, 0x00000000d5580000)
  object space 169472K, 99% used [0x0000000080000000,0x000000008a53f308,0x000000008a580000)
 Metaspace       used 66591K, committed 68224K, reserved 1114112K
  class space    used 6884K, committed 7616K, reserved 1048576K
}
Event: 5647.650 GC heap before
{Heap before GC invocations=199 (full 3):
 PSYoungGen      total 13312K, used 13152K [0x00000000d5580000, 0x00000000d6880000, 0x0000000100000000)
  eden space 12800K, 100% used [0x00000000d5580000,0x00000000d6200000,0x00000000d6200000)
  from space 512K, 68% used [0x00000000d6780000,0x00000000d67d8000,0x00000000d6800000)
  to   space 512K, 0% used [0x00000000d6800000,0x00000000d6800000,0x00000000d6880000)
 ParOldGen       total 169472K, used 169212K [0x0000000080000000, 0x000000008a580000, 0x00000000d5580000)
  object space 169472K, 99% used [0x0000000080000000,0x000000008a53f308,0x000000008a580000)
 Metaspace       used 66595K, committed 68224K, reserved 1114112K
  class space    used 6884K, committed 7616K, reserved 1048576K
}
Event: 5647.654 GC heap after
{Heap after GC invocations=199 (full 3):
 PSYoungGen      total 13312K, used 320K [0x00000000d5580000, 0x00000000d6880000, 0x0000000100000000)
  eden space 12800K, 0% used [0x00000000d5580000,0x00000000d5580000,0x00000000d6200000)
  from space 512K, 62% used [0x00000000d6800000,0x00000000d6850000,0x00000000d6880000)
  to   space 512K, 0% used [0x00000000d6780000,0x00000000d6780000,0x00000000d6800000)
 ParOldGen       total 169472K, used 169260K [0x0000000080000000, 0x000000008a580000, 0x00000000d5580000)
  object space 169472K, 99% used [0x0000000080000000,0x000000008a54b308,0x000000008a580000)
 Metaspace       used 66595K, committed 68224K, reserved 1114112K
  class space    used 6884K, committed 7616K, reserved 1048576K
}
Event: 5660.290 GC heap before
{Heap before GC invocations=200 (full 3):
 PSYoungGen      total 13312K, used 13120K [0x00000000d5580000, 0x00000000d6880000, 0x0000000100000000)
  eden space 12800K, 100% used [0x00000000d5580000,0x00000000d6200000,0x00000000d6200000)
  from space 512K, 62% used [0x00000000d6800000,0x00000000d6850000,0x00000000d6880000)
  to   space 512K, 0% used [0x00000000d6780000,0x00000000d6780000,0x00000000d6800000)
 ParOldGen       total 169472K, used 169260K [0x0000000080000000, 0x000000008a580000, 0x00000000d5580000)
  object space 169472K, 99% used [0x0000000080000000,0x000000008a54b308,0x000000008a580000)
 Metaspace       used 66602K, committed 68224K, reserved 1114112K
  class space    used 6884K, committed 7616K, reserved 1048576K
}
Event: 5660.315 GC heap after
{Heap after GC invocations=200 (full 3):
 PSYoungGen      total 13312K, used 288K [0x00000000d5580000, 0x00000000d6880000, 0x0000000100000000)
  eden space 12800K, 0% used [0x00000000d5580000,0x00000000d5580000,0x00000000d6200000)
  from space 512K, 56% used [0x00000000d6780000,0x00000000d67c8000,0x00000000d6800000)
  to   space 512K, 0% used [0x00000000d6800000,0x00000000d6800000,0x00000000d6880000)
 ParOldGen       total 169472K, used 169300K [0x0000000080000000, 0x000000008a580000, 0x00000000d5580000)
  object space 169472K, 99% used [0x0000000080000000,0x000000008a555308,0x000000008a580000)
 Metaspace       used 66602K, committed 68224K, reserved 1114112K
  class space    used 6884K, committed 7616K, reserved 1048576K
}

