# JRE version: OpenJDK Runtime Environment Temurin-21.0.9+10 (21.0.9+10) (build 21.0.9+10-LTS)
# Java VM: OpenJDK 64-Bit Server VM Temurin-21.0.9+10 (21.0.9+10-LTS, mixed mode, sharing, tiered, compressed oops, compressed class ptrs, parallel gc, windows-amd64)
GC Precious Log:
 CardTable entry size: 512
 CPUs: 8 total, 8 available
 Memory: 3406M
 Large Page Support: Disabled
 NUMA Support: Disabled
 Compressed Oops: Enabled (32-bit)
 Alignments: Space 512K, Generation 512K, Heap 2M
 Heap Min Capacity: 100M
 Heap Initial Capacity: 100M
 Heap Max Capacity: 2G
 Pre-touch: Disabled
 Parallel Workers: 8
Heap:
 PSYoungGen      total 5120K, used 1698K [0x00000000d5580000, 0x00000000d5b00000, 0x0000000100000000)
  eden space 4096K, 35% used [0x00000000d5580000,0x00000000d56e8880,0x00000000d5980000)
  from space 1024K, 25% used [0x00000000d5980000,0x00000000d59c0000,0x00000000d5a80000)
  to   space 512K, 0% used [0x00000000d5a80000,0x00000000d5a80000,0x00000000d5b00000)
 ParOldGen       total 413184K, used 412897K [0x0000000080000000, 0x0000000099380000, 0x00000000d5580000)
  object space 413184K, 99% used [0x0000000080000000,0x0000000099338510,0x0000000099380000)
 Metaspace       used 78224K, committed 79872K, reserved 1179648K
  class space    used 8268K, committed 8960K, reserved 1048576K
GC Heap History (20 events):
Event: 217.138 GC heap before
{Heap before GC invocations=323 (full 3):
 PSYoungGen      total 5120K, used 4602K [0x00000000d5580000, 0x00000000d5c80000, 0x0000000100000000)
  eden space 4096K, 100% used [0x00000000d5580000,0x00000000d5980000,0x00000000d5980000)
  from space 1024K, 49% used [0x00000000d5a80000,0x00000000d5afe900,0x00000000d5b80000)
  to   space 1024K, 0% used [0x00000000d5b80000,0x00000000d5b80000,0x00000000d5c80000)
 ParOldGen       total 412160K, used 411836K [0x0000000080000000, 0x0000000099280000, 0x00000000d5580000)
  object space 412160K, 99% used [0x0000000080000000,0x000000009922f2f0,0x0000000099280000)
 Metaspace       used 77727K, committed 79360K, reserved 1179648K
  class space    used 8221K, committed 8896K, reserved 1048576K
}
Event: 217.141 GC heap after
{Heap after GC invocations=323 (full 3):
 PSYoungGen      total 4608K, used 282K [0x00000000d5580000, 0x00000000d5c00000, 0x0000000100000000)
  eden space 4096K, 0% used [0x00000000d5580000,0x00000000d5580000,0x00000000d5980000)
  from space 512K, 55% used [0x00000000d5b80000,0x00000000d5bc6900,0x00000000d5c00000)
  to   space 512K, 0% used [0x00000000d5b00000,0x00000000d5b00000,0x00000000d5b80000)
 ParOldGen       total 412160K, used 411876K [0x0000000080000000, 0x0000000099280000, 0x00000000d5580000)
  object space 412160K, 99% used [0x0000000080000000,0x00000000992392f0,0x0000000099280000)
 Metaspace       used 77727K, committed 79360K, reserved 1179648K
  class space    used 8221K, committed 8896K, reserved 1048576K
}
Event: 217.291 GC heap before
{Heap before GC invocations=324 (full 3):
 PSYoungGen      total 4608K, used 4356K [0x00000000d5580000, 0x00000000d5c00000, 0x0000000100000000)
  eden space 4096K, 99% used [0x00000000d5580000,0x00000000d597a798,0x00000000d5980000)
  from space 512K, 55% used [0x00000000d5b80000,0x00000000d5bc6900,0x00000000d5c00000)
  to   space 512K, 0% used [0x00000000d5b00000,0x00000000d5b00000,0x00000000d5b80000)
 ParOldGen       total 412160K, used 411876K [0x0000000080000000, 0x0000000099280000, 0x00000000d5580000)
  object space 412160K, 99% used [0x0000000080000000,0x00000000992392f0,0x0000000099280000)
 Metaspace       used 77840K, committed 79488K, reserved 1179648K
  class space    used 8232K, committed 8960K, reserved 1048576K
}
Event: 217.294 GC heap after
{Heap after GC invocations=324 (full 3):
 PSYoungGen      total 4608K, used 160K [0x00000000d5580000, 0x00000000d5c00000, 0x0000000100000000)
  eden space 4096K, 0% used [0x00000000d5580000,0x00000000d5580000,0x00000000d5980000)
  from space 512K, 31% used [0x00000000d5b00000,0x00000000d5b28000,0x00000000d5b80000)
  to   space 512K, 0% used [0x00000000d5b80000,0x00000000d5b80000,0x00000000d5c00000)
 ParOldGen       total 412160K, used 411924K [0x0000000080000000, 0x0000000099280000, 0x00000000d5580000)
  object space 412160K, 99% used [0x0000000080000000,0x00000000992452f0,0x0000000099280000)
 Metaspace       used 77840K, committed 79488K, reserved 1179648K
  class space    used 8232K, committed 8960K, reserved 1048576K
}
Event: 217.364 GC heap before
{Heap before GC invocations=325 (full 3):
 PSYoungGen      total 4608K, used 4256K [0x00000000d5580000, 0x00000000d5c00000, 0x0000000100000000)
  eden space 4096K, 100% used [0x00000000d5580000,0x00000000d5980000,0x00000000d5980000)
  from space 512K, 31% used [0x00000000d5b00000,0x00000000d5b28000,0x00000000d5b80000)
  to   space 512K, 0% used [0x00000000d5b80000,0x00000000d5b80000,0x00000000d5c00000)
 ParOldGen       total 412160K, used 411924K [0x0000000080000000, 0x0000000099280000, 0x00000000d5580000)
  object space 412160K, 99% used [0x0000000080000000,0x00000000992452f0,0x0000000099280000)
 Metaspace       used 77871K, committed 79552K, reserved 1179648K
  class space    used 8235K, committed 8960K, reserved 1048576K
}
Event: 217.368 GC heap after
{Heap after GC invocations=325 (full 3):
 PSYoungGen      total 4608K, used 506K [0x00000000d5580000, 0x00000000d5c00000, 0x0000000100000000)
  eden space 4096K, 0% used [0x00000000d5580000,0x00000000d5580000,0x00000000d5980000)
  from space 512K, 98% used [0x00000000d5b80000,0x00000000d5bfe900,0x00000000d5c00000)
  to   space 1024K, 0% used [0x00000000d5a00000,0x00000000d5a00000,0x00000000d5b00000)
 ParOldGen       total 412160K, used 412028K [0x0000000080000000, 0x0000000099280000, 0x00000000d5580000)
  object space 412160K, 99% used [0x0000000080000000,0x000000009925f2f0,0x0000000099280000)
 Metaspace       used 77871K, committed 79552K, reserved 1179648K
  class space    used 8235K, committed 8960K, reserved 1048576K
}
Event: 217.391 GC heap before
{Heap before GC invocations=326 (full 3):
 PSYoungGen      total 4608K, used 4602K [0x00000000d5580000, 0x00000000d5c00000, 0x0000000100000000)
  eden space 4096K, 100% used [0x00000000d5580000,0x00000000d5980000,0x00000000d5980000)
  from space 512K, 98% used [0x00000000d5b80000,0x00000000d5bfe900,0x00000000d5c00000)
  to   space 1024K, 0% used [0x00000000d5a00000,0x00000000d5a00000,0x00000000d5b00000)
 ParOldGen       total 412160K, used 412028K [0x0000000080000000, 0x0000000099280000, 0x00000000d5580000)
  object space 412160K, 99% used [0x0000000080000000,0x000000009925f2f0,0x0000000099280000)
 Metaspace       used 77871K, committed 79552K, reserved 1179648K
  class space    used 8235K, committed 8960K, reserved 1048576K
}
Event: 217.395 GC heap after
{Heap after GC invocations=326 (full 3):
 PSYoungGen      total 5120K, used 762K [0x00000000d5580000, 0x00000000d5c00000, 0x0000000100000000)
  eden space 4096K, 0% used [0x00000000d5580000,0x00000000d5580000,0x00000000d5980000)
  from space 1024K, 74% used [0x00000000d5a00000,0x00000000d5abe900,0x00000000d5b00000)
  to   space 1024K, 0% used [0x00000000d5b00000,0x00000000d5b00000,0x00000000d5c00000)
 ParOldGen       total 412672K, used 412505K [0x0000000080000000, 0x0000000099300000, 0x00000000d5580000)
  object space 412672K, 99% used [0x0000000080000000,0x00000000992d64f0,0x0000000099300000)
 Metaspace       used 77871K, committed 79552K, reserved 1179648K
  class space    used 8235K, committed 8960K, reserved 1048576K
}
Event: 236.957 GC heap before
{Heap before GC invocations=327 (full 3):
 PSYoungGen      total 5120K, used 4858K [0x00000000d5580000, 0x00000000d5c00000, 0x0000000100000000)
  eden space 4096K, 100% used [0x00000000d5580000,0x00000000d5980000,0x00000000d5980000)
  from space 1024K, 74% used [0x00000000d5a00000,0x00000000d5abe900,0x00000000d5b00000)
  to   space 1024K, 0% used [0x00000000d5b00000,0x00000000d5b00000,0x00000000d5c00000)
 ParOldGen       total 412672K, used 412505K [0x0000000080000000, 0x0000000099300000, 0x00000000d5580000)
  object space 412672K, 99% used [0x0000000080000000,0x00000000992d64f0,0x0000000099300000)
 Metaspace       used 77874K, committed 79552K, reserved 1179648K
  class space    used 8235K, committed 8960K, reserved 1048576K
}
Event: 236.960 GC heap after
{Heap after GC invocations=327 (full 3):
 PSYoungGen      total 5120K, used 730K [0x00000000d5580000, 0x00000000d5c00000, 0x0000000100000000)
  eden space 4096K, 0% used [0x00000000d5580000,0x00000000d5580000,0x00000000d5980000)
  from space 1024K, 71% used [0x00000000d5b00000,0x00000000d5bb6900,0x00000000d5c00000)
  to   space 1024K, 0% used [0x00000000d5a00000,0x00000000d5a00000,0x00000000d5b00000)
 ParOldGen       total 412672K, used 412641K [0x0000000080000000, 0x0000000099300000, 0x00000000d5580000)
  object space 412672K, 99% used [0x0000000080000000,0x00000000992f84f0,0x0000000099300000)
 Metaspace       used 77874K, committed 79552K, reserved 1179648K
  class space    used 8235K, committed 8960K, reserved 1048576K
}
Event: 236.993 GC heap before
{Heap before GC invocations=328 (full 3):
 PSYoungGen      total 5120K, used 4826K [0x00000000d5580000, 0x00000000d5c00000, 0x0000000100000000)
  eden space 4096K, 100% used [0x00000000d5580000,0x00000000d5980000,0x00000000d5980000)
  from space 1024K, 71% used [0x00000000d5b00000,0x00000000d5bb6900,0x00000000d5c00000)
  to   space 1024K, 0% used [0x00000000d5a00000,0x00000000d5a00000,0x00000000d5b00000)
 ParOldGen       total 412672K, used 412641K [0x0000000080000000, 0x0000000099300000, 0x00000000d5580000)
  object space 412672K, 99% used [0x0000000080000000,0x00000000992f84f0,0x0000000099300000)
 Metaspace       used 77880K, committed 79552K, reserved 1179648K
  class space    used 8235K, committed 8960K, reserved 1048576K
}
Event: 236.996 GC heap after
{Heap after GC invocations=328 (full 3):
 PSYoungGen      total 5120K, used 602K [0x00000000d5580000, 0x00000000d5b80000, 0x0000000100000000)
  eden space 4096K, 0% used [0x00000000d5580000,0x00000000d5580000,0x00000000d5980000)
  from space 1024K, 58% used [0x00000000d5a00000,0x00000000d5a96900,0x00000000d5b00000)
  to   space 512K, 0% used [0x00000000d5b00000,0x00000000d5b00000,0x00000000d5b80000)
 ParOldGen       total 413184K, used 412689K [0x0000000080000000, 0x0000000099380000, 0x00000000d5580000)
  object space 413184K, 99% used [0x0000000080000000,0x00000000993044f0,0x0000000099380000)
 Metaspace       used 77880K, committed 79552K, reserved 1179648K
  class space    used 8235K, committed 8960K, reserved 1048576K
}
Event: 251.458 GC heap before
{Heap before GC invocations=329 (full 3):
 PSYoungGen      total 5120K, used 4698K [0x00000000d5580000, 0x00000000d5b80000, 0x0000000100000000)
  eden space 4096K, 100% used [0x00000000d5580000,0x00000000d5980000,0x00000000d5980000)
  from space 1024K, 58% used [0x00000000d5a00000,0x00000000d5a96900,0x00000000d5b00000)
  to   space 512K, 0% used [0x00000000d5b00000,0x00000000d5b00000,0x00000000d5b80000)
 ParOldGen       total 413184K, used 412689K [0x0000000080000000, 0x0000000099380000, 0x00000000d5580000)
  object space 413184K, 99% used [0x0000000080000000,0x00000000993044f0,0x0000000099380000)
 Metaspace       used 77892K, committed 79552K, reserved 1179648K
  class space    used 8236K, committed 8960K, reserved 1048576K
}
Event: 251.480 GC heap after
{Heap after GC invocations=329 (full 3):
 PSYoungGen      total 4608K, used 474K [0x00000000d5580000, 0x00000000d5b80000, 0x0000000100000000)
  eden space 4096K, 0% used [0x00000000d5580000,0x00000000d5580000,0x00000000d5980000)
  from space 512K, 92% used [0x00000000d5b00000,0x00000000d5b76900,0x00000000d5b80000)
  to   space 1024K, 0% used [0x00000000d5980000,0x00000000d5980000,0x00000000d5a80000)
 ParOldGen       total 413184K, used 412689K [0x0000000080000000, 0x0000000099380000, 0x00000000d5580000)
  object space 413184K, 99% used [0x0000000080000000,0x00000000993044f0,0x0000000099380000)
 Metaspace       used 77892K, committed 79552K, reserved 1179648K
  class space    used 8236K, committed 8960K, reserved 1048576K
}
Event: 251.563 GC heap before
{Heap before GC invocations=330 (full 3):
 PSYoungGen      total 4608K, used 4570K [0x00000000d5580000, 0x00000000d5b80000, 0x0000000100000000)
  eden space 4096K, 100% used [0x00000000d5580000,0x00000000d5980000,0x00000000d5980000)
  from space 512K, 92% used [0x00000000d5b00000,0x00000000d5b76900,0x00000000d5b80000)
  to   space 1024K, 0% used [0x00000000d5980000,0x00000000d5980000,0x00000000d5a80000)
 ParOldGen       total 413184K, used 412689K [0x0000000080000000, 0x0000000099380000, 0x00000000d5580000)
  object space 413184K, 99% used [0x0000000080000000,0x00000000993044f0,0x0000000099380000)
 Metaspace       used 77897K, committed 79552K, reserved 1179648K
  class space    used 8236K, committed 8960K, reserved 1048576K
}
Event: 251.567 GC heap after
{Heap after GC invocations=330 (full 3):
 PSYoungGen      total 5120K, used 564K [0x00000000d5580000, 0x00000000d5b80000, 0x0000000100000000)
  eden space 4096K, 0% used [0x00000000d5580000,0x00000000d5580000,0x00000000d5980000)
  from space 1024K, 55% used [0x00000000d5980000,0x00000000d5a0d200,0x00000000d5a80000)
  to   space 1024K, 0% used [0x00000000d5a80000,0x00000000d5a80000,0x00000000d5b80000)
 ParOldGen       total 413184K, used 412753K [0x0000000080000000, 0x0000000099380000, 0x00000000d5580000)
  object space 413184K, 99% used [0x0000000080000000,0x00000000993144f0,0x0000000099380000)
 Metaspace       used 77897K, committed 79552K, reserved 1179648K
  class space    used 8236K, committed 8960K, reserved 1048576K
}
Event: 252.608 GC heap before
{Heap before GC invocations=331 (full 3):
 PSYoungGen      total 5120K, used 4660K [0x00000000d5580000, 0x00000000d5b80000, 0x0000000100000000)
  eden space 4096K, 100% used [0x00000000d5580000,0x00000000d5980000,0x00000000d5980000)
  from space 1024K, 55% used [0x00000000d5980000,0x00000000d5a0d200,0x00000000d5a80000)
  to   space 1024K, 0% used [0x00000000d5a80000,0x00000000d5a80000,0x00000000d5b80000)
 ParOldGen       total 413184K, used 412753K [0x0000000080000000, 0x0000000099380000, 0x00000000d5580000)
  object space 413184K, 99% used [0x0000000080000000,0x00000000993144f0,0x0000000099380000)
 Metaspace       used 77903K, committed 79552K, reserved 1179648K
  class space    used 8236K, committed 8960K, reserved 1048576K
}
Event: 252.611 GC heap after
{Heap after GC invocations=331 (full 3):
 PSYoungGen      total 5120K, used 570K [0x00000000d5580000, 0x00000000d5b80000, 0x0000000100000000)
  eden space 4096K, 0% used [0x00000000d5580000,0x00000000d5580000,0x00000000d5980000)
  from space 1024K, 55% used [0x00000000d5a80000,0x00000000d5b0e920,0x00000000d5b80000)
  to   space 1024K, 0% used [0x00000000d5980000,0x00000000d5980000,0x00000000d5a80000)
 ParOldGen       total 413184K, used 412793K [0x0000000080000000, 0x0000000099380000, 0x00000000d5580000)
  object space 413184K, 99% used [0x0000000080000000,0x000000009931e4f0,0x0000000099380000)
 Metaspace       used 77903K, committed 79552K, reserved 1179648K
  class space    used 8236K, committed 8960K, reserved 1048576K
}
Event: 313.111 GC heap before
{Heap before GC invocations=332 (full 3):
 PSYoungGen      total 5120K, used 4661K [0x00000000d5580000, 0x00000000d5b80000, 0x0000000100000000)
  eden space 4096K, 99% used [0x00000000d5580000,0x00000000d597eb78,0x00000000d5980000)
  from space 1024K, 55% used [0x00000000d5a80000,0x00000000d5b0e920,0x00000000d5b80000)
  to   space 1024K, 0% used [0x00000000d5980000,0x00000000d5980000,0x00000000d5a80000)
 ParOldGen       total 413184K, used 412793K [0x0000000080000000, 0x0000000099380000, 0x00000000d5580000)
  object space 413184K, 99% used [0x0000000080000000,0x000000009931e4f0,0x0000000099380000)
 Metaspace       used 78211K, committed 79808K, reserved 1179648K
  class space    used 8268K, committed 8960K, reserved 1048576K
}
Event: 313.239 GC heap after
{Heap after GC invocations=332 (full 3):
 PSYoungGen      total 5120K, used 256K [0x00000000d5580000, 0x00000000d5b00000, 0x0000000100000000)
  eden space 4096K, 0% used [0x00000000d5580000,0x00000000d5580000,0x00000000d5980000)
  from space 1024K, 25% used [0x00000000d5980000,0x00000000d59c0000,0x00000000d5a80000)
  to   space 512K, 0% used [0x00000000d5a80000,0x00000000d5a80000,0x00000000d5b00000)
 ParOldGen       total 413184K, used 412897K [0x0000000080000000, 0x0000000099380000, 0x00000000d5580000)
  object space 413184K, 99% used [0x0000000080000000,0x0000000099338510,0x0000000099380000)
 Metaspace       used 78211K, committed 79808K, reserved 1179648K
  class space    used 8268K, committed 8960K, reserved 1048576K
}

