# JRE version: OpenJDK Runtime Environment Temurin-21.0.9+10 (21.0.9+10) (build 21.0.9+10-LTS)
# Java VM: OpenJDK 64-Bit Server VM Temurin-21.0.9+10 (21.0.9+10-LTS, mixed mode, sharing, tiered, compressed oops, compressed class ptrs, parallel gc, windows-amd64)
GC Precious Log:
 CardTable entry size: 512
 CPUs: 8 total, 8 available
 Memory: 3406M
 Large Page Support: Disabled
 NUMA Support: Disabled
 Compressed Oops: Enabled (32-bit)
 Alignments: Space 512K, Generation 512K, Heap 2M
 Heap Min Capacity: 100M
 Heap Initial Capacity: 100M
 Heap Max Capacity: 2G
 Pre-touch: Disabled
 Parallel Workers: 8
Heap:
 PSYoungGen      total 12288K, used 4218K [0x00000000d5580000, 0x00000000d6300000, 0x0000000100000000)
  eden space 11264K, 32% used [0x00000000d5580000,0x00000000d5910230,0x00000000d6080000)
  from space 1024K, 55% used [0x00000000d6200000,0x00000000d628e8c8,0x00000000d6300000)
  to   space 1024K, 0% used [0x00000000d6100000,0x00000000d6100000,0x00000000d6200000)
 ParOldGen       total 79360K, used 79131K [0x0000000080000000, 0x0000000084d80000, 0x00000000d5580000)
  object space 79360K, 99% used [0x0000000080000000,0x0000000084d46c68,0x0000000084d80000)
 Metaspace       used 64129K, committed 65664K, reserved 1114112K
  class space    used 6733K, committed 7424K, reserved 1048576K
GC Heap History (20 events):
Event: 19.685 GC heap before
{Heap before GC invocations=46 (full 3):
 PSYoungGen      total 12800K, used 12672K [0x00000000d5580000, 0x00000000d6600000, 0x0000000100000000)
  eden space 11264K, 100% used [0x00000000d5580000,0x00000000d6080000,0x00000000d6080000)
  from space 1536K, 91% used [0x00000000d6480000,0x00000000d65e0000,0x00000000d6600000)
  to   space 1536K, 0% used [0x00000000d6300000,0x00000000d6300000,0x00000000d6480000)
 ParOldGen       total 72192K, used 71909K [0x0000000080000000, 0x0000000084680000, 0x00000000d5580000)
  object space 72192K, 99% used [0x0000000080000000,0x00000000846395f0,0x0000000084680000)
 Metaspace       used 61574K, committed 63040K, reserved 1114112K
  class space    used 6474K, committed 7104K, reserved 1048576K
}
Event: 19.688 GC heap after
{Heap after GC invocations=46 (full 3):
 PSYoungGen      total 12288K, used 736K [0x00000000d5580000, 0x00000000d6500000, 0x0000000100000000)
  eden space 11264K, 0% used [0x00000000d5580000,0x00000000d5580000,0x00000000d6080000)
  from space 1024K, 71% used [0x00000000d6300000,0x00000000d63b8000,0x00000000d6400000)
  to   space 1024K, 0% used [0x00000000d6400000,0x00000000d6400000,0x00000000d6500000)
 ParOldGen       total 73216K, used 72877K [0x0000000080000000, 0x0000000084780000, 0x00000000d5580000)
  object space 73216K, 99% used [0x0000000080000000,0x000000008472b5f0,0x0000000084780000)
 Metaspace       used 61574K, committed 63040K, reserved 1114112K
  class space    used 6474K, committed 7104K, reserved 1048576K
}
Event: 19.819 GC heap before
{Heap before GC invocations=47 (full 3):
 PSYoungGen      total 12288K, used 12000K [0x00000000d5580000, 0x00000000d6500000, 0x0000000100000000)
  eden space 11264K, 100% used [0x00000000d5580000,0x00000000d6080000,0x00000000d6080000)
  from space 1024K, 71% used [0x00000000d6300000,0x00000000d63b8000,0x00000000d6400000)
  to   space 1024K, 0% used [0x00000000d6400000,0x00000000d6400000,0x00000000d6500000)
 ParOldGen       total 73216K, used 72877K [0x0000000080000000, 0x0000000084780000, 0x00000000d5580000)
  object space 73216K, 99% used [0x0000000080000000,0x000000008472b5f0,0x0000000084780000)
 Metaspace       used 61863K, committed 63296K, reserved 1114112K
  class space    used 6523K, committed 7168K, reserved 1048576K
}
Event: 19.822 GC heap after
{Heap after GC invocations=47 (full 3):
 PSYoungGen      total 12288K, used 1024K [0x00000000d5580000, 0x00000000d6500000, 0x0000000100000000)
  eden space 11264K, 0% used [0x00000000d5580000,0x00000000d5580000,0x00000000d6080000)
  from space 1024K, 100% used [0x00000000d6400000,0x00000000d6500000,0x00000000d6500000)
  to   space 2048K, 0% used [0x00000000d6100000,0x00000000d6100000,0x00000000d6300000)
 ParOldGen       total 73728K, used 73573K [0x0000000080000000, 0x0000000084800000, 0x00000000d5580000)
  object space 73728K, 99% used [0x0000000080000000,0x00000000847d95f0,0x0000000084800000)
 Metaspace       used 61863K, committed 63296K, reserved 1114112K
  class space    used 6523K, committed 7168K, reserved 1048576K
}
Event: 19.939 GC heap before
{Heap before GC invocations=48 (full 3):
 PSYoungGen      total 12288K, used 12288K [0x00000000d5580000, 0x00000000d6500000, 0x0000000100000000)
  eden space 11264K, 100% used [0x00000000d5580000,0x00000000d6080000,0x00000000d6080000)
  from space 1024K, 100% used [0x00000000d6400000,0x00000000d6500000,0x00000000d6500000)
  to   space 2048K, 0% used [0x00000000d6100000,0x00000000d6100000,0x00000000d6300000)
 ParOldGen       total 73728K, used 73573K [0x0000000080000000, 0x0000000084800000, 0x00000000d5580000)
  object space 73728K, 99% used [0x0000000080000000,0x00000000847d95f0,0x0000000084800000)
 Metaspace       used 61930K, committed 63360K, reserved 1114112K
  class space    used 6524K, committed 7168K, reserved 1048576K
}
Event: 19.941 GC heap after
{Heap after GC invocations=48 (full 3):
 PSYoungGen      total 13312K, used 1024K [0x00000000d5580000, 0x00000000d6480000, 0x0000000100000000)
  eden space 11264K, 0% used [0x00000000d5580000,0x00000000d5580000,0x00000000d6080000)
  from space 2048K, 50% used [0x00000000d6100000,0x00000000d6200000,0x00000000d6300000)
  to   space 1536K, 0% used [0x00000000d6300000,0x00000000d6300000,0x00000000d6480000)
 ParOldGen       total 74752K, used 74539K [0x0000000080000000, 0x0000000084900000, 0x00000000d5580000)
  object space 74752K, 99% used [0x0000000080000000,0x00000000848caf30,0x0000000084900000)
 Metaspace       used 61930K, committed 63360K, reserved 1114112K
  class space    used 6524K, committed 7168K, reserved 1048576K
}
Event: 20.034 GC heap before
{Heap before GC invocations=49 (full 3):
 PSYoungGen      total 13312K, used 12281K [0x00000000d5580000, 0x00000000d6480000, 0x0000000100000000)
  eden space 11264K, 99% used [0x00000000d5580000,0x00000000d607e4d0,0x00000000d6080000)
  from space 2048K, 50% used [0x00000000d6100000,0x00000000d6200000,0x00000000d6300000)
  to   space 1536K, 0% used [0x00000000d6300000,0x00000000d6300000,0x00000000d6480000)
 ParOldGen       total 74752K, used 74539K [0x0000000080000000, 0x0000000084900000, 0x00000000d5580000)
  object space 74752K, 99% used [0x0000000080000000,0x00000000848caf30,0x0000000084900000)
 Metaspace       used 62033K, committed 63488K, reserved 1114112K
  class space    used 6525K, committed 7168K, reserved 1048576K
}
Event: 20.036 GC heap after
{Heap after GC invocations=49 (full 3):
 PSYoungGen      total 12288K, used 896K [0x00000000d5580000, 0x00000000d6400000, 0x0000000100000000)
  eden space 11264K, 0% used [0x00000000d5580000,0x00000000d5580000,0x00000000d6080000)
  from space 1024K, 87% used [0x00000000d6300000,0x00000000d63e0020,0x00000000d6400000)
  to   space 1024K, 0% used [0x00000000d6200000,0x00000000d6200000,0x00000000d6300000)
 ParOldGen       total 75264K, used 75091K [0x0000000080000000, 0x0000000084980000, 0x00000000d5580000)
  object space 75264K, 99% used [0x0000000080000000,0x0000000084954f30,0x0000000084980000)
 Metaspace       used 62033K, committed 63488K, reserved 1114112K
  class space    used 6525K, committed 7168K, reserved 1048576K
}
Event: 20.124 GC heap before
{Heap before GC invocations=50 (full 3):
 PSYoungGen      total 12288K, used 12160K [0x00000000d5580000, 0x00000000d6400000, 0x0000000100000000)
  eden space 11264K, 100% used [0x00000000d5580000,0x00000000d6080000,0x00000000d6080000)
  from space 1024K, 87% used [0x00000000d6300000,0x00000000d63e0020,0x00000000d6400000)
  to   space 1024K, 0% used [0x00000000d6200000,0x00000000d6200000,0x00000000d6300000)
 ParOldGen       total 75264K, used 75091K [0x0000000080000000, 0x0000000084980000, 0x00000000d5580000)
  object space 75264K, 99% used [0x0000000080000000,0x0000000084954f30,0x0000000084980000)
 Metaspace       used 62098K, committed 63552K, reserved 1114112K
  class space    used 6527K, committed 7168K, reserved 1048576K
}
Event: 20.128 GC heap after
{Heap after GC invocations=50 (full 3):
 PSYoungGen      total 12288K, used 1024K [0x00000000d5580000, 0x00000000d6480000, 0x0000000100000000)
  eden space 11264K, 0% used [0x00000000d5580000,0x00000000d5580000,0x00000000d6080000)
  from space 1024K, 100% used [0x00000000d6200000,0x00000000d6300000,0x00000000d6300000)
  to   space 1536K, 0% used [0x00000000d6300000,0x00000000d6300000,0x00000000d6480000)
 ParOldGen       total 75776K, used 75723K [0x0000000080000000, 0x0000000084a00000, 0x00000000d5580000)
  object space 75776K, 99% used [0x0000000080000000,0x00000000849f2f30,0x0000000084a00000)
 Metaspace       used 62098K, committed 63552K, reserved 1114112K
  class space    used 6527K, committed 7168K, reserved 1048576K
}
Event: 20.229 GC heap before
{Heap before GC invocations=51 (full 3):
 PSYoungGen      total 12288K, used 12288K [0x00000000d5580000, 0x00000000d6480000, 0x0000000100000000)
  eden space 11264K, 100% used [0x00000000d5580000,0x00000000d6080000,0x00000000d6080000)
  from space 1024K, 100% used [0x00000000d6200000,0x00000000d6300000,0x00000000d6300000)
  to   space 1536K, 0% used [0x00000000d6300000,0x00000000d6300000,0x00000000d6480000)
 ParOldGen       total 75776K, used 75723K [0x0000000080000000, 0x0000000084a00000, 0x00000000d5580000)
  object space 75776K, 99% used [0x0000000080000000,0x00000000849f2f30,0x0000000084a00000)
 Metaspace       used 62148K, committed 63552K, reserved 1114112K
  class space    used 6527K, committed 7168K, reserved 1048576K
}
Event: 20.233 GC heap after
{Heap after GC invocations=51 (full 3):
 PSYoungGen      total 12800K, used 1152K [0x00000000d5580000, 0x00000000d6480000, 0x0000000100000000)
  eden space 11264K, 0% used [0x00000000d5580000,0x00000000d5580000,0x00000000d6080000)
  from space 1536K, 75% used [0x00000000d6300000,0x00000000d6420000,0x00000000d6480000)
  to   space 1536K, 0% used [0x00000000d6180000,0x00000000d6180000,0x00000000d6300000)
 ParOldGen       total 76800K, used 76510K [0x0000000080000000, 0x0000000084b00000, 0x00000000d5580000)
  object space 76800K, 99% used [0x0000000080000000,0x0000000084ab79d8,0x0000000084b00000)
 Metaspace       used 62148K, committed 63552K, reserved 1114112K
  class space    used 6527K, committed 7168K, reserved 1048576K
}
Event: 20.393 GC heap before
{Heap before GC invocations=52 (full 3):
 PSYoungGen      total 12800K, used 12416K [0x00000000d5580000, 0x00000000d6480000, 0x0000000100000000)
  eden space 11264K, 100% used [0x00000000d5580000,0x00000000d6080000,0x00000000d6080000)
  from space 1536K, 75% used [0x00000000d6300000,0x00000000d6420000,0x00000000d6480000)
  to   space 1536K, 0% used [0x00000000d6180000,0x00000000d6180000,0x00000000d6300000)
 ParOldGen       total 76800K, used 76510K [0x0000000080000000, 0x0000000084b00000, 0x00000000d5580000)
  object space 76800K, 99% used [0x0000000080000000,0x0000000084ab79d8,0x0000000084b00000)
 Metaspace       used 62304K, committed 63744K, reserved 1114112K
  class space    used 6530K, committed 7168K, reserved 1048576K
}
Event: 20.396 GC heap after
{Heap after GC invocations=52 (full 3):
 PSYoungGen      total 12288K, used 640K [0x00000000d5580000, 0x00000000d6380000, 0x0000000100000000)
  eden space 11264K, 0% used [0x00000000d5580000,0x00000000d5580000,0x00000000d6080000)
  from space 1024K, 62% used [0x00000000d6180000,0x00000000d6220000,0x00000000d6280000)
  to   space 1024K, 0% used [0x00000000d6280000,0x00000000d6280000,0x00000000d6380000)
 ParOldGen       total 77312K, used 77230K [0x0000000080000000, 0x0000000084b80000, 0x00000000d5580000)
  object space 77312K, 99% used [0x0000000080000000,0x0000000084b6b9d8,0x0000000084b80000)
 Metaspace       used 62304K, committed 63744K, reserved 1114112K
  class space    used 6530K, committed 7168K, reserved 1048576K
}
Event: 21.390 GC heap before
{Heap before GC invocations=53 (full 3):
 PSYoungGen      total 12288K, used 11904K [0x00000000d5580000, 0x00000000d6380000, 0x0000000100000000)
  eden space 11264K, 100% used [0x00000000d5580000,0x00000000d6080000,0x00000000d6080000)
  from space 1024K, 62% used [0x00000000d6180000,0x00000000d6220000,0x00000000d6280000)
  to   space 1024K, 0% used [0x00000000d6280000,0x00000000d6280000,0x00000000d6380000)
 ParOldGen       total 77312K, used 77230K [0x0000000080000000, 0x0000000084b80000, 0x00000000d5580000)
  object space 77312K, 99% used [0x0000000080000000,0x0000000084b6b9d8,0x0000000084b80000)
 Metaspace       used 62821K, committed 64256K, reserved 1114112K
  class space    used 6595K, committed 7232K, reserved 1048576K
}
Event: 21.393 GC heap after
{Heap after GC invocations=53 (full 3):
 PSYoungGen      total 12288K, used 992K [0x00000000d5580000, 0x00000000d6380000, 0x0000000100000000)
  eden space 11264K, 0% used [0x00000000d5580000,0x00000000d5580000,0x00000000d6080000)
  from space 1024K, 96% used [0x00000000d6280000,0x00000000d6378000,0x00000000d6380000)
  to   space 1536K, 0% used [0x00000000d6080000,0x00000000d6080000,0x00000000d6200000)
 ParOldGen       total 77824K, used 77686K [0x0000000080000000, 0x0000000084c00000, 0x00000000d5580000)
  object space 77824K, 99% used [0x0000000080000000,0x0000000084bdd9d8,0x0000000084c00000)
 Metaspace       used 62821K, committed 64256K, reserved 1114112K
  class space    used 6595K, committed 7232K, reserved 1048576K
}
Event: 21.804 GC heap before
{Heap before GC invocations=54 (full 3):
 PSYoungGen      total 12288K, used 12252K [0x00000000d5580000, 0x00000000d6380000, 0x0000000100000000)
  eden space 11264K, 99% used [0x00000000d5580000,0x00000000d607f340,0x00000000d6080000)
  from space 1024K, 96% used [0x00000000d6280000,0x00000000d6378000,0x00000000d6380000)
  to   space 1536K, 0% used [0x00000000d6080000,0x00000000d6080000,0x00000000d6200000)
 ParOldGen       total 77824K, used 77686K [0x0000000080000000, 0x0000000084c00000, 0x00000000d5580000)
  object space 77824K, 99% used [0x0000000080000000,0x0000000084bdd9d8,0x0000000084c00000)
 Metaspace       used 63119K, committed 64576K, reserved 1114112K
  class space    used 6638K, committed 7296K, reserved 1048576K
}
Event: 21.807 GC heap after
{Heap after GC invocations=54 (full 3):
 PSYoungGen      total 12800K, used 768K [0x00000000d5580000, 0x00000000d6300000, 0x0000000100000000)
  eden space 11264K, 0% used [0x00000000d5580000,0x00000000d5580000,0x00000000d6080000)
  from space 1536K, 50% used [0x00000000d6080000,0x00000000d6140000,0x00000000d6200000)
  to   space 1024K, 0% used [0x00000000d6200000,0x00000000d6200000,0x00000000d6300000)
 ParOldGen       total 78848K, used 78495K [0x0000000080000000, 0x0000000084d00000, 0x00000000d5580000)
  object space 78848K, 99% used [0x0000000080000000,0x0000000084ca7c58,0x0000000084d00000)
 Metaspace       used 63119K, committed 64576K, reserved 1114112K
  class space    used 6638K, committed 7296K, reserved 1048576K
}
Event: 23.348 GC heap before
{Heap before GC invocations=55 (full 3):
 PSYoungGen      total 12800K, used 12032K [0x00000000d5580000, 0x00000000d6300000, 0x0000000100000000)
  eden space 11264K, 100% used [0x00000000d5580000,0x00000000d6080000,0x00000000d6080000)
  from space 1536K, 50% used [0x00000000d6080000,0x00000000d6140000,0x00000000d6200000)
  to   space 1024K, 0% used [0x00000000d6200000,0x00000000d6200000,0x00000000d6300000)
 ParOldGen       total 78848K, used 78495K [0x0000000080000000, 0x0000000084d00000, 0x00000000d5580000)
  object space 78848K, 99% used [0x0000000080000000,0x0000000084ca7c58,0x0000000084d00000)
 Metaspace       used 63890K, committed 65344K, reserved 1114112K
  class space    used 6715K, committed 7360K, reserved 1048576K
}
Event: 23.350 GC heap after
{Heap after GC invocations=55 (full 3):
 PSYoungGen      total 12288K, used 570K [0x00000000d5580000, 0x00000000d6300000, 0x0000000100000000)
  eden space 11264K, 0% used [0x00000000d5580000,0x00000000d5580000,0x00000000d6080000)
  from space 1024K, 55% used [0x00000000d6200000,0x00000000d628e8c8,0x00000000d6300000)
  to   space 1024K, 0% used [0x00000000d6100000,0x00000000d6100000,0x00000000d6200000)
 ParOldGen       total 79360K, used 79131K [0x0000000080000000, 0x0000000084d80000, 0x00000000d5580000)
  object space 79360K, 99% used [0x0000000080000000,0x0000000084d46c68,0x0000000084d80000)
 Metaspace       used 63890K, committed 65344K, reserved 1114112K
  class space    used 6715K, committed 7360K, reserved 1048576K
}

