# JRE version: OpenJDK Runtime Environment Temurin-21.0.9+10 (21.0.9+10) (build 21.0.9+10-LTS)
# Java VM: OpenJDK 64-Bit Server VM Temurin-21.0.9+10 (21.0.9+10-LTS, mixed mode, sharing, tiered, compressed oops, compressed class ptrs, parallel gc, windows-amd64)
GC Precious Log:
 CardTable entry size: 512
 CPUs: 8 total, 8 available
 Memory: 3406M
 Large Page Support: Disabled
 NUMA Support: Disabled
 Compressed Oops: Enabled (32-bit)
 Alignments: Space 512K, Generation 512K, Heap 2M
 Heap Min Capacity: 100M
 Heap Initial Capacity: 100M
 Heap Max Capacity: 2G
 Pre-touch: Disabled
 Parallel Workers: 8
Heap:
 PSYoungGen      total 6656K, used 6436K [0x00000000d5580000, 0x00000000d5e80000, 0x0000000100000000)
  eden space 5632K, 100% used [0x00000000d5580000,0x00000000d5b00000,0x00000000d5b00000)
  from space 1024K, 78% used [0x00000000d5c80000,0x00000000d5d49210,0x00000000d5d80000)
  to   space 1024K, 0% used [0x00000000d5d80000,0x00000000d5d80000,0x00000000d5e80000)
 ParOldGen       total 1253888K, used 1253862K [0x0000000080000000, 0x00000000cc880000, 0x00000000d5580000)
  object space 1253888K, 99% used [0x0000000080000000,0x00000000cc879940,0x00000000cc880000)
 Metaspace       used 89698K, committed 91456K, reserved 1179648K
  class space    used 9229K, committed 10048K, reserved 1048576K
GC Heap History (20 events):
Event: 2334.045 GC heap before
{Heap before GC invocations=2423 (full 8):
 PSYoungGen      total 7168K, used 6720K [0x00000000d5580000, 0x00000000d6080000, 0x0000000100000000)
  eden space 6144K, 100% used [0x00000000d5580000,0x00000000d5b80000,0x00000000d5b80000)
  from space 1024K, 56% used [0x00000000d5e80000,0x00000000d5f10000,0x00000000d5f80000)
  to   space 1024K, 0% used [0x00000000d5f80000,0x00000000d5f80000,0x00000000d6080000)
 ParOldGen       total 1248256K, used 1246637K [0x0000000080000000, 0x00000000cc300000, 0x00000000d5580000)
  object space 1248256K, 99% used [0x0000000080000000,0x00000000cc16b568,0x00000000cc300000)
 Metaspace       used 89670K, committed 91392K, reserved 1179648K
  class space    used 9229K, committed 10048K, reserved 1048576K
}
Event: 2334.051 GC heap after
{Heap after GC invocations=2423 (full 8):
 PSYoungGen      total 6656K, used 320K [0x00000000d5580000, 0x00000000d6000000, 0x0000000100000000)
  eden space 6144K, 0% used [0x00000000d5580000,0x00000000d5580000,0x00000000d5b80000)
  from space 512K, 62% used [0x00000000d5f80000,0x00000000d5fd0000,0x00000000d6000000)
  to   space 512K, 0% used [0x00000000d5f00000,0x00000000d5f00000,0x00000000d5f80000)
 ParOldGen       total 1248256K, used 1247070K [0x0000000080000000, 0x00000000cc300000, 0x00000000d5580000)
  object space 1248256K, 99% used [0x0000000080000000,0x00000000cc1d7ba0,0x00000000cc300000)
 Metaspace       used 89670K, committed 91392K, reserved 1179648K
  class space    used 9229K, committed 10048K, reserved 1048576K
}
Event: 2334.393 GC heap before
{Heap before GC invocations=2424 (full 8):
 PSYoungGen      total 6656K, used 6464K [0x00000000d5580000, 0x00000000d6000000, 0x0000000100000000)
  eden space 6144K, 100% used [0x00000000d5580000,0x00000000d5b80000,0x00000000d5b80000)
  from space 512K, 62% used [0x00000000d5f80000,0x00000000d5fd0000,0x00000000d6000000)
  to   space 512K, 0% used [0x00000000d5f00000,0x00000000d5f00000,0x00000000d5f80000)
 ParOldGen       total 1248256K, used 1247070K [0x0000000080000000, 0x00000000cc300000, 0x00000000d5580000)
  object space 1248256K, 99% used [0x0000000080000000,0x00000000cc1d7ba0,0x00000000cc300000)
 Metaspace       used 89670K, committed 91392K, reserved 1179648K
  class space    used 9229K, committed 10048K, reserved 1048576K
}
Event: 2334.398 GC heap after
{Heap after GC invocations=2424 (full 8):
 PSYoungGen      total 6656K, used 512K [0x00000000d5580000, 0x00000000d6000000, 0x0000000100000000)
  eden space 6144K, 0% used [0x00000000d5580000,0x00000000d5580000,0x00000000d5b80000)
  from space 512K, 100% used [0x00000000d5f00000,0x00000000d5f80000,0x00000000d5f80000)
  to   space 512K, 0% used [0x00000000d5f80000,0x00000000d5f80000,0x00000000d6000000)
 ParOldGen       total 1248256K, used 1247366K [0x0000000080000000, 0x00000000cc300000, 0x00000000d5580000)
  object space 1248256K, 99% used [0x0000000080000000,0x00000000cc221ba0,0x00000000cc300000)
 Metaspace       used 89670K, committed 91392K, reserved 1179648K
  class space    used 9229K, committed 10048K, reserved 1048576K
}
Event: 2334.503 GC heap before
{Heap before GC invocations=2425 (full 8):
 PSYoungGen      total 6656K, used 6656K [0x00000000d5580000, 0x00000000d6000000, 0x0000000100000000)
  eden space 6144K, 100% used [0x00000000d5580000,0x00000000d5b80000,0x00000000d5b80000)
  from space 512K, 100% used [0x00000000d5f00000,0x00000000d5f80000,0x00000000d5f80000)
  to   space 512K, 0% used [0x00000000d5f80000,0x00000000d5f80000,0x00000000d6000000)
 ParOldGen       total 1248256K, used 1247366K [0x0000000080000000, 0x00000000cc300000, 0x00000000d5580000)
  object space 1248256K, 99% used [0x0000000080000000,0x00000000cc221ba0,0x00000000cc300000)
 Metaspace       used 89670K, committed 91392K, reserved 1179648K
  class space    used 9229K, committed 10048K, reserved 1048576K
}
Event: 2334.511 GC heap after
{Heap after GC invocations=2425 (full 8):
 PSYoungGen      total 6656K, used 500K [0x00000000d5580000, 0x00000000d6000000, 0x0000000100000000)
  eden space 6144K, 0% used [0x00000000d5580000,0x00000000d5580000,0x00000000d5b80000)
  from space 512K, 97% used [0x00000000d5f80000,0x00000000d5ffd200,0x00000000d6000000)
  to   space 1536K, 0% used [0x00000000d5d00000,0x00000000d5d00000,0x00000000d5e80000)
 ParOldGen       total 1248256K, used 1248028K [0x0000000080000000, 0x00000000cc300000, 0x00000000d5580000)
  object space 1248256K, 99% used [0x0000000080000000,0x00000000cc2c7330,0x00000000cc300000)
 Metaspace       used 89670K, committed 91392K, reserved 1179648K
  class space    used 9229K, committed 10048K, reserved 1048576K
}
Event: 2334.691 GC heap before
{Heap before GC invocations=2426 (full 8):
 PSYoungGen      total 6656K, used 6644K [0x00000000d5580000, 0x00000000d6000000, 0x0000000100000000)
  eden space 6144K, 99% used [0x00000000d5580000,0x00000000d5b7fff8,0x00000000d5b80000)
  from space 512K, 97% used [0x00000000d5f80000,0x00000000d5ffd200,0x00000000d6000000)
  to   space 1536K, 0% used [0x00000000d5d00000,0x00000000d5d00000,0x00000000d5e80000)
 ParOldGen       total 1248256K, used 1248028K [0x0000000080000000, 0x00000000cc300000, 0x00000000d5580000)
  object space 1248256K, 99% used [0x0000000080000000,0x00000000cc2c7330,0x00000000cc300000)
 Metaspace       used 89680K, committed 91392K, reserved 1179648K
  class space    used 9229K, committed 10048K, reserved 1048576K
}
Event: 2334.697 GC heap after
{Heap after GC invocations=2426 (full 8):
 PSYoungGen      total 7680K, used 506K [0x00000000d5580000, 0x00000000d6000000, 0x0000000100000000)
  eden space 6144K, 0% used [0x00000000d5580000,0x00000000d5580000,0x00000000d5b80000)
  from space 1536K, 32% used [0x00000000d5d00000,0x00000000d5d7e900,0x00000000d5e80000)
  to   space 1024K, 0% used [0x00000000d5f00000,0x00000000d5f00000,0x00000000d6000000)
 ParOldGen       total 1248768K, used 1248529K [0x0000000080000000, 0x00000000cc380000, 0x00000000d5580000)
  object space 1248768K, 99% used [0x0000000080000000,0x00000000cc344530,0x00000000cc380000)
 Metaspace       used 89680K, committed 91392K, reserved 1179648K
  class space    used 9229K, committed 10048K, reserved 1048576K
}
Event: 2334.816 GC heap before
{Heap before GC invocations=2427 (full 8):
 PSYoungGen      total 7680K, used 6650K [0x00000000d5580000, 0x00000000d6000000, 0x0000000100000000)
  eden space 6144K, 100% used [0x00000000d5580000,0x00000000d5b80000,0x00000000d5b80000)
  from space 1536K, 32% used [0x00000000d5d00000,0x00000000d5d7e900,0x00000000d5e80000)
  to   space 1024K, 0% used [0x00000000d5f00000,0x00000000d5f00000,0x00000000d6000000)
 ParOldGen       total 1248768K, used 1248529K [0x0000000080000000, 0x00000000cc380000, 0x00000000d5580000)
  object space 1248768K, 99% used [0x0000000080000000,0x00000000cc344530,0x00000000cc380000)
 Metaspace       used 89680K, committed 91392K, reserved 1179648K
  class space    used 9229K, committed 10048K, reserved 1048576K
}
Event: 2334.821 GC heap after
{Heap after GC invocations=2427 (full 8):
 PSYoungGen      total 6656K, used 224K [0x00000000d5580000, 0x00000000d5f80000, 0x0000000100000000)
  eden space 6144K, 0% used [0x00000000d5580000,0x00000000d5580000,0x00000000d5b80000)
  from space 512K, 43% used [0x00000000d5f00000,0x00000000d5f38000,0x00000000d5f80000)
  to   space 512K, 0% used [0x00000000d5e80000,0x00000000d5e80000,0x00000000d5f00000)
 ParOldGen       total 1249280K, used 1248933K [0x0000000080000000, 0x00000000cc400000, 0x00000000d5580000)
  object space 1249280K, 99% used [0x0000000080000000,0x00000000cc3a9730,0x00000000cc400000)
 Metaspace       used 89680K, committed 91392K, reserved 1179648K
  class space    used 9229K, committed 10048K, reserved 1048576K
}
Event: 2335.049 GC heap before
{Heap before GC invocations=2428 (full 8):
 PSYoungGen      total 6656K, used 6368K [0x00000000d5580000, 0x00000000d5f80000, 0x0000000100000000)
  eden space 6144K, 100% used [0x00000000d5580000,0x00000000d5b80000,0x00000000d5b80000)
  from space 512K, 43% used [0x00000000d5f00000,0x00000000d5f38000,0x00000000d5f80000)
  to   space 512K, 0% used [0x00000000d5e80000,0x00000000d5e80000,0x00000000d5f00000)
 ParOldGen       total 1249280K, used 1248933K [0x0000000080000000, 0x00000000cc400000, 0x00000000d5580000)
  object space 1249280K, 99% used [0x0000000080000000,0x00000000cc3a9730,0x00000000cc400000)
 Metaspace       used 89681K, committed 91392K, reserved 1179648K
  class space    used 9229K, committed 10048K, reserved 1048576K
}
Event: 2335.055 GC heap after
{Heap after GC invocations=2428 (full 8):
 PSYoungGen      total 6656K, used 480K [0x00000000d5580000, 0x00000000d5f80000, 0x0000000100000000)
  eden space 6144K, 0% used [0x00000000d5580000,0x00000000d5580000,0x00000000d5b80000)
  from space 512K, 93% used [0x00000000d5e80000,0x00000000d5ef8108,0x00000000d5f00000)
  to   space 512K, 0% used [0x00000000d5f00000,0x00000000d5f00000,0x00000000d5f80000)
 ParOldGen       total 1250304K, used 1249963K [0x0000000080000000, 0x00000000cc500000, 0x00000000d5580000)
  object space 1250304K, 99% used [0x0000000080000000,0x00000000cc4aaf38,0x00000000cc500000)
 Metaspace       used 89681K, committed 91392K, reserved 1179648K
  class space    used 9229K, committed 10048K, reserved 1048576K
}
Event: 2335.137 GC heap before
{Heap before GC invocations=2429 (full 8):
 PSYoungGen      total 6656K, used 6624K [0x00000000d5580000, 0x00000000d5f80000, 0x0000000100000000)
  eden space 6144K, 100% used [0x00000000d5580000,0x00000000d5b80000,0x00000000d5b80000)
  from space 512K, 93% used [0x00000000d5e80000,0x00000000d5ef8108,0x00000000d5f00000)
  to   space 512K, 0% used [0x00000000d5f00000,0x00000000d5f00000,0x00000000d5f80000)
 ParOldGen       total 1250304K, used 1249963K [0x0000000080000000, 0x00000000cc500000, 0x00000000d5580000)
  object space 1250304K, 99% used [0x0000000080000000,0x00000000cc4aaf38,0x00000000cc500000)
 Metaspace       used 89681K, committed 91392K, reserved 1179648K
  class space    used 9229K, committed 10048K, reserved 1048576K
}
Event: 2336.163 GC heap after
{Heap after GC invocations=2429 (full 8):
 PSYoungGen      total 6144K, used 512K [0x00000000d5580000, 0x00000000d6380000, 0x0000000100000000)
  eden space 5632K, 0% used [0x00000000d5580000,0x00000000d5580000,0x00000000d5b00000)
  from space 512K, 100% used [0x00000000d5f00000,0x00000000d5f80000,0x00000000d5f80000)
  to   space 4096K, 0% used [0x00000000d5b00000,0x00000000d5b00000,0x00000000d5f00000)
 ParOldGen       total 1253376K, used 1253110K [0x0000000080000000, 0x00000000cc800000, 0x00000000d5580000)
  object space 1253376K, 99% used [0x0000000080000000,0x00000000cc7bd940,0x00000000cc800000)
 Metaspace       used 89681K, committed 91392K, reserved 1179648K
  class space    used 9229K, committed 10048K, reserved 1048576K
}
Event: 2336.199 GC heap before
{Heap before GC invocations=2430 (full 8):
 PSYoungGen      total 6144K, used 6144K [0x00000000d5580000, 0x00000000d6380000, 0x0000000100000000)
  eden space 5632K, 100% used [0x00000000d5580000,0x00000000d5b00000,0x00000000d5b00000)
  from space 512K, 100% used [0x00000000d5f00000,0x00000000d5f80000,0x00000000d5f80000)
  to   space 4096K, 0% used [0x00000000d5b00000,0x00000000d5b00000,0x00000000d5f00000)
 ParOldGen       total 1253376K, used 1253110K [0x0000000080000000, 0x00000000cc800000, 0x00000000d5580000)
  object space 1253376K, 99% used [0x0000000080000000,0x00000000cc7bd940,0x00000000cc800000)
 Metaspace       used 89686K, committed 91392K, reserved 1179648K
  class space    used 9229K, committed 10048K, reserved 1048576K
}
Event: 2336.206 GC heap after
{Heap after GC invocations=2430 (full 8):
 PSYoungGen      total 8192K, used 2086K [0x00000000d5580000, 0x00000000d6100000, 0x0000000100000000)
  eden space 5632K, 0% used [0x00000000d5580000,0x00000000d5580000,0x00000000d5b00000)
  from space 2560K, 81% used [0x00000000d5b00000,0x00000000d5d09910,0x00000000d5d80000)
  to   space 3072K, 0% used [0x00000000d5e00000,0x00000000d5e00000,0x00000000d6100000)
 ParOldGen       total 1253888K, used 1253670K [0x0000000080000000, 0x00000000cc880000, 0x00000000d5580000)
  object space 1253888K, 99% used [0x0000000080000000,0x00000000cc849940,0x00000000cc880000)
 Metaspace       used 89686K, committed 91392K, reserved 1179648K
  class space    used 9229K, committed 10048K, reserved 1048576K
}
Event: 2336.233 GC heap before
{Heap before GC invocations=2431 (full 8):
 PSYoungGen      total 8192K, used 7718K [0x00000000d5580000, 0x00000000d6100000, 0x0000000100000000)
  eden space 5632K, 100% used [0x00000000d5580000,0x00000000d5b00000,0x00000000d5b00000)
  from space 2560K, 81% used [0x00000000d5b00000,0x00000000d5d09910,0x00000000d5d80000)
  to   space 3072K, 0% used [0x00000000d5e00000,0x00000000d5e00000,0x00000000d6100000)
 ParOldGen       total 1253888K, used 1253670K [0x0000000080000000, 0x00000000cc880000, 0x00000000d5580000)
  object space 1253888K, 99% used [0x0000000080000000,0x00000000cc849940,0x00000000cc880000)
 Metaspace       used 89687K, committed 91392K, reserved 1179648K
  class space    used 9229K, committed 10048K, reserved 1048576K
}
Event: 2336.237 GC heap after
{Heap after GC invocations=2431 (full 8):
 PSYoungGen      total 6144K, used 192K [0x00000000d5580000, 0x00000000d5e80000, 0x0000000100000000)
  eden space 5632K, 0% used [0x00000000d5580000,0x00000000d5580000,0x00000000d5b00000)
  from space 512K, 37% used [0x00000000d5e00000,0x00000000d5e30000,0x00000000d5e80000)
  to   space 1024K, 0% used [0x00000000d5c80000,0x00000000d5c80000,0x00000000d5d80000)
 ParOldGen       total 1253888K, used 1253822K [0x0000000080000000, 0x00000000cc880000, 0x00000000d5580000)
  object space 1253888K, 99% used [0x0000000080000000,0x00000000cc86f940,0x00000000cc880000)
 Metaspace       used 89687K, committed 91392K, reserved 1179648K
  class space    used 9229K, committed 10048K, reserved 1048576K
}
Event: 2338.950 GC heap before
{Heap before GC invocations=2432 (full 8):
 PSYoungGen      total 6144K, used 5816K [0x00000000d5580000, 0x00000000d5e80000, 0x0000000100000000)
  eden space 5632K, 99% used [0x00000000d5580000,0x00000000d5afe1b0,0x00000000d5b00000)
  from space 512K, 37% used [0x00000000d5e00000,0x00000000d5e30000,0x00000000d5e80000)
  to   space 1024K, 0% used [0x00000000d5c80000,0x00000000d5c80000,0x00000000d5d80000)
 ParOldGen       total 1253888K, used 1253822K [0x0000000080000000, 0x00000000cc880000, 0x00000000d5580000)
  object space 1253888K, 99% used [0x0000000080000000,0x00000000cc86f940,0x00000000cc880000)
 Metaspace       used 89694K, committed 91456K, reserved 1179648K
  class space    used 9229K, committed 10048K, reserved 1048576K
}
Event: 2338.959 GC heap after
{Heap after GC invocations=2432 (full 8):
 PSYoungGen      total 6656K, used 804K [0x00000000d5580000, 0x00000000d5e80000, 0x0000000100000000)
  eden space 5632K, 0% used [0x00000000d5580000,0x00000000d5580000,0x00000000d5b00000)
  from space 1024K, 78% used [0x00000000d5c80000,0x00000000d5d49210,0x00000000d5d80000)
  to   space 1024K, 0% used [0x00000000d5d80000,0x00000000d5d80000,0x00000000d5e80000)
 ParOldGen       total 1253888K, used 1253862K [0x0000000080000000, 0x00000000cc880000, 0x00000000d5580000)
  object space 1253888K, 99% used [0x0000000080000000,0x00000000cc879940,0x00000000cc880000)
 Metaspace       used 89694K, committed 91456K, reserved 1179648K
  class space    used 9229K, committed 10048K, reserved 1048576K
}

