# JRE version: OpenJDK Runtime Environment Temurin-21.0.9+10 (21.0.9+10) (build 21.0.9+10-LTS)
# Java VM: OpenJDK 64-Bit Server VM Temurin-21.0.9+10 (21.0.9+10-LTS, mixed mode, sharing, tiered, compressed oops, compressed class ptrs, parallel gc, windows-amd64)
GC Precious Log:
 CardTable entry size: 512
 CPUs: 8 total, 8 available
 Memory: 3406M
 Large Page Support: Disabled
 NUMA Support: Disabled
 Compressed Oops: Enabled (32-bit)
 Alignments: Space 512K, Generation 512K, Heap 2M
 Heap Min Capacity: 100M
 Heap Initial Capacity: 100M
 Heap Max Capacity: 2G
 Pre-touch: Disabled
 Parallel Workers: 8
Heap:
 PSYoungGen      total 6144K, used 5888K [0x00000000d5580000, 0x00000000d5e80000, 0x0000000100000000)
  eden space 5120K, 100% used [0x00000000d5580000,0x00000000d5a80000,0x00000000d5a80000)
  from space 1024K, 75% used [0x00000000d5d80000,0x00000000d5e40000,0x00000000d5e80000)
  to   space 1024K, 0% used [0x00000000d5c80000,0x00000000d5c80000,0x00000000d5d80000)
 ParOldGen       total 654336K, used 651972K [0x0000000080000000, 0x00000000a7f00000, 0x00000000d5580000)
  object space 654336K, 99% used [0x0000000080000000,0x00000000a7cb10c8,0x00000000a7f00000)
 Metaspace       used 94203K, committed 96128K, reserved 1179648K
  class space    used 9862K, committed 10688K, reserved 1048576K
GC Heap History (20 events):
Event: 1325.198 GC heap before
{Heap before GC invocations=1886 (full 14):
 PSYoungGen      total 6656K, used 6335K [0x00000000d5580000, 0x00000000d5f80000, 0x0000000100000000)
  eden space 4096K, 99% used [0x00000000d5580000,0x00000000d597fff0,0x00000000d5980000)
  from space 2560K, 87% used [0x00000000d5d00000,0x00000000d5f30000,0x00000000d5f80000)
  to   space 2560K, 0% used [0x00000000d5a80000,0x00000000d5a80000,0x00000000d5d00000)
 ParOldGen       total 554496K, used 554244K [0x0000000080000000, 0x00000000a1d80000, 0x00000000d5580000)
  object space 554496K, 99% used [0x0000000080000000,0x00000000a1d410d0,0x00000000a1d80000)
 Metaspace       used 94195K, committed 96064K, reserved 1179648K
  class space    used 9861K, committed 10688K, reserved 1048576K
}
Event: 1325.217 GC heap after
{Heap after GC invocations=1886 (full 14):
 PSYoungGen      total 7680K, used 2544K [0x00000000d5580000, 0x00000000d6680000, 0x0000000100000000)
  eden space 5120K, 0% used [0x00000000d5580000,0x00000000d5580000,0x00000000d5a80000)
  from space 2560K, 99% used [0x00000000d5a80000,0x00000000d5cfc2e8,0x00000000d5d00000)
  to   space 6144K, 0% used [0x00000000d6080000,0x00000000d6080000,0x00000000d6680000)
 ParOldGen       total 557056K, used 556952K [0x0000000080000000, 0x00000000a2000000, 0x00000000d5580000)
  object space 557056K, 99% used [0x0000000080000000,0x00000000a1fe6050,0x00000000a2000000)
 Metaspace       used 94195K, committed 96064K, reserved 1179648K
  class space    used 9861K, committed 10688K, reserved 1048576K
}
Event: 1325.287 GC heap before
{Heap before GC invocations=1887 (full 14):
 PSYoungGen      total 7680K, used 7663K [0x00000000d5580000, 0x00000000d6680000, 0x0000000100000000)
  eden space 5120K, 99% used [0x00000000d5580000,0x00000000d5a7f9d0,0x00000000d5a80000)
  from space 2560K, 99% used [0x00000000d5a80000,0x00000000d5cfc2e8,0x00000000d5d00000)
  to   space 6144K, 0% used [0x00000000d6080000,0x00000000d6080000,0x00000000d6680000)
 ParOldGen       total 557056K, used 556952K [0x0000000080000000, 0x00000000a2000000, 0x00000000d5580000)
  object space 557056K, 99% used [0x0000000080000000,0x00000000a1fe6050,0x00000000a2000000)
 Metaspace       used 94195K, committed 96064K, reserved 1179648K
  class space    used 9861K, committed 10688K, reserved 1048576K
}
Event: 1325.294 GC heap after
{Heap after GC invocations=1887 (full 14):
 PSYoungGen      total 10752K, used 4165K [0x00000000d5580000, 0x00000000d6500000, 0x0000000100000000)
  eden space 6144K, 0% used [0x00000000d5580000,0x00000000d5580000,0x00000000d5b80000)
  from space 4608K, 90% used [0x00000000d6080000,0x00000000d6491468,0x00000000d6500000)
  to   space 4608K, 0% used [0x00000000d5c00000,0x00000000d5c00000,0x00000000d6080000)
 ParOldGen       total 559616K, used 559475K [0x0000000080000000, 0x00000000a2280000, 0x00000000d5580000)
  object space 559616K, 99% used [0x0000000080000000,0x00000000a225ce48,0x00000000a2280000)
 Metaspace       used 94195K, committed 96064K, reserved 1179648K
  class space    used 9861K, committed 10688K, reserved 1048576K
}
Event: 1325.342 GC heap before
{Heap before GC invocations=1888 (full 14):
 PSYoungGen      total 10752K, used 10309K [0x00000000d5580000, 0x00000000d6500000, 0x0000000100000000)
  eden space 6144K, 100% used [0x00000000d5580000,0x00000000d5b80000,0x00000000d5b80000)
  from space 4608K, 90% used [0x00000000d6080000,0x00000000d6491468,0x00000000d6500000)
  to   space 4608K, 0% used [0x00000000d5c00000,0x00000000d5c00000,0x00000000d6080000)
 ParOldGen       total 559616K, used 559475K [0x0000000080000000, 0x00000000a2280000, 0x00000000d5580000)
  object space 559616K, 99% used [0x0000000080000000,0x00000000a225ce48,0x00000000a2280000)
 Metaspace       used 94195K, committed 96064K, reserved 1179648K
  class space    used 9861K, committed 10688K, reserved 1048576K
}
Event: 1325.352 GC heap after
{Heap after GC invocations=1888 (full 14):
 PSYoungGen      total 11264K, used 4110K [0x00000000d5580000, 0x00000000d6600000, 0x0000000100000000)
  eden space 6656K, 0% used [0x00000000d5580000,0x00000000d5580000,0x00000000d5c00000)
  from space 4608K, 89% used [0x00000000d5c00000,0x00000000d6003bb0,0x00000000d6080000)
  to   space 4608K, 0% used [0x00000000d6180000,0x00000000d6180000,0x00000000d6600000)
 ParOldGen       total 560128K, used 560059K [0x0000000080000000, 0x00000000a2300000, 0x00000000d5580000)
  object space 560128K, 99% used [0x0000000080000000,0x00000000a22eee58,0x00000000a2300000)
 Metaspace       used 94195K, committed 96064K, reserved 1179648K
  class space    used 9861K, committed 10688K, reserved 1048576K
}
Event: 1325.386 GC heap before
{Heap before GC invocations=1889 (full 14):
 PSYoungGen      total 11264K, used 10766K [0x00000000d5580000, 0x00000000d6600000, 0x0000000100000000)
  eden space 6656K, 100% used [0x00000000d5580000,0x00000000d5c00000,0x00000000d5c00000)
  from space 4608K, 89% used [0x00000000d5c00000,0x00000000d6003bb0,0x00000000d6080000)
  to   space 4608K, 0% used [0x00000000d6180000,0x00000000d6180000,0x00000000d6600000)
 ParOldGen       total 560128K, used 560059K [0x0000000080000000, 0x00000000a2300000, 0x00000000d5580000)
  object space 560128K, 99% used [0x0000000080000000,0x00000000a22eee58,0x00000000a2300000)
 Metaspace       used 94195K, committed 96064K, reserved 1179648K
  class space    used 9861K, committed 10688K, reserved 1048576K
}
Event: 1325.396 GC heap after
{Heap after GC invocations=1889 (full 14):
 PSYoungGen      total 6144K, used 4602K [0x00000000d5580000, 0x00000000d7280000, 0x0000000100000000)
  eden space 1536K, 0% used [0x00000000d5580000,0x00000000d5580000,0x00000000d5700000)
  from space 4608K, 99% used [0x00000000d6180000,0x00000000d65fe900,0x00000000d6600000)
  to   space 10752K, 0% used [0x00000000d5700000,0x00000000d5700000,0x00000000d6180000)
 ParOldGen       total 565248K, used 565054K [0x0000000080000000, 0x00000000a2800000, 0x00000000d5580000)
  object space 565248K, 99% used [0x0000000080000000,0x00000000a27cfa18,0x00000000a2800000)
 Metaspace       used 94195K, committed 96064K, reserved 1179648K
  class space    used 9861K, committed 10688K, reserved 1048576K
}
Event: 1325.408 GC heap before
{Heap before GC invocations=1890 (full 14):
 PSYoungGen      total 6144K, used 6138K [0x00000000d5580000, 0x00000000d7280000, 0x0000000100000000)
  eden space 1536K, 100% used [0x00000000d5580000,0x00000000d5700000,0x00000000d5700000)
  from space 4608K, 99% used [0x00000000d6180000,0x00000000d65fe900,0x00000000d6600000)
  to   space 10752K, 0% used [0x00000000d5700000,0x00000000d5700000,0x00000000d6180000)
 ParOldGen       total 565248K, used 565054K [0x0000000080000000, 0x00000000a2800000, 0x00000000d5580000)
  object space 565248K, 99% used [0x0000000080000000,0x00000000a27cfa18,0x00000000a2800000)
 Metaspace       used 94196K, committed 96064K, reserved 1179648K
  class space    used 9861K, committed 10688K, reserved 1048576K
}
Event: 1325.420 GC heap after
{Heap after GC invocations=1890 (full 14):
 PSYoungGen      total 2048K, used 352K [0x00000000d5580000, 0x00000000d6200000, 0x0000000100000000)
  eden space 1536K, 0% used [0x00000000d5580000,0x00000000d5580000,0x00000000d5700000)
  from space 512K, 68% used [0x00000000d5700000,0x00000000d5758000,0x00000000d5780000)
  to   space 4096K, 0% used [0x00000000d5e00000,0x00000000d5e00000,0x00000000d6200000)
 ParOldGen       total 569856K, used 569715K [0x0000000080000000, 0x00000000a2c80000, 0x00000000d5580000)
  object space 569856K, 99% used [0x0000000080000000,0x00000000a2c5cc18,0x00000000a2c80000)
 Metaspace       used 94196K, committed 96064K, reserved 1179648K
  class space    used 9861K, committed 10688K, reserved 1048576K
}
Event: 1325.458 GC heap before
{Heap before GC invocations=1891 (full 14):
 PSYoungGen      total 2048K, used 1888K [0x00000000d5580000, 0x00000000d6200000, 0x0000000100000000)
  eden space 1536K, 100% used [0x00000000d5580000,0x00000000d5700000,0x00000000d5700000)
  from space 512K, 68% used [0x00000000d5700000,0x00000000d5758000,0x00000000d5780000)
  to   space 4096K, 0% used [0x00000000d5e00000,0x00000000d5e00000,0x00000000d6200000)
 ParOldGen       total 569856K, used 569715K [0x0000000080000000, 0x00000000a2c80000, 0x00000000d5580000)
  object space 569856K, 99% used [0x0000000080000000,0x00000000a2c5cc18,0x00000000a2c80000)
 Metaspace       used 94197K, committed 96064K, reserved 1179648K
  class space    used 9861K, committed 10688K, reserved 1048576K
}
Event: 1325.466 GC heap after
{Heap after GC invocations=1891 (full 14):
 PSYoungGen      total 2560K, used 352K [0x00000000d5580000, 0x00000000d5e80000, 0x0000000100000000)
  eden space 2048K, 0% used [0x00000000d5580000,0x00000000d5580000,0x00000000d5780000)
  from space 512K, 68% used [0x00000000d5e00000,0x00000000d5e58000,0x00000000d5e80000)
  to   space 1024K, 0% used [0x00000000d5c80000,0x00000000d5c80000,0x00000000d5d80000)
 ParOldGen       total 570368K, used 569971K [0x0000000080000000, 0x00000000a2d00000, 0x00000000d5580000)
  object space 570368K, 99% used [0x0000000080000000,0x00000000a2c9cc18,0x00000000a2d00000)
 Metaspace       used 94197K, committed 96064K, reserved 1179648K
  class space    used 9861K, committed 10688K, reserved 1048576K
}
Event: 1325.594 GC heap before
{Heap before GC invocations=1892 (full 14):
 PSYoungGen      total 2560K, used 2400K [0x00000000d5580000, 0x00000000d5e80000, 0x0000000100000000)
  eden space 2048K, 100% used [0x00000000d5580000,0x00000000d5780000,0x00000000d5780000)
  from space 512K, 68% used [0x00000000d5e00000,0x00000000d5e58000,0x00000000d5e80000)
  to   space 1024K, 0% used [0x00000000d5c80000,0x00000000d5c80000,0x00000000d5d80000)
 ParOldGen       total 570368K, used 569971K [0x0000000080000000, 0x00000000a2d00000, 0x00000000d5580000)
  object space 570368K, 99% used [0x0000000080000000,0x00000000a2c9cc18,0x00000000a2d00000)
 Metaspace       used 94197K, committed 96064K, reserved 1179648K
  class space    used 9861K, committed 10688K, reserved 1048576K
}
Event: 1325.598 GC heap after
{Heap after GC invocations=1892 (full 14):
 PSYoungGen      total 3584K, used 384K [0x00000000d5580000, 0x00000000d5e80000, 0x0000000100000000)
  eden space 2560K, 0% used [0x00000000d5580000,0x00000000d5580000,0x00000000d5800000)
  from space 1024K, 37% used [0x00000000d5c80000,0x00000000d5ce0000,0x00000000d5d80000)
  to   space 512K, 0% used [0x00000000d5e00000,0x00000000d5e00000,0x00000000d5e80000)
 ParOldGen       total 570368K, used 570171K [0x0000000080000000, 0x00000000a2d00000, 0x00000000d5580000)
  object space 570368K, 99% used [0x0000000080000000,0x00000000a2ccec18,0x00000000a2d00000)
 Metaspace       used 94197K, committed 96064K, reserved 1179648K
  class space    used 9861K, committed 10688K, reserved 1048576K
}
Event: 1325.608 GC heap before
{Heap before GC invocations=1893 (full 14):
 PSYoungGen      total 3584K, used 2944K [0x00000000d5580000, 0x00000000d5e80000, 0x0000000100000000)
  eden space 2560K, 100% used [0x00000000d5580000,0x00000000d5800000,0x00000000d5800000)
  from space 1024K, 37% used [0x00000000d5c80000,0x00000000d5ce0000,0x00000000d5d80000)
  to   space 512K, 0% used [0x00000000d5e00000,0x00000000d5e00000,0x00000000d5e80000)
 ParOldGen       total 570368K, used 570171K [0x0000000080000000, 0x00000000a2d00000, 0x00000000d5580000)
  object space 570368K, 99% used [0x0000000080000000,0x00000000a2ccec18,0x00000000a2d00000)
 Metaspace       used 94197K, committed 96064K, reserved 1179648K
  class space    used 9861K, committed 10688K, reserved 1048576K
}
Event: 1325.613 GC heap after
{Heap after GC invocations=1893 (full 14):
 PSYoungGen      total 3584K, used 484K [0x00000000d5580000, 0x00000000d5e80000, 0x0000000100000000)
  eden space 3072K, 0% used [0x00000000d5580000,0x00000000d5580000,0x00000000d5880000)
  from space 512K, 94% used [0x00000000d5e00000,0x00000000d5e79210,0x00000000d5e80000)
  to   space 1024K, 0% used [0x00000000d5c80000,0x00000000d5c80000,0x00000000d5d80000)
 ParOldGen       total 570880K, used 570371K [0x0000000080000000, 0x00000000a2d80000, 0x00000000d5580000)
  object space 570880K, 99% used [0x0000000080000000,0x00000000a2d00c18,0x00000000a2d80000)
 Metaspace       used 94197K, committed 96064K, reserved 1179648K
  class space    used 9861K, committed 10688K, reserved 1048576K
}
Event: 1325.757 GC heap before
{Heap before GC invocations=1894 (full 14):
 PSYoungGen      total 3584K, used 3556K [0x00000000d5580000, 0x00000000d5e80000, 0x0000000100000000)
  eden space 3072K, 100% used [0x00000000d5580000,0x00000000d5880000,0x00000000d5880000)
  from space 512K, 94% used [0x00000000d5e00000,0x00000000d5e79210,0x00000000d5e80000)
  to   space 1024K, 0% used [0x00000000d5c80000,0x00000000d5c80000,0x00000000d5d80000)
 ParOldGen       total 570880K, used 570371K [0x0000000080000000, 0x00000000a2d80000, 0x00000000d5580000)
  object space 570880K, 99% used [0x0000000080000000,0x00000000a2d00c18,0x00000000a2d80000)
 Metaspace       used 94203K, committed 96128K, reserved 1179648K
  class space    used 9862K, committed 10688K, reserved 1048576K
}
Event: 1325.762 GC heap after
{Heap after GC invocations=1894 (full 14):
 PSYoungGen      total 5120K, used 676K [0x00000000d5580000, 0x00000000d5e80000, 0x0000000100000000)
  eden space 4096K, 0% used [0x00000000d5580000,0x00000000d5580000,0x00000000d5980000)
  from space 1024K, 66% used [0x00000000d5c80000,0x00000000d5d29210,0x00000000d5d80000)
  to   space 1024K, 0% used [0x00000000d5d80000,0x00000000d5d80000,0x00000000d5e80000)
 ParOldGen       total 570880K, used 570799K [0x0000000080000000, 0x00000000a2d80000, 0x00000000d5580000)
  object space 570880K, 99% used [0x0000000080000000,0x00000000a2d6be38,0x00000000a2d80000)
 Metaspace       used 94203K, committed 96128K, reserved 1179648K
  class space    used 9862K, committed 10688K, reserved 1048576K
}
Event: 1325.831 GC heap before
{Heap before GC invocations=1895 (full 14):
 PSYoungGen      total 5120K, used 4772K [0x00000000d5580000, 0x00000000d5e80000, 0x0000000100000000)
  eden space 4096K, 99% used [0x00000000d5580000,0x00000000d597ffc8,0x00000000d5980000)
  from space 1024K, 66% used [0x00000000d5c80000,0x00000000d5d29210,0x00000000d5d80000)
  to   space 1024K, 0% used [0x00000000d5d80000,0x00000000d5d80000,0x00000000d5e80000)
 ParOldGen       total 602624K, used 601519K [0x0000000080000000, 0x00000000a4c80000, 0x00000000d5580000)
  object space 602624K, 99% used [0x0000000080000000,0x00000000a4b6be68,0x00000000a4c80000)
 Metaspace       used 94203K, committed 96128K, reserved 1179648K
  class space    used 9862K, committed 10688K, reserved 1048576K
}
Event: 1325.840 GC heap after
{Heap after GC invocations=1895 (full 14):
 PSYoungGen      total 6144K, used 768K [0x00000000d5580000, 0x00000000d5e80000, 0x0000000100000000)
  eden space 5120K, 0% used [0x00000000d5580000,0x00000000d5580000,0x00000000d5a80000)
  from space 1024K, 75% used [0x00000000d5d80000,0x00000000d5e40000,0x00000000d5e80000)
  to   space 1024K, 0% used [0x00000000d5c80000,0x00000000d5c80000,0x00000000d5d80000)
 ParOldGen       total 602624K, used 602052K [0x0000000080000000, 0x00000000a4c80000, 0x00000000d5580000)
  object space 602624K, 99% used [0x0000000080000000,0x00000000a4bf1078,0x00000000a4c80000)
 Metaspace       used 94203K, committed 96128K, reserved 1179648K
  class space    used 9862K, committed 10688K, reserved 1048576K
}

