# JRE version: OpenJDK Runtime Environment Temurin-21.0.9+10 (21.0.9+10) (build 21.0.9+10-LTS)
# Java VM: OpenJDK 64-Bit Server VM Temurin-21.0.9+10 (21.0.9+10-LTS, mixed mode, sharing, tiered, compressed oops, compressed class ptrs, parallel gc, windows-amd64)
GC Precious Log:
 CardTable entry size: 512
 CPUs: 8 total, 8 available
 Memory: 3406M
 Large Page Support: Disabled
 NUMA Support: Disabled
 Compressed Oops: Enabled (32-bit)
 Alignments: Space 512K, Generation 512K, Heap 2M
 Heap Min Capacity: 100M
 Heap Initial Capacity: 100M
 Heap Max Capacity: 2G
 Pre-touch: Disabled
 Parallel Workers: 8
Heap:
 PSYoungGen      total 5632K, used 3478K [0x00000000d5580000, 0x00000000d5d00000, 0x0000000100000000)
  eden space 4096K, 69% used [0x00000000d5580000,0x00000000d5848690,0x00000000d5980000)
  from space 1536K, 40% used [0x00000000d5a00000,0x00000000d5a9d200,0x00000000d5b80000)
  to   space 1024K, 0% used [0x00000000d5c00000,0x00000000d5c00000,0x00000000d5d00000)
 ParOldGen       total 1254400K, used 1253946K [0x0000000080000000, 0x00000000cc900000, 0x00000000d5580000)
  object space 1254400K, 99% used [0x0000000080000000,0x00000000cc88e948,0x00000000cc900000)
 Metaspace       used 80787K, committed 82688K, reserved 1179648K
  class space    used 8450K, committed 9280K, reserved 1048576K
GC Heap History (20 events):
Event: 584.013 GC heap before
{Heap before GC invocations=587 (full 4):
 PSYoungGen      total 7680K, used 6417K [0x00000000d5580000, 0x00000000d6080000, 0x0000000100000000)
  eden space 3584K, 90% used [0x00000000d5580000,0x00000000d58ac4d8,0x00000000d5900000)
  from space 4096K, 77% used [0x00000000d5900000,0x00000000d5c18000,0x00000000d5d00000)
  to   space 3584K, 0% used [0x00000000d5d00000,0x00000000d5d00000,0x00000000d6080000)
 ParOldGen       total 1244160K, used 1243818K [0x0000000080000000, 0x00000000cbf00000, 0x00000000d5580000)
  object space 1244160K, 99% used [0x0000000080000000,0x00000000cbeaa818,0x00000000cbf00000)
 Metaspace       used 80665K, committed 82624K, reserved 1179648K
  class space    used 8446K, committed 9280K, reserved 1048576K
}
Event: 584.020 GC heap after
{Heap after GC invocations=587 (full 4):
 PSYoungGen      total 7680K, used 3008K [0x00000000d5580000, 0x00000000d6100000, 0x0000000100000000)
  eden space 4096K, 0% used [0x00000000d5580000,0x00000000d5580000,0x00000000d5980000)
  from space 3584K, 83% used [0x00000000d5d00000,0x00000000d5ff0000,0x00000000d6080000)
  to   space 3584K, 0% used [0x00000000d5980000,0x00000000d5980000,0x00000000d5d00000)
 ParOldGen       total 1247232K, used 1246906K [0x0000000080000000, 0x00000000cc200000, 0x00000000d5580000)
  object space 1247232K, 99% used [0x0000000080000000,0x00000000cc1ae818,0x00000000cc200000)
 Metaspace       used 80665K, committed 82624K, reserved 1179648K
  class space    used 8446K, committed 9280K, reserved 1048576K
}
Event: 614.933 GC heap before
{Heap before GC invocations=588 (full 4):
 PSYoungGen      total 7680K, used 7104K [0x00000000d5580000, 0x00000000d6100000, 0x0000000100000000)
  eden space 4096K, 100% used [0x00000000d5580000,0x00000000d5980000,0x00000000d5980000)
  from space 3584K, 83% used [0x00000000d5d00000,0x00000000d5ff0000,0x00000000d6080000)
  to   space 3584K, 0% used [0x00000000d5980000,0x00000000d5980000,0x00000000d5d00000)
 ParOldGen       total 1247232K, used 1246906K [0x0000000080000000, 0x00000000cc200000, 0x00000000d5580000)
  object space 1247232K, 99% used [0x0000000080000000,0x00000000cc1ae818,0x00000000cc200000)
 Metaspace       used 80672K, committed 82624K, reserved 1179648K
  class space    used 8446K, committed 9280K, reserved 1048576K
}
Event: 615.031 GC heap after
{Heap after GC invocations=588 (full 4):
 PSYoungGen      total 7680K, used 2272K [0x00000000d5580000, 0x00000000d5f80000, 0x0000000100000000)
  eden space 4096K, 0% used [0x00000000d5580000,0x00000000d5580000,0x00000000d5980000)
  from space 3584K, 63% used [0x00000000d5980000,0x00000000d5bb8000,0x00000000d5d00000)
  to   space 2560K, 0% used [0x00000000d5d00000,0x00000000d5d00000,0x00000000d5f80000)
 ParOldGen       total 1249280K, used 1249146K [0x0000000080000000, 0x00000000cc400000, 0x00000000d5580000)
  object space 1249280K, 99% used [0x0000000080000000,0x00000000cc3de818,0x00000000cc400000)
 Metaspace       used 80672K, committed 82624K, reserved 1179648K
  class space    used 8446K, committed 9280K, reserved 1048576K
}
Event: 632.675 GC heap before
{Heap before GC invocations=589 (full 4):
 PSYoungGen      total 7680K, used 6368K [0x00000000d5580000, 0x00000000d5f80000, 0x0000000100000000)
  eden space 4096K, 100% used [0x00000000d5580000,0x00000000d5980000,0x00000000d5980000)
  from space 3584K, 63% used [0x00000000d5980000,0x00000000d5bb8000,0x00000000d5d00000)
  to   space 2560K, 0% used [0x00000000d5d00000,0x00000000d5d00000,0x00000000d5f80000)
 ParOldGen       total 1249280K, used 1249146K [0x0000000080000000, 0x00000000cc400000, 0x00000000d5580000)
  object space 1249280K, 99% used [0x0000000080000000,0x00000000cc3de818,0x00000000cc400000)
 Metaspace       used 80700K, committed 82624K, reserved 1179648K
  class space    used 8448K, committed 9280K, reserved 1048576K
}
Event: 632.688 GC heap after
{Heap after GC invocations=589 (full 4):
 PSYoungGen      total 4608K, used 320K [0x00000000d5580000, 0x00000000d5d80000, 0x0000000100000000)
  eden space 4096K, 0% used [0x00000000d5580000,0x00000000d5580000,0x00000000d5980000)
  from space 512K, 62% used [0x00000000d5d00000,0x00000000d5d50000,0x00000000d5d80000)
  to   space 1536K, 0% used [0x00000000d5a80000,0x00000000d5a80000,0x00000000d5c00000)
 ParOldGen       total 1251328K, used 1251258K [0x0000000080000000, 0x00000000cc600000, 0x00000000d5580000)
  object space 1251328K, 99% used [0x0000000080000000,0x00000000cc5ee818,0x00000000cc600000)
 Metaspace       used 80700K, committed 82624K, reserved 1179648K
  class space    used 8448K, committed 9280K, reserved 1048576K
}
Event: 633.609 GC heap before
{Heap before GC invocations=590 (full 4):
 PSYoungGen      total 4608K, used 4416K [0x00000000d5580000, 0x00000000d5d80000, 0x0000000100000000)
  eden space 4096K, 100% used [0x00000000d5580000,0x00000000d5980000,0x00000000d5980000)
  from space 512K, 62% used [0x00000000d5d00000,0x00000000d5d50000,0x00000000d5d80000)
  to   space 1536K, 0% used [0x00000000d5a80000,0x00000000d5a80000,0x00000000d5c00000)
 ParOldGen       total 1251328K, used 1251258K [0x0000000080000000, 0x00000000cc600000, 0x00000000d5580000)
  object space 1251328K, 99% used [0x0000000080000000,0x00000000cc5ee818,0x00000000cc600000)
 Metaspace       used 80728K, committed 82624K, reserved 1179648K
  class space    used 8448K, committed 9280K, reserved 1048576K
}
Event: 633.627 GC heap after
{Heap after GC invocations=590 (full 4):
 PSYoungGen      total 5632K, used 441K [0x00000000d5580000, 0x00000000d5d80000, 0x0000000100000000)
  eden space 4096K, 0% used [0x00000000d5580000,0x00000000d5580000,0x00000000d5980000)
  from space 1536K, 28% used [0x00000000d5a80000,0x00000000d5aee410,0x00000000d5c00000)
  to   space 1024K, 0% used [0x00000000d5c80000,0x00000000d5c80000,0x00000000d5d80000)
 ParOldGen       total 1251840K, used 1251370K [0x0000000080000000, 0x00000000cc680000, 0x00000000d5580000)
  object space 1251840K, 99% used [0x0000000080000000,0x00000000cc60a818,0x00000000cc680000)
 Metaspace       used 80728K, committed 82624K, reserved 1179648K
  class space    used 8448K, committed 9280K, reserved 1048576K
}
Event: 634.248 GC heap before
{Heap before GC invocations=591 (full 4):
 PSYoungGen      total 5632K, used 4537K [0x00000000d5580000, 0x00000000d5d80000, 0x0000000100000000)
  eden space 4096K, 100% used [0x00000000d5580000,0x00000000d5980000,0x00000000d5980000)
  from space 1536K, 28% used [0x00000000d5a80000,0x00000000d5aee410,0x00000000d5c00000)
  to   space 1024K, 0% used [0x00000000d5c80000,0x00000000d5c80000,0x00000000d5d80000)
 ParOldGen       total 1251840K, used 1251370K [0x0000000080000000, 0x00000000cc680000, 0x00000000d5580000)
  object space 1251840K, 99% used [0x0000000080000000,0x00000000cc60a818,0x00000000cc680000)
 Metaspace       used 80728K, committed 82624K, reserved 1179648K
  class space    used 8448K, committed 9280K, reserved 1048576K
}
Event: 634.275 GC heap after
{Heap after GC invocations=591 (full 4):
 PSYoungGen      total 5120K, used 800K [0x00000000d5580000, 0x00000000d5d80000, 0x0000000100000000)
  eden space 4096K, 0% used [0x00000000d5580000,0x00000000d5580000,0x00000000d5980000)
  from space 1024K, 78% used [0x00000000d5c80000,0x00000000d5d48000,0x00000000d5d80000)
  to   space 1024K, 0% used [0x00000000d5b80000,0x00000000d5b80000,0x00000000d5c80000)
 ParOldGen       total 1251840K, used 1251679K [0x0000000080000000, 0x00000000cc680000, 0x00000000d5580000)
  object space 1251840K, 99% used [0x0000000080000000,0x00000000cc657ec8,0x00000000cc680000)
 Metaspace       used 80728K, committed 82624K, reserved 1179648K
  class space    used 8448K, committed 9280K, reserved 1048576K
}
Event: 634.556 GC heap before
{Heap before GC invocations=592 (full 4):
 PSYoungGen      total 5120K, used 4896K [0x00000000d5580000, 0x00000000d5d80000, 0x0000000100000000)
  eden space 4096K, 100% used [0x00000000d5580000,0x00000000d5980000,0x00000000d5980000)
  from space 1024K, 78% used [0x00000000d5c80000,0x00000000d5d48000,0x00000000d5d80000)
  to   space 1024K, 0% used [0x00000000d5b80000,0x00000000d5b80000,0x00000000d5c80000)
 ParOldGen       total 1251840K, used 1251679K [0x0000000080000000, 0x00000000cc680000, 0x00000000d5580000)
  object space 1251840K, 99% used [0x0000000080000000,0x00000000cc657ec8,0x00000000cc680000)
 Metaspace       used 80734K, committed 82624K, reserved 1179648K
  class space    used 8448K, committed 9280K, reserved 1048576K
}
Event: 634.563 GC heap after
{Heap after GC invocations=592 (full 4):
 PSYoungGen      total 5120K, used 612K [0x00000000d5580000, 0x00000000d5d00000, 0x0000000100000000)
  eden space 4096K, 0% used [0x00000000d5580000,0x00000000d5580000,0x00000000d5980000)
  from space 1024K, 59% used [0x00000000d5b80000,0x00000000d5c19210,0x00000000d5c80000)
  to   space 512K, 0% used [0x00000000d5c80000,0x00000000d5c80000,0x00000000d5d00000)
 ParOldGen       total 1252352K, used 1252303K [0x0000000080000000, 0x00000000cc700000, 0x00000000d5580000)
  object space 1252352K, 99% used [0x0000000080000000,0x00000000cc6f3ec8,0x00000000cc700000)
 Metaspace       used 80734K, committed 82624K, reserved 1179648K
  class space    used 8448K, committed 9280K, reserved 1048576K
}
Event: 634.783 GC heap before
{Heap before GC invocations=593 (full 4):
 PSYoungGen      total 5120K, used 4708K [0x00000000d5580000, 0x00000000d5d00000, 0x0000000100000000)
  eden space 4096K, 99% used [0x00000000d5580000,0x00000000d597ffe8,0x00000000d5980000)
  from space 1024K, 59% used [0x00000000d5b80000,0x00000000d5c19210,0x00000000d5c80000)
  to   space 512K, 0% used [0x00000000d5c80000,0x00000000d5c80000,0x00000000d5d00000)
 ParOldGen       total 1252352K, used 1252303K [0x0000000080000000, 0x00000000cc700000, 0x00000000d5580000)
  object space 1252352K, 99% used [0x0000000080000000,0x00000000cc6f3ec8,0x00000000cc700000)
 Metaspace       used 80752K, committed 82688K, reserved 1179648K
  class space    used 8448K, committed 9280K, reserved 1048576K
}
Event: 634.794 GC heap after
{Heap after GC invocations=593 (full 4):
 PSYoungGen      total 4608K, used 256K [0x00000000d5580000, 0x00000000d5d00000, 0x0000000100000000)
  eden space 4096K, 0% used [0x00000000d5580000,0x00000000d5580000,0x00000000d5980000)
  from space 512K, 50% used [0x00000000d5c80000,0x00000000d5cc0000,0x00000000d5d00000)
  to   space 512K, 0% used [0x00000000d5c00000,0x00000000d5c00000,0x00000000d5c80000)
 ParOldGen       total 1252864K, used 1252761K [0x0000000080000000, 0x00000000cc780000, 0x00000000d5580000)
  object space 1252864K, 99% used [0x0000000080000000,0x00000000cc766548,0x00000000cc780000)
 Metaspace       used 80752K, committed 82688K, reserved 1179648K
  class space    used 8448K, committed 9280K, reserved 1048576K
}
Event: 640.175 GC heap before
{Heap before GC invocations=594 (full 4):
 PSYoungGen      total 4608K, used 4351K [0x00000000d5580000, 0x00000000d5d00000, 0x0000000100000000)
  eden space 4096K, 99% used [0x00000000d5580000,0x00000000d597fff8,0x00000000d5980000)
  from space 512K, 50% used [0x00000000d5c80000,0x00000000d5cc0000,0x00000000d5d00000)
  to   space 512K, 0% used [0x00000000d5c00000,0x00000000d5c00000,0x00000000d5c80000)
 ParOldGen       total 1252864K, used 1252761K [0x0000000080000000, 0x00000000cc780000, 0x00000000d5580000)
  object space 1252864K, 99% used [0x0000000080000000,0x00000000cc766548,0x00000000cc780000)
 Metaspace       used 80778K, committed 82688K, reserved 1179648K
  class space    used 8450K, committed 9280K, reserved 1048576K
}
Event: 640.181 GC heap after
{Heap after GC invocations=594 (full 4):
 PSYoungGen      total 4608K, used 506K [0x00000000d5580000, 0x00000000d5d00000, 0x0000000100000000)
  eden space 4096K, 0% used [0x00000000d5580000,0x00000000d5580000,0x00000000d5980000)
  from space 512K, 98% used [0x00000000d5c00000,0x00000000d5c7e900,0x00000000d5c80000)
  to   space 512K, 0% used [0x00000000d5c80000,0x00000000d5c80000,0x00000000d5d00000)
 ParOldGen       total 1253376K, used 1252929K [0x0000000080000000, 0x00000000cc800000, 0x00000000d5580000)
  object space 1253376K, 99% used [0x0000000080000000,0x00000000cc790548,0x00000000cc800000)
 Metaspace       used 80778K, committed 82688K, reserved 1179648K
  class space    used 8450K, committed 9280K, reserved 1048576K
}
Event: 640.268 GC heap before
{Heap before GC invocations=595 (full 4):
 PSYoungGen      total 4608K, used 4602K [0x00000000d5580000, 0x00000000d5d00000, 0x0000000100000000)
  eden space 4096K, 100% used [0x00000000d5580000,0x00000000d5980000,0x00000000d5980000)
  from space 512K, 98% used [0x00000000d5c00000,0x00000000d5c7e900,0x00000000d5c80000)
  to   space 512K, 0% used [0x00000000d5c80000,0x00000000d5c80000,0x00000000d5d00000)
 ParOldGen       total 1253376K, used 1252929K [0x0000000080000000, 0x00000000cc800000, 0x00000000d5580000)
  object space 1253376K, 99% used [0x0000000080000000,0x00000000cc790548,0x00000000cc800000)
 Metaspace       used 80782K, committed 82688K, reserved 1179648K
  class space    used 8450K, committed 9280K, reserved 1048576K
}
Event: 640.272 GC heap after
{Heap after GC invocations=595 (full 4):
 PSYoungGen      total 4608K, used 500K [0x00000000d5580000, 0x00000000d5d00000, 0x0000000100000000)
  eden space 4096K, 0% used [0x00000000d5580000,0x00000000d5580000,0x00000000d5980000)
  from space 512K, 97% used [0x00000000d5c80000,0x00000000d5cfd200,0x00000000d5d00000)
  to   space 1536K, 0% used [0x00000000d5a00000,0x00000000d5a00000,0x00000000d5b80000)
 ParOldGen       total 1253888K, used 1253461K [0x0000000080000000, 0x00000000cc880000, 0x00000000d5580000)
  object space 1253888K, 99% used [0x0000000080000000,0x00000000cc815748,0x00000000cc880000)
 Metaspace       used 80782K, committed 82688K, reserved 1179648K
  class space    used 8450K, committed 9280K, reserved 1048576K
}
Event: 642.713 GC heap before
{Heap before GC invocations=596 (full 4):
 PSYoungGen      total 4608K, used 4596K [0x00000000d5580000, 0x00000000d5d00000, 0x0000000100000000)
  eden space 4096K, 100% used [0x00000000d5580000,0x00000000d5980000,0x00000000d5980000)
  from space 512K, 97% used [0x00000000d5c80000,0x00000000d5cfd200,0x00000000d5d00000)
  to   space 1536K, 0% used [0x00000000d5a00000,0x00000000d5a00000,0x00000000d5b80000)
 ParOldGen       total 1253888K, used 1253461K [0x0000000080000000, 0x00000000cc880000, 0x00000000d5580000)
  object space 1253888K, 99% used [0x0000000080000000,0x00000000cc815748,0x00000000cc880000)
 Metaspace       used 80785K, committed 82688K, reserved 1179648K
  class space    used 8450K, committed 9280K, reserved 1048576K
}
Event: 642.718 GC heap after
{Heap after GC invocations=596 (full 4):
 PSYoungGen      total 5632K, used 628K [0x00000000d5580000, 0x00000000d5d00000, 0x0000000100000000)
  eden space 4096K, 0% used [0x00000000d5580000,0x00000000d5580000,0x00000000d5980000)
  from space 1536K, 40% used [0x00000000d5a00000,0x00000000d5a9d200,0x00000000d5b80000)
  to   space 1024K, 0% used [0x00000000d5c00000,0x00000000d5c00000,0x00000000d5d00000)
 ParOldGen       total 1254400K, used 1253946K [0x0000000080000000, 0x00000000cc900000, 0x00000000d5580000)
  object space 1254400K, 99% used [0x0000000080000000,0x00000000cc88e948,0x00000000cc900000)
 Metaspace       used 80785K, committed 82688K, reserved 1179648K
  class space    used 8450K, committed 9280K, reserved 1048576K
}

