# JRE version: OpenJDK Runtime Environment Temurin-21.0.9+10 (21.0.9+10) (build 21.0.9+10-LTS)
# Java VM: OpenJDK 64-Bit Server VM Temurin-21.0.9+10 (21.0.9+10-LTS, mixed mode, sharing, tiered, compressed oops, compressed class ptrs, parallel gc, windows-amd64)
GC Precious Log:
 CardTable entry size: 512
 CPUs: 8 total, 8 available
 Memory: 3406M
 Large Page Support: Disabled
 NUMA Support: Disabled
 Compressed Oops: Enabled (32-bit)
 Alignments: Space 512K, Generation 512K, Heap 2M
 Heap Min Capacity: 100M
 Heap Initial Capacity: 100M
 Heap Max Capacity: 2G
 Pre-touch: Disabled
 Parallel Workers: 8
Heap:
 PSYoungGen      total 4608K, used 4601K [0x00000000d5580000, 0x00000000d5c00000, 0x0000000100000000)
  eden space 2560K, 100% used [0x00000000d5580000,0x00000000d5800000,0x00000000d5800000)
  from space 2048K, 99% used [0x00000000d5880000,0x00000000d5a7e7a0,0x00000000d5a80000)
  to   space 1536K, 0% used [0x00000000d5a80000,0x00000000d5a80000,0x00000000d5c00000)
 ParOldGen       total 1011200K, used 1010874K [0x0000000080000000, 0x00000000bdb80000, 0x00000000d5580000)
  object space 1011200K, 99% used [0x0000000080000000,0x00000000bdb2eab8,0x00000000bdb80000)
 Metaspace       used 76690K, committed 78400K, reserved 1179648K
  class space    used 7896K, committed 8640K, reserved 1048576K
GC Heap History (20 events):
Event: 156.458 GC heap before
{Heap before GC invocations=483 (full 3):
 PSYoungGen      total 8704K, used 7901K [0x00000000d5580000, 0x00000000d6180000, 0x0000000100000000)
  eden space 5120K, 94% used [0x00000000d5580000,0x00000000d5a34690,0x00000000d5a80000)
  from space 3584K, 86% used [0x00000000d5a80000,0x00000000d5d83000,0x00000000d5e00000)
  to   space 3584K, 0% used [0x00000000d5e00000,0x00000000d5e00000,0x00000000d6180000)
 ParOldGen       total 995328K, used 991867K [0x0000000080000000, 0x00000000bcc00000, 0x00000000d5580000)
  object space 995328K, 99% used [0x0000000080000000,0x00000000bc89ee20,0x00000000bcc00000)
 Metaspace       used 76669K, committed 78400K, reserved 1179648K
  class space    used 7896K, committed 8640K, reserved 1048576K
}
Event: 156.474 GC heap after
{Heap after GC invocations=483 (full 3):
 PSYoungGen      total 6144K, used 3575K [0x00000000d5580000, 0x00000000d6780000, 0x0000000100000000)
  eden space 2560K, 0% used [0x00000000d5580000,0x00000000d5580000,0x00000000d5800000)
  from space 3584K, 99% used [0x00000000d5e00000,0x00000000d617ddd8,0x00000000d6180000)
  to   space 6144K, 0% used [0x00000000d5800000,0x00000000d5800000,0x00000000d5e00000)
 ParOldGen       total 995328K, used 993611K [0x0000000080000000, 0x00000000bcc00000, 0x00000000d5580000)
  object space 995328K, 99% used [0x0000000080000000,0x00000000bca52e40,0x00000000bcc00000)
 Metaspace       used 76669K, committed 78400K, reserved 1179648K
  class space    used 7896K, committed 8640K, reserved 1048576K
}
Event: 156.596 GC heap before
{Heap before GC invocations=484 (full 3):
 PSYoungGen      total 6144K, used 6135K [0x00000000d5580000, 0x00000000d6780000, 0x0000000100000000)
  eden space 2560K, 100% used [0x00000000d5580000,0x00000000d5800000,0x00000000d5800000)
  from space 3584K, 99% used [0x00000000d5e00000,0x00000000d617ddd8,0x00000000d6180000)
  to   space 6144K, 0% used [0x00000000d5800000,0x00000000d5800000,0x00000000d5e00000)
 ParOldGen       total 995328K, used 993611K [0x0000000080000000, 0x00000000bcc00000, 0x00000000d5580000)
  object space 995328K, 99% used [0x0000000080000000,0x00000000bca52e40,0x00000000bcc00000)
 Metaspace       used 76680K, committed 78400K, reserved 1179648K
  class space    used 7896K, committed 8640K, reserved 1048576K
}
Event: 156.615 GC heap after
{Heap after GC invocations=484 (full 3):
 PSYoungGen      total 4096K, used 1383K [0x00000000d5580000, 0x00000000d5e80000, 0x0000000100000000)
  eden space 2560K, 0% used [0x00000000d5580000,0x00000000d5580000,0x00000000d5800000)
  from space 1536K, 90% used [0x00000000d5800000,0x00000000d5959dd8,0x00000000d5980000)
  to   space 3072K, 0% used [0x00000000d5b80000,0x00000000d5b80000,0x00000000d5e80000)
 ParOldGen       total 997376K, used 997083K [0x0000000080000000, 0x00000000bce00000, 0x00000000d5580000)
  object space 997376K, 99% used [0x0000000080000000,0x00000000bcdb6c28,0x00000000bce00000)
 Metaspace       used 76680K, committed 78400K, reserved 1179648K
  class space    used 7896K, committed 8640K, reserved 1048576K
}
Event: 156.737 GC heap before
{Heap before GC invocations=485 (full 3):
 PSYoungGen      total 4096K, used 3943K [0x00000000d5580000, 0x00000000d5e80000, 0x0000000100000000)
  eden space 2560K, 100% used [0x00000000d5580000,0x00000000d5800000,0x00000000d5800000)
  from space 1536K, 90% used [0x00000000d5800000,0x00000000d5959dd8,0x00000000d5980000)
  to   space 3072K, 0% used [0x00000000d5b80000,0x00000000d5b80000,0x00000000d5e80000)
 ParOldGen       total 997376K, used 997083K [0x0000000080000000, 0x00000000bce00000, 0x00000000d5580000)
  object space 997376K, 99% used [0x0000000080000000,0x00000000bcdb6c28,0x00000000bce00000)
 Metaspace       used 76680K, committed 78400K, reserved 1179648K
  class space    used 7896K, committed 8640K, reserved 1048576K
}
Event: 156.743 GC heap after
{Heap after GC invocations=485 (full 3):
 PSYoungGen      total 3584K, used 864K [0x00000000d5580000, 0x00000000d5c80000, 0x0000000100000000)
  eden space 2560K, 0% used [0x00000000d5580000,0x00000000d5580000,0x00000000d5800000)
  from space 1024K, 84% used [0x00000000d5b80000,0x00000000d5c58000,0x00000000d5c80000)
  to   space 1536K, 0% used [0x00000000d5980000,0x00000000d5980000,0x00000000d5b00000)
 ParOldGen       total 998400K, used 998370K [0x0000000080000000, 0x00000000bcf00000, 0x00000000d5580000)
  object space 998400K, 99% used [0x0000000080000000,0x00000000bcef8a00,0x00000000bcf00000)
 Metaspace       used 76680K, committed 78400K, reserved 1179648K
  class space    used 7896K, committed 8640K, reserved 1048576K
}
Event: 156.784 GC heap before
{Heap before GC invocations=486 (full 3):
 PSYoungGen      total 3584K, used 3424K [0x00000000d5580000, 0x00000000d5c80000, 0x0000000100000000)
  eden space 2560K, 100% used [0x00000000d5580000,0x00000000d5800000,0x00000000d5800000)
  from space 1024K, 84% used [0x00000000d5b80000,0x00000000d5c58000,0x00000000d5c80000)
  to   space 1536K, 0% used [0x00000000d5980000,0x00000000d5980000,0x00000000d5b00000)
 ParOldGen       total 998400K, used 998370K [0x0000000080000000, 0x00000000bcf00000, 0x00000000d5580000)
  object space 998400K, 99% used [0x0000000080000000,0x00000000bcef8a00,0x00000000bcf00000)
 Metaspace       used 76680K, committed 78400K, reserved 1179648K
  class space    used 7896K, committed 8640K, reserved 1048576K
}
Event: 157.792 GC heap after
{Heap after GC invocations=486 (full 3):
 PSYoungGen      total 4096K, used 1536K [0x00000000d5580000, 0x00000000d5f00000, 0x0000000100000000)
  eden space 2560K, 0% used [0x00000000d5580000,0x00000000d5580000,0x00000000d5800000)
  from space 1536K, 100% used [0x00000000d5980000,0x00000000d5b00000,0x00000000d5b00000)
  to   space 3584K, 0% used [0x00000000d5b80000,0x00000000d5b80000,0x00000000d5f00000)
 ParOldGen       total 999936K, used 999794K [0x0000000080000000, 0x00000000bd080000, 0x00000000d5580000)
  object space 999936K, 99% used [0x0000000080000000,0x00000000bd05ca00,0x00000000bd080000)
 Metaspace       used 76680K, committed 78400K, reserved 1179648K
  class space    used 7896K, committed 8640K, reserved 1048576K
}
Event: 157.806 GC heap before
{Heap before GC invocations=487 (full 3):
 PSYoungGen      total 4096K, used 4096K [0x00000000d5580000, 0x00000000d5f00000, 0x0000000100000000)
  eden space 2560K, 100% used [0x00000000d5580000,0x00000000d5800000,0x00000000d5800000)
  from space 1536K, 100% used [0x00000000d5980000,0x00000000d5b00000,0x00000000d5b00000)
  to   space 3584K, 0% used [0x00000000d5b80000,0x00000000d5b80000,0x00000000d5f00000)
 ParOldGen       total 999936K, used 999794K [0x0000000080000000, 0x00000000bd080000, 0x00000000d5580000)
  object space 999936K, 99% used [0x0000000080000000,0x00000000bd05ca00,0x00000000bd080000)
 Metaspace       used 76681K, committed 78400K, reserved 1179648K
  class space    used 7896K, committed 8640K, reserved 1048576K
}
Event: 157.814 GC heap after
{Heap after GC invocations=487 (full 3):
 PSYoungGen      total 5120K, used 2400K [0x00000000d5580000, 0x00000000d5e00000, 0x0000000100000000)
  eden space 2560K, 0% used [0x00000000d5580000,0x00000000d5580000,0x00000000d5800000)
  from space 2560K, 93% used [0x00000000d5b80000,0x00000000d5dd8000,0x00000000d5e00000)
  to   space 3072K, 0% used [0x00000000d5800000,0x00000000d5800000,0x00000000d5b00000)
 ParOldGen       total 1001472K, used 1001378K [0x0000000080000000, 0x00000000bd200000, 0x00000000d5580000)
  object space 1001472K, 99% used [0x0000000080000000,0x00000000bd1e8a00,0x00000000bd200000)
 Metaspace       used 76681K, committed 78400K, reserved 1179648K
  class space    used 7896K, committed 8640K, reserved 1048576K
}
Event: 157.830 GC heap before
{Heap before GC invocations=488 (full 3):
 PSYoungGen      total 5120K, used 4811K [0x00000000d5580000, 0x00000000d5e00000, 0x0000000100000000)
  eden space 2560K, 94% used [0x00000000d5580000,0x00000000d57dacc0,0x00000000d5800000)
  from space 2560K, 93% used [0x00000000d5b80000,0x00000000d5dd8000,0x00000000d5e00000)
  to   space 3072K, 0% used [0x00000000d5800000,0x00000000d5800000,0x00000000d5b00000)
 ParOldGen       total 1001472K, used 1001378K [0x0000000080000000, 0x00000000bd200000, 0x00000000d5580000)
  object space 1001472K, 99% used [0x0000000080000000,0x00000000bd1e8a00,0x00000000bd200000)
 Metaspace       used 76683K, committed 78400K, reserved 1179648K
  class space    used 7896K, committed 8640K, reserved 1048576K
}
Event: 157.835 GC heap after
{Heap after GC invocations=488 (full 3):
 PSYoungGen      total 5120K, used 2248K [0x00000000d5580000, 0x00000000d5d00000, 0x0000000100000000)
  eden space 2560K, 0% used [0x00000000d5580000,0x00000000d5580000,0x00000000d5800000)
  from space 2560K, 87% used [0x00000000d5800000,0x00000000d5a32000,0x00000000d5a80000)
  to   space 2560K, 0% used [0x00000000d5a80000,0x00000000d5a80000,0x00000000d5d00000)
 ParOldGen       total 1004032K, used 1003730K [0x0000000080000000, 0x00000000bd480000, 0x00000000d5580000)
  object space 1004032K, 99% used [0x0000000080000000,0x00000000bd434a00,0x00000000bd480000)
 Metaspace       used 76683K, committed 78400K, reserved 1179648K
  class space    used 7896K, committed 8640K, reserved 1048576K
}
Event: 157.867 GC heap before
{Heap before GC invocations=489 (full 3):
 PSYoungGen      total 5120K, used 4528K [0x00000000d5580000, 0x00000000d5d00000, 0x0000000100000000)
  eden space 2560K, 89% used [0x00000000d5580000,0x00000000d57ba198,0x00000000d5800000)
  from space 2560K, 87% used [0x00000000d5800000,0x00000000d5a32000,0x00000000d5a80000)
  to   space 2560K, 0% used [0x00000000d5a80000,0x00000000d5a80000,0x00000000d5d00000)
 ParOldGen       total 1004032K, used 1003730K [0x0000000080000000, 0x00000000bd480000, 0x00000000d5580000)
  object space 1004032K, 99% used [0x0000000080000000,0x00000000bd434a00,0x00000000bd480000)
 Metaspace       used 76689K, committed 78400K, reserved 1179648K
  class space    used 7896K, committed 8640K, reserved 1048576K
}
Event: 157.873 GC heap after
{Heap after GC invocations=489 (full 3):
 PSYoungGen      total 4608K, used 1664K [0x00000000d5580000, 0x00000000d5c80000, 0x0000000100000000)
  eden space 2560K, 0% used [0x00000000d5580000,0x00000000d5580000,0x00000000d5800000)
  from space 2048K, 81% used [0x00000000d5a80000,0x00000000d5c20000,0x00000000d5c80000)
  to   space 2048K, 0% used [0x00000000d5880000,0x00000000d5880000,0x00000000d5a80000)
 ParOldGen       total 1006080K, used 1005762K [0x0000000080000000, 0x00000000bd680000, 0x00000000d5580000)
  object space 1006080K, 99% used [0x0000000080000000,0x00000000bd630a00,0x00000000bd680000)
 Metaspace       used 76689K, committed 78400K, reserved 1179648K
  class space    used 7896K, committed 8640K, reserved 1048576K
}
Event: 158.142 GC heap before
{Heap before GC invocations=490 (full 3):
 PSYoungGen      total 4608K, used 4224K [0x00000000d5580000, 0x00000000d5c80000, 0x0000000100000000)
  eden space 2560K, 100% used [0x00000000d5580000,0x00000000d5800000,0x00000000d5800000)
  from space 2048K, 81% used [0x00000000d5a80000,0x00000000d5c20000,0x00000000d5c80000)
  to   space 2048K, 0% used [0x00000000d5880000,0x00000000d5880000,0x00000000d5a80000)
 ParOldGen       total 1006080K, used 1005762K [0x0000000080000000, 0x00000000bd680000, 0x00000000d5580000)
  object space 1006080K, 99% used [0x0000000080000000,0x00000000bd630a00,0x00000000bd680000)
 Metaspace       used 76690K, committed 78400K, reserved 1179648K
  class space    used 7896K, committed 8640K, reserved 1048576K
}
Event: 158.150 GC heap after
{Heap after GC invocations=490 (full 3):
 PSYoungGen      total 4608K, used 1664K [0x00000000d5580000, 0x00000000d5c00000, 0x0000000100000000)
  eden space 2560K, 0% used [0x00000000d5580000,0x00000000d5580000,0x00000000d5800000)
  from space 2048K, 81% used [0x00000000d5880000,0x00000000d5a20000,0x00000000d5a80000)
  to   space 1536K, 0% used [0x00000000d5a80000,0x00000000d5a80000,0x00000000d5c00000)
 ParOldGen       total 1007104K, used 1006690K [0x0000000080000000, 0x00000000bd780000, 0x00000000d5580000)
  object space 1007104K, 99% used [0x0000000080000000,0x00000000bd718a00,0x00000000bd780000)
 Metaspace       used 76690K, committed 78400K, reserved 1179648K
  class space    used 7896K, committed 8640K, reserved 1048576K
}
Event: 158.211 GC heap before
{Heap before GC invocations=491 (full 3):
 PSYoungGen      total 4608K, used 4140K [0x00000000d5580000, 0x00000000d5c00000, 0x0000000100000000)
  eden space 2560K, 96% used [0x00000000d5580000,0x00000000d57eb348,0x00000000d5800000)
  from space 2048K, 81% used [0x00000000d5880000,0x00000000d5a20000,0x00000000d5a80000)
  to   space 1536K, 0% used [0x00000000d5a80000,0x00000000d5a80000,0x00000000d5c00000)
 ParOldGen       total 1007104K, used 1006690K [0x0000000080000000, 0x00000000bd780000, 0x00000000d5580000)
  object space 1007104K, 99% used [0x0000000080000000,0x00000000bd718a00,0x00000000bd780000)
 Metaspace       used 76690K, committed 78400K, reserved 1179648K
  class space    used 7896K, committed 8640K, reserved 1048576K
}
Event: 160.235 GC heap after
{Heap after GC invocations=491 (full 3):
 PSYoungGen      total 4096K, used 1530K [0x00000000d5580000, 0x00000000d5c00000, 0x0000000100000000)
  eden space 2560K, 0% used [0x00000000d5580000,0x00000000d5580000,0x00000000d5800000)
  from space 1536K, 99% used [0x00000000d5a80000,0x00000000d5bfe998,0x00000000d5c00000)
  to   space 2048K, 0% used [0x00000000d5880000,0x00000000d5880000,0x00000000d5a80000)
 ParOldGen       total 1009664K, used 1009389K [0x0000000080000000, 0x00000000bda00000, 0x00000000d5580000)
  object space 1009664K, 99% used [0x0000000080000000,0x00000000bd9bb760,0x00000000bda00000)
 Metaspace       used 76690K, committed 78400K, reserved 1179648K
  class space    used 7896K, committed 8640K, reserved 1048576K
}
Event: 160.289 GC heap before
{Heap before GC invocations=492 (full 3):
 PSYoungGen      total 4096K, used 4072K [0x00000000d5580000, 0x00000000d5c00000, 0x0000000100000000)
  eden space 2560K, 99% used [0x00000000d5580000,0x00000000d57fb880,0x00000000d5800000)
  from space 1536K, 99% used [0x00000000d5a80000,0x00000000d5bfe998,0x00000000d5c00000)
  to   space 2048K, 0% used [0x00000000d5880000,0x00000000d5880000,0x00000000d5a80000)
 ParOldGen       total 1009664K, used 1009389K [0x0000000080000000, 0x00000000bda00000, 0x00000000d5580000)
  object space 1009664K, 99% used [0x0000000080000000,0x00000000bd9bb760,0x00000000bda00000)
 Metaspace       used 76690K, committed 78400K, reserved 1179648K
  class space    used 7896K, committed 8640K, reserved 1048576K
}
Event: 162.310 GC heap after
{Heap after GC invocations=492 (full 3):
 PSYoungGen      total 4608K, used 2041K [0x00000000d5580000, 0x00000000d5c00000, 0x0000000100000000)
  eden space 2560K, 0% used [0x00000000d5580000,0x00000000d5580000,0x00000000d5800000)
  from space 2048K, 99% used [0x00000000d5880000,0x00000000d5a7e7a0,0x00000000d5a80000)
  to   space 1536K, 0% used [0x00000000d5a80000,0x00000000d5a80000,0x00000000d5c00000)
 ParOldGen       total 1011200K, used 1010874K [0x0000000080000000, 0x00000000bdb80000, 0x00000000d5580000)
  object space 1011200K, 99% used [0x0000000080000000,0x00000000bdb2eab8,0x00000000bdb80000)
 Metaspace       used 76690K, committed 78400K, reserved 1179648K
  class space    used 7896K, committed 8640K, reserved 1048576K
}

