# JRE version: OpenJDK Runtime Environment Temurin-21.0.9+10 (21.0.9+10) (build 21.0.9+10-LTS)
# Java VM: OpenJDK 64-Bit Server VM Temurin-21.0.9+10 (21.0.9+10-LTS, mixed mode, sharing, tiered, compressed oops, compressed class ptrs, parallel gc, windows-amd64)
GC Precious Log:
 CardTable entry size: 512
 CPUs: 8 total, 8 available
 Memory: 3406M
 Large Page Support: Disabled
 NUMA Support: Disabled
 Compressed Oops: Enabled (32-bit)
 Alignments: Space 512K, Generation 512K, Heap 2M
 Heap Min Capacity: 100M
 Heap Initial Capacity: 100M
 Heap Max Capacity: 2G
 Pre-touch: Disabled
 Parallel Workers: 8
Heap:
 PSYoungGen      total 17408K, used 9050K [0x00000000d5580000, 0x00000000d6900000, 0x0000000100000000)
  eden space 15360K, 48% used [0x00000000d5580000,0x00000000d5cc6a90,0x00000000d6480000)
  from space 2048K, 78% used [0x00000000d6680000,0x00000000d6810010,0x00000000d6880000)
  to   space 512K, 0% used [0x00000000d6880000,0x00000000d6880000,0x00000000d6900000)
 ParOldGen       total 68608K, used 47144K [0x0000000080000000, 0x0000000084300000, 0x00000000d5580000)
  object space 68608K, 68% used [0x0000000080000000,0x0000000082e0a368,0x0000000084300000)
 Metaspace       used 49482K, committed 50880K, reserved 1114112K
  class space    used 5376K, committed 6016K, reserved 1048576K
GC Heap History (20 events):
Event: 11.930 GC heap before
{Heap before GC invocations=21 (full 2):
 PSYoungGen      total 21504K, used 21476K [0x00000000d5580000, 0x00000000d8100000, 0x0000000100000000)
  eden space 15360K, 100% used [0x00000000d5580000,0x00000000d6480000,0x00000000d6480000)
  from space 6144K, 99% used [0x00000000d7000000,0x00000000d75f9170,0x00000000d7600000)
  to   space 11776K, 0% used [0x00000000d6480000,0x00000000d6480000,0x00000000d7000000)
 ParOldGen       total 68608K, used 29415K [0x0000000080000000, 0x0000000084300000, 0x00000000d5580000)
  object space 68608K, 42% used [0x0000000080000000,0x0000000081cb9c90,0x0000000084300000)
 Metaspace       used 45912K, committed 47232K, reserved 1114112K
  class space    used 5012K, committed 5568K, reserved 1048576K
}
Event: 11.937 GC heap after
{Heap after GC invocations=21 (full 2):
 PSYoungGen      total 16384K, used 923K [0x00000000d5580000, 0x00000000d7080000, 0x0000000100000000)
  eden space 15360K, 0% used [0x00000000d5580000,0x00000000d5580000,0x00000000d6480000)
  from space 1024K, 90% used [0x00000000d6480000,0x00000000d6566e98,0x00000000d6580000)
  to   space 4608K, 0% used [0x00000000d6c00000,0x00000000d6c00000,0x00000000d7080000)
 ParOldGen       total 68608K, used 35554K [0x0000000080000000, 0x0000000084300000, 0x00000000d5580000)
  object space 68608K, 51% used [0x0000000080000000,0x00000000822b8ac0,0x0000000084300000)
 Metaspace       used 45912K, committed 47232K, reserved 1114112K
  class space    used 5012K, committed 5568K, reserved 1048576K
}
Event: 12.320 GC heap before
{Heap before GC invocations=22 (full 2):
 PSYoungGen      total 16384K, used 16283K [0x00000000d5580000, 0x00000000d7080000, 0x0000000100000000)
  eden space 15360K, 100% used [0x00000000d5580000,0x00000000d6480000,0x00000000d6480000)
  from space 1024K, 90% used [0x00000000d6480000,0x00000000d6566e98,0x00000000d6580000)
  to   space 4608K, 0% used [0x00000000d6c00000,0x00000000d6c00000,0x00000000d7080000)
 ParOldGen       total 68608K, used 35554K [0x0000000080000000, 0x0000000084300000, 0x00000000d5580000)
  object space 68608K, 51% used [0x0000000080000000,0x00000000822b8ac0,0x0000000084300000)
 Metaspace       used 46888K, committed 48128K, reserved 1114112K
  class space    used 5121K, committed 5632K, reserved 1048576K
}
Event: 12.324 GC heap after
{Heap after GC invocations=22 (full 2):
 PSYoungGen      total 16384K, used 765K [0x00000000d5580000, 0x00000000d6d00000, 0x0000000100000000)
  eden space 15360K, 0% used [0x00000000d5580000,0x00000000d5580000,0x00000000d6480000)
  from space 1024K, 74% used [0x00000000d6c00000,0x00000000d6cbf620,0x00000000d6d00000)
  to   space 1536K, 0% used [0x00000000d6a00000,0x00000000d6a00000,0x00000000d6b80000)
 ParOldGen       total 68608K, used 36298K [0x0000000080000000, 0x0000000084300000, 0x00000000d5580000)
  object space 68608K, 52% used [0x0000000080000000,0x0000000082372b88,0x0000000084300000)
 Metaspace       used 46888K, committed 48128K, reserved 1114112K
  class space    used 5121K, committed 5632K, reserved 1048576K
}
Event: 13.261 GC heap before
{Heap before GC invocations=23 (full 2):
 PSYoungGen      total 16384K, used 16125K [0x00000000d5580000, 0x00000000d6d00000, 0x0000000100000000)
  eden space 15360K, 100% used [0x00000000d5580000,0x00000000d6480000,0x00000000d6480000)
  from space 1024K, 74% used [0x00000000d6c00000,0x00000000d6cbf620,0x00000000d6d00000)
  to   space 1536K, 0% used [0x00000000d6a00000,0x00000000d6a00000,0x00000000d6b80000)
 ParOldGen       total 68608K, used 36298K [0x0000000080000000, 0x0000000084300000, 0x00000000d5580000)
  object space 68608K, 52% used [0x0000000080000000,0x0000000082372b88,0x0000000084300000)
 Metaspace       used 47699K, committed 49024K, reserved 1114112K
  class space    used 5206K, committed 5760K, reserved 1048576K
}
Event: 13.264 GC heap after
{Heap after GC invocations=23 (full 2):
 PSYoungGen      total 16896K, used 920K [0x00000000d5580000, 0x00000000d6c80000, 0x0000000100000000)
  eden space 15360K, 0% used [0x00000000d5580000,0x00000000d5580000,0x00000000d6480000)
  from space 1536K, 59% used [0x00000000d6a00000,0x00000000d6ae61a8,0x00000000d6b80000)
  to   space 1024K, 0% used [0x00000000d6b80000,0x00000000d6b80000,0x00000000d6c80000)
 ParOldGen       total 68608K, used 36752K [0x0000000080000000, 0x0000000084300000, 0x00000000d5580000)
  object space 68608K, 53% used [0x0000000080000000,0x00000000823e4350,0x0000000084300000)
 Metaspace       used 47699K, committed 49024K, reserved 1114112K
  class space    used 5206K, committed 5760K, reserved 1048576K
}
Event: 13.739 GC heap before
{Heap before GC invocations=24 (full 2):
 PSYoungGen      total 16896K, used 16234K [0x00000000d5580000, 0x00000000d6c80000, 0x0000000100000000)
  eden space 15360K, 99% used [0x00000000d5580000,0x00000000d6474858,0x00000000d6480000)
  from space 1536K, 59% used [0x00000000d6a00000,0x00000000d6ae61a8,0x00000000d6b80000)
  to   space 1024K, 0% used [0x00000000d6b80000,0x00000000d6b80000,0x00000000d6c80000)
 ParOldGen       total 68608K, used 36752K [0x0000000080000000, 0x0000000084300000, 0x00000000d5580000)
  object space 68608K, 53% used [0x0000000080000000,0x00000000823e4350,0x0000000084300000)
 Metaspace       used 48883K, committed 50240K, reserved 1114112K
  class space    used 5312K, committed 5888K, reserved 1048576K
}
Event: 13.745 GC heap after
{Heap after GC invocations=24 (full 2):
 PSYoungGen      total 16384K, used 1009K [0x00000000d5580000, 0x00000000d6c80000, 0x0000000100000000)
  eden space 15360K, 0% used [0x00000000d5580000,0x00000000d5580000,0x00000000d6480000)
  from space 1024K, 98% used [0x00000000d6b80000,0x00000000d6c7c4d0,0x00000000d6c80000)
  to   space 2560K, 0% used [0x00000000d6780000,0x00000000d6780000,0x00000000d6a00000)
 ParOldGen       total 68608K, used 37632K [0x0000000080000000, 0x0000000084300000, 0x00000000d5580000)
  object space 68608K, 54% used [0x0000000080000000,0x00000000824c00d0,0x0000000084300000)
 Metaspace       used 48883K, committed 50240K, reserved 1114112K
  class space    used 5312K, committed 5888K, reserved 1048576K
}
Event: 13.862 GC heap before
{Heap before GC invocations=25 (full 2):
 PSYoungGen      total 16384K, used 16369K [0x00000000d5580000, 0x00000000d6c80000, 0x0000000100000000)
  eden space 15360K, 100% used [0x00000000d5580000,0x00000000d6480000,0x00000000d6480000)
  from space 1024K, 98% used [0x00000000d6b80000,0x00000000d6c7c4d0,0x00000000d6c80000)
  to   space 2560K, 0% used [0x00000000d6780000,0x00000000d6780000,0x00000000d6a00000)
 ParOldGen       total 68608K, used 37632K [0x0000000080000000, 0x0000000084300000, 0x00000000d5580000)
  object space 68608K, 54% used [0x0000000080000000,0x00000000824c00d0,0x0000000084300000)
 Metaspace       used 49034K, committed 50432K, reserved 1114112K
  class space    used 5315K, committed 5888K, reserved 1048576K
}
Event: 13.866 GC heap after
{Heap after GC invocations=25 (full 2):
 PSYoungGen      total 17920K, used 1632K [0x00000000d5580000, 0x00000000d6c00000, 0x0000000100000000)
  eden space 15360K, 0% used [0x00000000d5580000,0x00000000d5580000,0x00000000d6480000)
  from space 2560K, 63% used [0x00000000d6780000,0x00000000d6918030,0x00000000d6a00000)
  to   space 2048K, 0% used [0x00000000d6a00000,0x00000000d6a00000,0x00000000d6c00000)
 ParOldGen       total 68608K, used 38461K [0x0000000080000000, 0x0000000084300000, 0x00000000d5580000)
  object space 68608K, 56% used [0x0000000080000000,0x000000008258f6d8,0x0000000084300000)
 Metaspace       used 49034K, committed 50432K, reserved 1114112K
  class space    used 5315K, committed 5888K, reserved 1048576K
}
Event: 13.972 GC heap before
{Heap before GC invocations=26 (full 2):
 PSYoungGen      total 17920K, used 16992K [0x00000000d5580000, 0x00000000d6c00000, 0x0000000100000000)
  eden space 15360K, 100% used [0x00000000d5580000,0x00000000d6480000,0x00000000d6480000)
  from space 2560K, 63% used [0x00000000d6780000,0x00000000d6918030,0x00000000d6a00000)
  to   space 2048K, 0% used [0x00000000d6a00000,0x00000000d6a00000,0x00000000d6c00000)
 ParOldGen       total 68608K, used 38461K [0x0000000080000000, 0x0000000084300000, 0x00000000d5580000)
  object space 68608K, 56% used [0x0000000080000000,0x000000008258f6d8,0x0000000084300000)
 Metaspace       used 49042K, committed 50432K, reserved 1114112K
  class space    used 5315K, committed 5888K, reserved 1048576K
}
Event: 13.976 GC heap after
{Heap after GC invocations=26 (full 2):
 PSYoungGen      total 16896K, used 1440K [0x00000000d5580000, 0x00000000d6b80000, 0x0000000100000000)
  eden space 15360K, 0% used [0x00000000d5580000,0x00000000d5580000,0x00000000d6480000)
  from space 1536K, 93% used [0x00000000d6a00000,0x00000000d6b68000,0x00000000d6b80000)
  to   space 1536K, 0% used [0x00000000d6880000,0x00000000d6880000,0x00000000d6a00000)
 ParOldGen       total 68608K, used 39957K [0x0000000080000000, 0x0000000084300000, 0x00000000d5580000)
  object space 68608K, 58% used [0x0000000080000000,0x0000000082705708,0x0000000084300000)
 Metaspace       used 49042K, committed 50432K, reserved 1114112K
  class space    used 5315K, committed 5888K, reserved 1048576K
}
Event: 14.216 GC heap before
{Heap before GC invocations=27 (full 2):
 PSYoungGen      total 16896K, used 16800K [0x00000000d5580000, 0x00000000d6b80000, 0x0000000100000000)
  eden space 15360K, 100% used [0x00000000d5580000,0x00000000d6480000,0x00000000d6480000)
  from space 1536K, 93% used [0x00000000d6a00000,0x00000000d6b68000,0x00000000d6b80000)
  to   space 1536K, 0% used [0x00000000d6880000,0x00000000d6880000,0x00000000d6a00000)
 ParOldGen       total 68608K, used 39957K [0x0000000080000000, 0x0000000084300000, 0x00000000d5580000)
  object space 68608K, 58% used [0x0000000080000000,0x0000000082705708,0x0000000084300000)
 Metaspace       used 49443K, committed 50816K, reserved 1114112K
  class space    used 5375K, committed 5952K, reserved 1048576K
}
Event: 14.222 GC heap after
{Heap after GC invocations=27 (full 2):
 PSYoungGen      total 16896K, used 1506K [0x00000000d5580000, 0x00000000d6b80000, 0x0000000100000000)
  eden space 15360K, 0% used [0x00000000d5580000,0x00000000d5580000,0x00000000d6480000)
  from space 1536K, 98% used [0x00000000d6880000,0x00000000d69f8820,0x00000000d6a00000)
  to   space 1536K, 0% used [0x00000000d6a00000,0x00000000d6a00000,0x00000000d6b80000)
 ParOldGen       total 68608K, used 41501K [0x0000000080000000, 0x0000000084300000, 0x00000000d5580000)
  object space 68608K, 60% used [0x0000000080000000,0x0000000082887708,0x0000000084300000)
 Metaspace       used 49443K, committed 50816K, reserved 1114112K
  class space    used 5375K, committed 5952K, reserved 1048576K
}
Event: 14.298 GC heap before
{Heap before GC invocations=28 (full 2):
 PSYoungGen      total 16896K, used 16866K [0x00000000d5580000, 0x00000000d6b80000, 0x0000000100000000)
  eden space 15360K, 100% used [0x00000000d5580000,0x00000000d6480000,0x00000000d6480000)
  from space 1536K, 98% used [0x00000000d6880000,0x00000000d69f8820,0x00000000d6a00000)
  to   space 1536K, 0% used [0x00000000d6a00000,0x00000000d6a00000,0x00000000d6b80000)
 ParOldGen       total 68608K, used 41501K [0x0000000080000000, 0x0000000084300000, 0x00000000d5580000)
  object space 68608K, 60% used [0x0000000080000000,0x0000000082887708,0x0000000084300000)
 Metaspace       used 49444K, committed 50816K, reserved 1114112K
  class space    used 5375K, committed 5952K, reserved 1048576K
}
Event: 14.304 GC heap after
{Heap after GC invocations=28 (full 2):
 PSYoungGen      total 16896K, used 1536K [0x00000000d5580000, 0x00000000d6b80000, 0x0000000100000000)
  eden space 15360K, 0% used [0x00000000d5580000,0x00000000d5580000,0x00000000d6480000)
  from space 1536K, 100% used [0x00000000d6a00000,0x00000000d6b80000,0x00000000d6b80000)
  to   space 3584K, 0% used [0x00000000d6480000,0x00000000d6480000,0x00000000d6800000)
 ParOldGen       total 68608K, used 42996K [0x0000000080000000, 0x0000000084300000, 0x00000000d5580000)
  object space 68608K, 62% used [0x0000000080000000,0x00000000829fd038,0x0000000084300000)
 Metaspace       used 49444K, committed 50816K, reserved 1114112K
  class space    used 5375K, committed 5952K, reserved 1048576K
}
Event: 14.399 GC heap before
{Heap before GC invocations=29 (full 2):
 PSYoungGen      total 16896K, used 16896K [0x00000000d5580000, 0x00000000d6b80000, 0x0000000100000000)
  eden space 15360K, 100% used [0x00000000d5580000,0x00000000d6480000,0x00000000d6480000)
  from space 1536K, 100% used [0x00000000d6a00000,0x00000000d6b80000,0x00000000d6b80000)
  to   space 3584K, 0% used [0x00000000d6480000,0x00000000d6480000,0x00000000d6800000)
 ParOldGen       total 68608K, used 42996K [0x0000000080000000, 0x0000000084300000, 0x00000000d5580000)
  object space 68608K, 62% used [0x0000000080000000,0x00000000829fd038,0x0000000084300000)
 Metaspace       used 49449K, committed 50816K, reserved 1114112K
  class space    used 5375K, committed 5952K, reserved 1048576K
}
Event: 14.405 GC heap after
{Heap after GC invocations=29 (full 2):
 PSYoungGen      total 18944K, used 1280K [0x00000000d5580000, 0x00000000d6a80000, 0x0000000100000000)
  eden space 15360K, 0% used [0x00000000d5580000,0x00000000d5580000,0x00000000d6480000)
  from space 3584K, 35% used [0x00000000d6480000,0x00000000d65c0000,0x00000000d6800000)
  to   space 2048K, 0% used [0x00000000d6880000,0x00000000d6880000,0x00000000d6a80000)
 ParOldGen       total 68608K, used 44480K [0x0000000080000000, 0x0000000084300000, 0x00000000d5580000)
  object space 68608K, 64% used [0x0000000080000000,0x0000000082b70268,0x0000000084300000)
 Metaspace       used 49449K, committed 50816K, reserved 1114112K
  class space    used 5375K, committed 5952K, reserved 1048576K
}
Event: 14.479 GC heap before
{Heap before GC invocations=30 (full 2):
 PSYoungGen      total 18944K, used 16640K [0x00000000d5580000, 0x00000000d6a80000, 0x0000000100000000)
  eden space 15360K, 100% used [0x00000000d5580000,0x00000000d6480000,0x00000000d6480000)
  from space 3584K, 35% used [0x00000000d6480000,0x00000000d65c0000,0x00000000d6800000)
  to   space 2048K, 0% used [0x00000000d6880000,0x00000000d6880000,0x00000000d6a80000)
 ParOldGen       total 68608K, used 44480K [0x0000000080000000, 0x0000000084300000, 0x00000000d5580000)
  object space 68608K, 64% used [0x0000000080000000,0x0000000082b70268,0x0000000084300000)
 Metaspace       used 49460K, committed 50816K, reserved 1114112K
  class space    used 5375K, committed 5952K, reserved 1048576K
}
Event: 14.483 GC heap after
{Heap after GC invocations=30 (full 2):
 PSYoungGen      total 17408K, used 1668K [0x00000000d5580000, 0x00000000d6a80000, 0x0000000100000000)
  eden space 15360K, 0% used [0x00000000d5580000,0x00000000d5580000,0x00000000d6480000)
  from space 2048K, 81% used [0x00000000d6880000,0x00000000d6a21000,0x00000000d6a80000)
  to   space 2048K, 0% used [0x00000000d6680000,0x00000000d6680000,0x00000000d6880000)
 ParOldGen       total 68608K, used 45600K [0x0000000080000000, 0x0000000084300000, 0x00000000d5580000)
  object space 68608K, 66% used [0x0000000080000000,0x0000000082c88268,0x0000000084300000)
 Metaspace       used 49460K, committed 50816K, reserved 1114112K
  class space    used 5375K, committed 5952K, reserved 1048576K
}

