# JRE version: OpenJDK Runtime Environment Temurin-21.0.9+10 (21.0.9+10) (build 21.0.9+10-LTS)
# Java VM: OpenJDK 64-Bit Server VM Temurin-21.0.9+10 (21.0.9+10-LTS, mixed mode, sharing, tiered, compressed oops, compressed class ptrs, parallel gc, windows-amd64)
GC Precious Log:
 CardTable entry size: 512
 CPUs: 8 total, 8 available
 Memory: 3406M
 Large Page Support: Disabled
 NUMA Support: Disabled
 Compressed Oops: Enabled (32-bit)
 Alignments: Space 512K, Generation 512K, Heap 2M
 Heap Min Capacity: 100M
 Heap Initial Capacity: 100M
 Heap Max Capacity: 2G
 Pre-touch: Disabled
 Parallel Workers: 8
Heap:
 PSYoungGen      total 6144K, used 3474K [0x00000000d5580000, 0x00000000d5c80000, 0x0000000100000000)
  eden space 4608K, 57% used [0x00000000d5580000,0x00000000d5817610,0x00000000d5a00000)
  from space 1536K, 53% used [0x00000000d5a00000,0x00000000d5acd200,0x00000000d5b80000)
  to   space 1024K, 0% used [0x00000000d5b80000,0x00000000d5b80000,0x00000000d5c80000)
 ParOldGen       total 611840K, used 611658K [0x0000000080000000, 0x00000000a5580000, 0x00000000d5580000)
  object space 611840K, 99% used [0x0000000080000000,0x00000000a5552a38,0x00000000a5580000)
 Metaspace       used 71162K, committed 72640K, reserved 1114112K
  class space    used 7329K, committed 7936K, reserved 1048576K
GC Heap History (20 events):
Event: 238.839 GC heap before
{Heap before GC invocations=631 (full 3):
 PSYoungGen      total 3072K, used 3054K [0x00000000d5580000, 0x00000000d5d80000, 0x0000000100000000)
  eden space 1536K, 100% used [0x00000000d5580000,0x00000000d5700000,0x00000000d5700000)
  from space 1536K, 98% used [0x00000000d5700000,0x00000000d587bbb0,0x00000000d5880000)
  to   space 3072K, 0% used [0x00000000d5a80000,0x00000000d5a80000,0x00000000d5d80000)
 ParOldGen       total 507392K, used 507041K [0x0000000080000000, 0x000000009ef80000, 0x00000000d5580000)
  object space 507392K, 99% used [0x0000000080000000,0x000000009ef28748,0x000000009ef80000)
 Metaspace       used 70995K, committed 72512K, reserved 1114112K
  class space    used 7328K, committed 7936K, reserved 1048576K
}
Event: 238.846 GC heap after
{Heap after GC invocations=631 (full 3):
 PSYoungGen      total 4096K, used 1632K [0x00000000d5580000, 0x00000000d5c80000, 0x0000000100000000)
  eden space 2048K, 0% used [0x00000000d5580000,0x00000000d5580000,0x00000000d5780000)
  from space 2048K, 79% used [0x00000000d5a80000,0x00000000d5c18000,0x00000000d5c80000)
  to   space 2048K, 0% used [0x00000000d5880000,0x00000000d5880000,0x00000000d5a80000)
 ParOldGen       total 508928K, used 508576K [0x0000000080000000, 0x000000009f100000, 0x00000000d5580000)
  object space 508928K, 99% used [0x0000000080000000,0x000000009f0a82f8,0x000000009f100000)
 Metaspace       used 70995K, committed 72512K, reserved 1114112K
  class space    used 7328K, committed 7936K, reserved 1048576K
}
Event: 238.852 GC heap before
{Heap before GC invocations=632 (full 3):
 PSYoungGen      total 4096K, used 3680K [0x00000000d5580000, 0x00000000d5c80000, 0x0000000100000000)
  eden space 2048K, 100% used [0x00000000d5580000,0x00000000d5780000,0x00000000d5780000)
  from space 2048K, 79% used [0x00000000d5a80000,0x00000000d5c18000,0x00000000d5c80000)
  to   space 2048K, 0% used [0x00000000d5880000,0x00000000d5880000,0x00000000d5a80000)
 ParOldGen       total 508928K, used 508576K [0x0000000080000000, 0x000000009f100000, 0x00000000d5580000)
  object space 508928K, 99% used [0x0000000080000000,0x000000009f0a82f8,0x000000009f100000)
 Metaspace       used 70995K, committed 72512K, reserved 1114112K
  class space    used 7328K, committed 7936K, reserved 1048576K
}
Event: 238.857 GC heap after
{Heap after GC invocations=632 (full 3):
 PSYoungGen      total 4608K, used 2048K [0x00000000d5580000, 0x00000000d6000000, 0x0000000100000000)
  eden space 2560K, 0% used [0x00000000d5580000,0x00000000d5580000,0x00000000d5800000)
  from space 2048K, 100% used [0x00000000d5880000,0x00000000d5a80000,0x00000000d5a80000)
  to   space 4096K, 0% used [0x00000000d5c00000,0x00000000d5c00000,0x00000000d6000000)
 ParOldGen       total 510464K, used 510144K [0x0000000080000000, 0x000000009f280000, 0x00000000d5580000)
  object space 510464K, 99% used [0x0000000080000000,0x000000009f2302f8,0x000000009f280000)
 Metaspace       used 70995K, committed 72512K, reserved 1114112K
  class space    used 7328K, committed 7936K, reserved 1048576K
}
Event: 238.873 GC heap before
{Heap before GC invocations=633 (full 3):
 PSYoungGen      total 4608K, used 4608K [0x00000000d5580000, 0x00000000d6000000, 0x0000000100000000)
  eden space 2560K, 100% used [0x00000000d5580000,0x00000000d5800000,0x00000000d5800000)
  from space 2048K, 100% used [0x00000000d5880000,0x00000000d5a80000,0x00000000d5a80000)
  to   space 4096K, 0% used [0x00000000d5c00000,0x00000000d5c00000,0x00000000d6000000)
 ParOldGen       total 510464K, used 510144K [0x0000000080000000, 0x000000009f280000, 0x00000000d5580000)
  object space 510464K, 99% used [0x0000000080000000,0x000000009f2302f8,0x000000009f280000)
 Metaspace       used 70995K, committed 72512K, reserved 1114112K
  class space    used 7328K, committed 7936K, reserved 1048576K
}
Event: 238.879 GC heap after
{Heap after GC invocations=633 (full 3):
 PSYoungGen      total 6144K, used 2656K [0x00000000d5580000, 0x00000000d5f00000, 0x0000000100000000)
  eden space 3072K, 0% used [0x00000000d5580000,0x00000000d5580000,0x00000000d5880000)
  from space 3072K, 86% used [0x00000000d5c00000,0x00000000d5e98000,0x00000000d5f00000)
  to   space 3072K, 0% used [0x00000000d5900000,0x00000000d5900000,0x00000000d5c00000)
 ParOldGen       total 512512K, used 512192K [0x0000000080000000, 0x000000009f480000, 0x00000000d5580000)
  object space 512512K, 99% used [0x0000000080000000,0x000000009f4302f8,0x000000009f480000)
 Metaspace       used 70995K, committed 72512K, reserved 1114112K
  class space    used 7328K, committed 7936K, reserved 1048576K
}
Event: 238.914 GC heap before
{Heap before GC invocations=634 (full 3):
 PSYoungGen      total 6144K, used 5728K [0x00000000d5580000, 0x00000000d5f00000, 0x0000000100000000)
  eden space 3072K, 100% used [0x00000000d5580000,0x00000000d5880000,0x00000000d5880000)
  from space 3072K, 86% used [0x00000000d5c00000,0x00000000d5e98000,0x00000000d5f00000)
  to   space 3072K, 0% used [0x00000000d5900000,0x00000000d5900000,0x00000000d5c00000)
 ParOldGen       total 512512K, used 512192K [0x0000000080000000, 0x000000009f480000, 0x00000000d5580000)
  object space 512512K, 99% used [0x0000000080000000,0x000000009f4302f8,0x000000009f480000)
 Metaspace       used 70995K, committed 72512K, reserved 1114112K
  class space    used 7328K, committed 7936K, reserved 1048576K
}
Event: 238.925 GC heap after
{Heap after GC invocations=634 (full 3):
 PSYoungGen      total 6656K, used 2496K [0x00000000d5580000, 0x00000000d5f80000, 0x0000000100000000)
  eden space 3584K, 0% used [0x00000000d5580000,0x00000000d5580000,0x00000000d5900000)
  from space 3072K, 81% used [0x00000000d5900000,0x00000000d5b70000,0x00000000d5c00000)
  to   space 3072K, 0% used [0x00000000d5c80000,0x00000000d5c80000,0x00000000d5f80000)
 ParOldGen       total 515072K, used 514760K [0x0000000080000000, 0x000000009f700000, 0x00000000d5580000)
  object space 515072K, 99% used [0x0000000080000000,0x000000009f6b22f8,0x000000009f700000)
 Metaspace       used 70995K, committed 72512K, reserved 1114112K
  class space    used 7328K, committed 7936K, reserved 1048576K
}
Event: 239.355 GC heap before
{Heap before GC invocations=635 (full 3):
 PSYoungGen      total 6656K, used 6080K [0x00000000d5580000, 0x00000000d5f80000, 0x0000000100000000)
  eden space 3584K, 100% used [0x00000000d5580000,0x00000000d5900000,0x00000000d5900000)
  from space 3072K, 81% used [0x00000000d5900000,0x00000000d5b70000,0x00000000d5c00000)
  to   space 3072K, 0% used [0x00000000d5c80000,0x00000000d5c80000,0x00000000d5f80000)
 ParOldGen       total 546816K, used 545480K [0x0000000080000000, 0x00000000a1600000, 0x00000000d5580000)
  object space 546816K, 99% used [0x0000000080000000,0x00000000a14b2328,0x00000000a1600000)
 Metaspace       used 71008K, committed 72512K, reserved 1114112K
  class space    used 7328K, committed 7936K, reserved 1048576K
}
Event: 239.372 GC heap after
{Heap after GC invocations=635 (full 3):
 PSYoungGen      total 7168K, used 2128K [0x00000000d5580000, 0x00000000d5f00000, 0x0000000100000000)
  eden space 4608K, 0% used [0x00000000d5580000,0x00000000d5580000,0x00000000d5a00000)
  from space 2560K, 83% used [0x00000000d5c80000,0x00000000d5e94010,0x00000000d5f00000)
  to   space 2560K, 0% used [0x00000000d5a00000,0x00000000d5a00000,0x00000000d5c80000)
 ParOldGen       total 547328K, used 547224K [0x0000000080000000, 0x00000000a1680000, 0x00000000d5580000)
  object space 547328K, 99% used [0x0000000080000000,0x00000000a1666328,0x00000000a1680000)
 Metaspace       used 71008K, committed 72512K, reserved 1114112K
  class space    used 7328K, committed 7936K, reserved 1048576K
}
Event: 239.862 GC heap before
{Heap before GC invocations=636 (full 3):
 PSYoungGen      total 7168K, used 6736K [0x00000000d5580000, 0x00000000d5f00000, 0x0000000100000000)
  eden space 4608K, 100% used [0x00000000d5580000,0x00000000d5a00000,0x00000000d5a00000)
  from space 2560K, 83% used [0x00000000d5c80000,0x00000000d5e94010,0x00000000d5f00000)
  to   space 2560K, 0% used [0x00000000d5a00000,0x00000000d5a00000,0x00000000d5c80000)
 ParOldGen       total 610816K, used 608664K [0x0000000080000000, 0x00000000a5480000, 0x00000000d5580000)
  object space 610816K, 99% used [0x0000000080000000,0x00000000a5266388,0x00000000a5480000)
 Metaspace       used 71037K, committed 72512K, reserved 1114112K
  class space    used 7328K, committed 7936K, reserved 1048576K
}
Event: 239.867 GC heap after
{Heap after GC invocations=636 (full 3):
 PSYoungGen      total 5120K, used 192K [0x00000000d5580000, 0x00000000d5d00000, 0x0000000100000000)
  eden space 4608K, 0% used [0x00000000d5580000,0x00000000d5580000,0x00000000d5a00000)
  from space 512K, 37% used [0x00000000d5a00000,0x00000000d5a30000,0x00000000d5a80000)
  to   space 1024K, 0% used [0x00000000d5c00000,0x00000000d5c00000,0x00000000d5d00000)
 ParOldGen       total 610816K, used 610564K [0x0000000080000000, 0x00000000a5480000, 0x00000000d5580000)
  object space 610816K, 99% used [0x0000000080000000,0x00000000a5441398,0x00000000a5480000)
 Metaspace       used 71037K, committed 72512K, reserved 1114112K
  class space    used 7328K, committed 7936K, reserved 1048576K
}
Event: 241.128 GC heap before
{Heap before GC invocations=637 (full 3):
 PSYoungGen      total 5120K, used 4800K [0x00000000d5580000, 0x00000000d5d00000, 0x0000000100000000)
  eden space 4608K, 100% used [0x00000000d5580000,0x00000000d5a00000,0x00000000d5a00000)
  from space 512K, 37% used [0x00000000d5a00000,0x00000000d5a30000,0x00000000d5a80000)
  to   space 1024K, 0% used [0x00000000d5c00000,0x00000000d5c00000,0x00000000d5d00000)
 ParOldGen       total 610816K, used 610564K [0x0000000080000000, 0x00000000a5480000, 0x00000000d5580000)
  object space 610816K, 99% used [0x0000000080000000,0x00000000a5441398,0x00000000a5480000)
 Metaspace       used 71076K, committed 72512K, reserved 1114112K
  class space    used 7328K, committed 7936K, reserved 1048576K
}
Event: 241.211 GC heap after
{Heap after GC invocations=637 (full 3):
 PSYoungGen      total 5632K, used 522K [0x00000000d5580000, 0x00000000d5d00000, 0x0000000100000000)
  eden space 4608K, 0% used [0x00000000d5580000,0x00000000d5580000,0x00000000d5a00000)
  from space 1024K, 51% used [0x00000000d5c00000,0x00000000d5c82910,0x00000000d5d00000)
  to   space 1024K, 0% used [0x00000000d5b00000,0x00000000d5b00000,0x00000000d5c00000)
 ParOldGen       total 610816K, used 610652K [0x0000000080000000, 0x00000000a5480000, 0x00000000d5580000)
  object space 610816K, 99% used [0x0000000080000000,0x00000000a5457398,0x00000000a5480000)
 Metaspace       used 71076K, committed 72512K, reserved 1114112K
  class space    used 7328K, committed 7936K, reserved 1048576K
}
Event: 241.688 GC heap before
{Heap before GC invocations=638 (full 3):
 PSYoungGen      total 5632K, used 5130K [0x00000000d5580000, 0x00000000d5d00000, 0x0000000100000000)
  eden space 4608K, 100% used [0x00000000d5580000,0x00000000d5a00000,0x00000000d5a00000)
  from space 1024K, 51% used [0x00000000d5c00000,0x00000000d5c82910,0x00000000d5d00000)
  to   space 1024K, 0% used [0x00000000d5b00000,0x00000000d5b00000,0x00000000d5c00000)
 ParOldGen       total 610816K, used 610652K [0x0000000080000000, 0x00000000a5480000, 0x00000000d5580000)
  object space 610816K, 99% used [0x0000000080000000,0x00000000a5457398,0x00000000a5480000)
 Metaspace       used 71131K, committed 72640K, reserved 1114112K
  class space    used 7328K, committed 7936K, reserved 1048576K
}
Event: 241.699 GC heap after
{Heap after GC invocations=638 (full 3):
 PSYoungGen      total 5632K, used 372K [0x00000000d5580000, 0x00000000d5c80000, 0x0000000100000000)
  eden space 4608K, 0% used [0x00000000d5580000,0x00000000d5580000,0x00000000d5a00000)
  from space 1024K, 36% used [0x00000000d5b00000,0x00000000d5b5d200,0x00000000d5c00000)
  to   space 512K, 0% used [0x00000000d5c00000,0x00000000d5c00000,0x00000000d5c80000)
 ParOldGen       total 610816K, used 610708K [0x0000000080000000, 0x00000000a5480000, 0x00000000d5580000)
  object space 610816K, 99% used [0x0000000080000000,0x00000000a5465398,0x00000000a5480000)
 Metaspace       used 71131K, committed 72640K, reserved 1114112K
  class space    used 7328K, committed 7936K, reserved 1048576K
}
Event: 241.722 GC heap before
{Heap before GC invocations=639 (full 3):
 PSYoungGen      total 5632K, used 4980K [0x00000000d5580000, 0x00000000d5c80000, 0x0000000100000000)
  eden space 4608K, 100% used [0x00000000d5580000,0x00000000d5a00000,0x00000000d5a00000)
  from space 1024K, 36% used [0x00000000d5b00000,0x00000000d5b5d200,0x00000000d5c00000)
  to   space 512K, 0% used [0x00000000d5c00000,0x00000000d5c00000,0x00000000d5c80000)
 ParOldGen       total 610816K, used 610708K [0x0000000080000000, 0x00000000a5480000, 0x00000000d5580000)
  object space 610816K, 99% used [0x0000000080000000,0x00000000a5465398,0x00000000a5480000)
 Metaspace       used 71131K, committed 72640K, reserved 1114112K
  class space    used 7328K, committed 7936K, reserved 1048576K
}
Event: 241.730 GC heap after
{Heap after GC invocations=639 (full 3):
 PSYoungGen      total 5120K, used 496K [0x00000000d5580000, 0x00000000d5d00000, 0x0000000100000000)
  eden space 4608K, 0% used [0x00000000d5580000,0x00000000d5580000,0x00000000d5a00000)
  from space 512K, 96% used [0x00000000d5c00000,0x00000000d5c7c010,0x00000000d5c80000)
  to   space 1536K, 0% used [0x00000000d5a00000,0x00000000d5a00000,0x00000000d5b80000)
 ParOldGen       total 611328K, used 611210K [0x0000000080000000, 0x00000000a5500000, 0x00000000d5580000)
  object space 611328K, 99% used [0x0000000080000000,0x00000000a54e2a28,0x00000000a5500000)
 Metaspace       used 71131K, committed 72640K, reserved 1114112K
  class space    used 7328K, committed 7936K, reserved 1048576K
}
Event: 241.891 GC heap before
{Heap before GC invocations=640 (full 3):
 PSYoungGen      total 5120K, used 5104K [0x00000000d5580000, 0x00000000d5d00000, 0x0000000100000000)
  eden space 4608K, 100% used [0x00000000d5580000,0x00000000d5a00000,0x00000000d5a00000)
  from space 512K, 96% used [0x00000000d5c00000,0x00000000d5c7c010,0x00000000d5c80000)
  to   space 1536K, 0% used [0x00000000d5a00000,0x00000000d5a00000,0x00000000d5b80000)
 ParOldGen       total 611328K, used 611210K [0x0000000080000000, 0x00000000a5500000, 0x00000000d5580000)
  object space 611328K, 99% used [0x0000000080000000,0x00000000a54e2a28,0x00000000a5500000)
 Metaspace       used 71144K, committed 72640K, reserved 1114112K
  class space    used 7328K, committed 7936K, reserved 1048576K
}
Event: 241.897 GC heap after
{Heap after GC invocations=640 (full 3):
 PSYoungGen      total 6144K, used 820K [0x00000000d5580000, 0x00000000d5c80000, 0x0000000100000000)
  eden space 4608K, 0% used [0x00000000d5580000,0x00000000d5580000,0x00000000d5a00000)
  from space 1536K, 53% used [0x00000000d5a00000,0x00000000d5acd200,0x00000000d5b80000)
  to   space 1024K, 0% used [0x00000000d5b80000,0x00000000d5b80000,0x00000000d5c80000)
 ParOldGen       total 611840K, used 611658K [0x0000000080000000, 0x00000000a5580000, 0x00000000d5580000)
  object space 611840K, 99% used [0x0000000080000000,0x00000000a5552a38,0x00000000a5580000)
 Metaspace       used 71144K, committed 72640K, reserved 1114112K
  class space    used 7328K, committed 7936K, reserved 1048576K
}

